<?xml version="1.0" encoding="UTF-8"?>
<testsuite name="TestSuite" time="189.041" tests="43" errors="0" skipped="0" failures="6">
  <properties>
    <property name="java.runtime.name" value="Java(TM) SE Runtime Environment"/>
    <property name="sun.boot.library.path" value="C:\Program Files\Java\jdk1.8.0_201\jre\bin"/>
    <property name="java.vm.version" value="25.201-b09"/>
    <property name="java.vm.vendor" value="Oracle Corporation"/>
    <property name="java.vendor.url" value="http://java.oracle.com/"/>
    <property name="path.separator" value=";"/>
    <property name="guice.disable.misplaced.annotation.check" value="true"/>
    <property name="java.vm.name" value="Java HotSpot(TM) 64-Bit Server VM"/>
    <property name="file.encoding.pkg" value="sun.io"/>
    <property name="user.script" value=""/>
    <property name="user.country" value="IN"/>
    <property name="sun.java.launcher" value="SUN_STANDARD"/>
    <property name="sun.os.patch.level" value=""/>
    <property name="java.vm.specification.name" value="Java Virtual Machine Specification"/>
    <property name="user.dir" value="E:\shilpans\shilpa automation\iAuthSSODDF"/>
    <property name="java.runtime.version" value="1.8.0_201-b09"/>
    <property name="java.awt.graphicsenv" value="sun.awt.Win32GraphicsEnvironment"/>
    <property name="basedir" value="E:\shilpans\shilpa automation\iAuthSSODDF"/>
    <property name="java.endorsed.dirs" value="C:\Program Files\Java\jdk1.8.0_201\jre\lib\endorsed"/>
    <property name="os.arch" value="amd64"/>
    <property name="java.io.tmpdir" value="C:\Users\shilpans\AppData\Local\Temp\"/>
    <property name="line.separator" value="&#10;"/>
    <property name="java.vm.specification.vendor" value="Oracle Corporation"/>
    <property name="user.variant" value=""/>
    <property name="os.name" value="Windows 8.1"/>
    <property name="classworlds.conf" value="E:\shilpans\shilpa automation\.metadata\.plugins\org.eclipse.m2e.launching\launches\m2conf8207040148040641255.tmp"/>
    <property name="sun.jnu.encoding" value="Cp1252"/>
    <property name="java.library.path" value="C:\Program Files\Java\jdk1.8.0_201\bin;C:\Windows\Sun\Java\bin;C:\Windows\system32;C:\Windows;C:/Program Files/Java/jre1.8.0_201/bin/server;C:/Program Files/Java/jre1.8.0_201/bin;C:/Program Files/Java/jre1.8.0_201/lib/amd64;C:\Program Files (x86)\Common Files\Oracle\Java\javapath;C:\Windows\system32;C:\Windows;C:\Windows\System32\Wbem;C:\Windows\System32\WindowsPowerShell\v1.0\;C:\Program Files\Git\cmd;C:\Windows\system32\config\systemprofile\.dnx\bin;C:\Program Files\Microsoft DNX\Dnvm\;C:\Program Files\Microsoft SQL Server\130\Tools\Binn\;C:\Program Files (x86)\Microsoft SQL Server\Client SDK\ODBC\130\Tools\Binn\;C:\Program Files (x86)\Microsoft SQL Server\140\Tools\Binn\;C:\Program Files (x86)\Microsoft SQL Server\140\DTS\Binn\;C:\Program Files (x86)\Microsoft SQL Server\140\Tools\Binn\ManagementStudio\;C:\Program Files\Java\jdk1.8.0_201\bin;E:\shilpans\apache-maven-3.3.9-bin\apache-maven-3.3.9\bin;C:\Users\shilpans\AppData\Local\Programs\Python\Python36\Scripts\;C:\Users\shilpans\AppData\Local\Programs\Python\Python36\;E:\shilpans\eclipse-jee-luna-SR2-win32-x86_64\eclipse;;."/>
    <property name="surefire.test.class.path" value="E:\shilpans\shilpa automation\iAuthSSODDF\target\test-classes;E:\shilpans\shilpa automation\iAuthSSODDF\target\classes;C:\Users\shilpans\.m2\repository\org\seleniumhq\selenium\selenium-java\3.141.59\selenium-java-3.141.59.jar;C:\Users\shilpans\.m2\repository\org\seleniumhq\selenium\selenium-api\3.141.59\selenium-api-3.141.59.jar;C:\Users\shilpans\.m2\repository\org\seleniumhq\selenium\selenium-chrome-driver\3.141.59\selenium-chrome-driver-3.141.59.jar;C:\Users\shilpans\.m2\repository\org\seleniumhq\selenium\selenium-edge-driver\3.141.59\selenium-edge-driver-3.141.59.jar;C:\Users\shilpans\.m2\repository\org\seleniumhq\selenium\selenium-firefox-driver\3.141.59\selenium-firefox-driver-3.141.59.jar;C:\Users\shilpans\.m2\repository\org\seleniumhq\selenium\selenium-ie-driver\3.141.59\selenium-ie-driver-3.141.59.jar;C:\Users\shilpans\.m2\repository\org\seleniumhq\selenium\selenium-opera-driver\3.141.59\selenium-opera-driver-3.141.59.jar;C:\Users\shilpans\.m2\repository\org\seleniumhq\selenium\selenium-remote-driver\3.141.59\selenium-remote-driver-3.141.59.jar;C:\Users\shilpans\.m2\repository\org\seleniumhq\selenium\selenium-safari-driver\3.141.59\selenium-safari-driver-3.141.59.jar;C:\Users\shilpans\.m2\repository\org\seleniumhq\selenium\selenium-support\3.141.59\selenium-support-3.141.59.jar;C:\Users\shilpans\.m2\repository\net\bytebuddy\byte-buddy\1.8.15\byte-buddy-1.8.15.jar;C:\Users\shilpans\.m2\repository\org\apache\commons\commons-exec\1.3\commons-exec-1.3.jar;C:\Users\shilpans\.m2\repository\com\google\guava\guava\25.0-jre\guava-25.0-jre.jar;C:\Users\shilpans\.m2\repository\com\google\code\findbugs\jsr305\1.3.9\jsr305-1.3.9.jar;C:\Users\shilpans\.m2\repository\org\checkerframework\checker-compat-qual\2.0.0\checker-compat-qual-2.0.0.jar;C:\Users\shilpans\.m2\repository\com\google\errorprone\error_prone_annotations\2.1.3\error_prone_annotations-2.1.3.jar;C:\Users\shilpans\.m2\repository\com\google\j2objc\j2objc-annotations\1.1\j2objc-annotations-1.1.jar;C:\Users\shilpans\.m2\repository\org\codehaus\mojo\animal-sniffer-annotations\1.14\animal-sniffer-annotations-1.14.jar;C:\Users\shilpans\.m2\repository\com\squareup\okhttp3\okhttp\3.11.0\okhttp-3.11.0.jar;C:\Users\shilpans\.m2\repository\com\squareup\okio\okio\1.14.0\okio-1.14.0.jar;C:\Users\shilpans\.m2\repository\com\relevantcodes\extentreports\2.41.2\extentreports-2.41.2.jar;C:\Users\shilpans\.m2\repository\org\jsoup\jsoup\1.8.3\jsoup-1.8.3.jar;C:\Users\shilpans\.m2\repository\org\xerial\sqlite-jdbc\3.8.11.1\sqlite-jdbc-3.8.11.1.jar;C:\Users\shilpans\.m2\repository\org\freemarker\freemarker\2.3.23\freemarker-2.3.23.jar;C:\Users\shilpans\.m2\repository\org\mongodb\mongodb-driver\3.0.4\mongodb-driver-3.0.4.jar;C:\Users\shilpans\.m2\repository\org\mongodb\bson\3.0.4\bson-3.0.4.jar;C:\Users\shilpans\.m2\repository\org\mongodb\mongodb-driver-core\3.0.4\mongodb-driver-core-3.0.4.jar;C:\Users\shilpans\.m2\repository\log4j\log4j\1.2.17\log4j-1.2.17.jar;C:\Users\shilpans\.m2\repository\javax\mail\mail\1.4.7\mail-1.4.7.jar;C:\Users\shilpans\.m2\repository\javax\activation\activation\1.1\activation-1.1.jar;C:\Users\shilpans\.m2\repository\org\uncommons\reportng\1.1.4\reportng-1.1.4.jar;C:\Users\shilpans\.m2\repository\velocity\velocity\1.4\velocity-1.4.jar;C:\Users\shilpans\.m2\repository\velocity\velocity-dep\1.4\velocity-dep-1.4.jar;C:\Users\shilpans\.m2\repository\com\google\inject\guice\4.1.0\guice-4.1.0.jar;C:\Users\shilpans\.m2\repository\javax\inject\javax.inject\1\javax.inject-1.jar;C:\Users\shilpans\.m2\repository\aopalliance\aopalliance\1.0\aopalliance-1.0.jar;C:\Users\shilpans\.m2\repository\mysql\mysql-connector-java\6.0.5\mysql-connector-java-6.0.5.jar;C:\Users\shilpans\.m2\repository\org\apache\poi\poi\3.6\poi-3.6.jar;C:\Users\shilpans\.m2\repository\commons-logging\commons-logging\1.1\commons-logging-1.1.jar;C:\Users\shilpans\.m2\repository\logkit\logkit\1.0.1\logkit-1.0.1.jar;C:\Users\shilpans\.m2\repository\avalon-framework\avalon-framework\4.1.3\avalon-framework-4.1.3.jar;C:\Users\shilpans\.m2\repository\javax\servlet\servlet-api\2.3\servlet-api-2.3.jar;C:\Users\shilpans\.m2\repository\org\apache\poi\poi-ooxml\3.6\poi-ooxml-3.6.jar;C:\Users\shilpans\.m2\repository\dom4j\dom4j\1.1\dom4j-1.1.jar;C:\Users\shilpans\.m2\repository\org\apache\xmlbeans\xmlbeans\2.3.0\xmlbeans-2.3.0.jar;C:\Users\shilpans\.m2\repository\stax\stax-api\1.0.1\stax-api-1.0.1.jar;C:\Users\shilpans\.m2\repository\org\apache\poi\poi-ooxml-schemas\3.6\poi-ooxml-schemas-3.6.jar;C:\Users\shilpans\.m2\repository\org\apache\geronimo\specs\geronimo-stax-api_1.0_spec\1.0\geronimo-stax-api_1.0_spec-1.0.jar;C:\Users\shilpans\.m2\repository\org\testng\testng\6.11\testng-6.11.jar;C:\Users\shilpans\.m2\repository\com\beust\jcommander\1.64\jcommander-1.64.jar;C:\Users\shilpans\.m2\repository\org\yaml\snakeyaml\1.17\snakeyaml-1.17.jar;C:\Users\shilpans\.m2\repository\org\apache\maven\surefire\surefire-testng-utils\2.18.1\surefire-testng-utils-2.18.1.jar;C:\Users\shilpans\.m2\repository\org\apache\maven\surefire\surefire-grouper\2.18.1\surefire-grouper-2.18.1.jar;"/>
    <property name="java.specification.name" value="Java Platform API Specification"/>
    <property name="java.class.version" value="52.0"/>
    <property name="sun.management.compiler" value="HotSpot 64-Bit Tiered Compilers"/>
    <property name="os.version" value="6.3"/>
    <property name="user.home" value="C:\Users\shilpans"/>
    <property name="user.timezone" value="Asia/Calcutta"/>
    <property name="java.awt.printerjob" value="sun.awt.windows.WPrinterJob"/>
    <property name="java.specification.version" value="1.8"/>
    <property name="file.encoding" value="Cp1252"/>
    <property name="user.name" value="shilpans"/>
    <property name="java.class.path" value="/E:/shilpans/eclipse-jee-luna-SR2-win32-x86_64/eclipse/plugins/org.eclipse.m2e.maven.runtime_1.5.1.20150109-1819/jars/plexus-classworlds-2.5.1.jar"/>
    <property name="org.slf4j.simpleLogger.defaultLogLevel" value="info"/>
    <property name="java.vm.specification.version" value="1.8"/>
    <property name="sun.arch.data.model" value="64"/>
    <property name="java.home" value="C:\Program Files\Java\jdk1.8.0_201\jre"/>
    <property name="sun.java.command" value="org.codehaus.plexus.classworlds.launcher.Launcher -B test"/>
    <property name="java.specification.vendor" value="Oracle Corporation"/>
    <property name="user.language" value="en"/>
    <property name="awt.toolkit" value="sun.awt.windows.WToolkit"/>
    <property name="java.vm.info" value="mixed mode"/>
    <property name="java.version" value="1.8.0_201"/>
    <property name="java.ext.dirs" value="C:\Program Files\Java\jdk1.8.0_201\jre\lib\ext;C:\Windows\Sun\Java\lib\ext"/>
    <property name="sun.boot.class.path" value="C:\Program Files\Java\jdk1.8.0_201\jre\lib\resources.jar;C:\Program Files\Java\jdk1.8.0_201\jre\lib\rt.jar;C:\Program Files\Java\jdk1.8.0_201\jre\lib\sunrsasign.jar;C:\Program Files\Java\jdk1.8.0_201\jre\lib\jsse.jar;C:\Program Files\Java\jdk1.8.0_201\jre\lib\jce.jar;C:\Program Files\Java\jdk1.8.0_201\jre\lib\charsets.jar;C:\Program Files\Java\jdk1.8.0_201\jre\lib\jfr.jar;C:\Program Files\Java\jdk1.8.0_201\jre\classes"/>
    <property name="webdriver.chrome.driver" value="E:\shilpans\shilpa automation\iAuthSSODDF\src\test\resources\executables\chromedriver.exe"/>
    <property name="java.vendor" value="Oracle Corporation"/>
    <property name="maven.home" value="E:\shilpans\shilpa automation\iAuthSSODDF\EMBEDDED"/>
    <property name="org.uncommons.reportng.escape-output" value="false"/>
    <property name="localRepository" value="C:\Users\shilpans\.m2\repository"/>
    <property name="file.separator" value="\"/>
    <property name="java.vendor.url.bug" value="http://bugreport.sun.com/bugreport/"/>
    <property name="sun.cpu.endian" value="little"/>
    <property name="sun.io.unicode.encoding" value="UnicodeLittle"/>
    <property name="sun.desktop" value="windows"/>
    <property name="sun.cpu.isalist" value="amd64"/>
  </properties>
  <testcase name="loginTest" classname="work.myimss.test.testcases.LoginTest" time="22.043">
    <failure message="expected [true] but found [false]" type="java.lang.AssertionError">java.lang.AssertionError: expected [true] but found [false]
	at org.testng.Assert.fail(Assert.java:93)
	at org.testng.Assert.failNotEquals(Assert.java:512)
	at org.testng.Assert.assertTrue(Assert.java:41)
	at org.testng.Assert.assertTrue(Assert.java:51)
	at work.myimss.test.testcases.LoginTest.loginTest(LoginTest.java:46)
</failure>
    <system-err><![CDATA[log4j:WARN No appenders could be found for logger (devpinoyLogger).
log4j:WARN Please initialize the log4j system properly.
log4j:WARN See http://logging.apache.org/log4j/1.2/faq.html#noconfig for more info.
Starting ChromeDriver 77.0.3865.40 (f484704e052e0b556f8030b65b953dce96503217-refs/branch-heads/3865@{#442}) on port 21264
Only local connections are allowed.
Please protect ports used by ChromeDriver and related test frameworks to prevent access by malicious code.
[1573462614.638][WARNING]: This version of ChromeDriver has not been tested with Chrome version 78.
Nov 11, 2019 2:26:56 PM org.openqa.selenium.remote.ProtocolHandshake createSession
INFO: Detected dialect: W3C
]]></system-err>
  </testcase>
  <testcase name="loginTest" classname="work.myimss.test.testcases.LoginTest" time="21.954">
    <failure message="expected [true] but found [false]" type="java.lang.AssertionError">java.lang.AssertionError: expected [true] but found [false]
	at org.testng.Assert.fail(Assert.java:93)
	at org.testng.Assert.failNotEquals(Assert.java:512)
	at org.testng.Assert.assertTrue(Assert.java:41)
	at org.testng.Assert.assertTrue(Assert.java:51)
	at work.myimss.test.testcases.LoginTest.loginTest(LoginTest.java:46)
</failure>
  </testcase>
  <testcase name="loginTest" classname="work.myimss.test.testcases.LoginTest" time="23.476">
    <failure message="no such element: Unable to locate element: {&quot;method&quot;:&quot;xpath&quot;,&quot;selector&quot;:&quot;//button[@id=&apos;modalok&apos;]&quot;}&#10;  (Session info: chrome=78.0.3904.87)&#10;For documentation on this error, please visit: https://www.seleniumhq.org/exceptions/no_such_element.html&#10;Build info: version: &apos;3.141.59&apos;, revision: &apos;e82be7d358&apos;, time: &apos;2018-11-14T08:17:03&apos;&#10;System info: host: &apos;IMSS-JKR-CPU-31&apos;, ip: &apos;172.16.1.64&apos;, os.name: &apos;Windows 8.1&apos;, os.arch: &apos;amd64&apos;, os.version: &apos;6.3&apos;, java.version: &apos;1.8.0_201&apos;&#10;Driver info: org.openqa.selenium.chrome.ChromeDriver&#10;Capabilities {acceptInsecureCerts: false, browserName: chrome, browserVersion: 78.0.3904.87, chrome: {chromedriverVersion: 77.0.3865.40 (f484704e052e0..., userDataDir: C:\Users\shilpans\AppData\L...}, goog:chromeOptions: {debuggerAddress: localhost:61508}, javascriptEnabled: true, networkConnectionEnabled: false, pageLoadStrategy: normal, platform: XP, platformName: XP, proxy: Proxy(), setWindowRect: true, strictFileInteractability: false, timeouts: {implicit: 0, pageLoad: 300000, script: 30000}, unhandledPromptBehavior: dismiss and notify}&#10;Session ID: 55bbc754725c8025503151a503e6c05d&#10;*** Element info: {Using=xpath, value=//button[@id=&apos;modalok&apos;]}" type="org.openqa.selenium.NoSuchElementException">org.openqa.selenium.NoSuchElementException: no such element: Unable to locate element: {"method":"xpath","selector":"//button[@id='modalok']"}
  (Session info: chrome=78.0.3904.87)
For documentation on this error, please visit: https://www.seleniumhq.org/exceptions/no_such_element.html
Build info: version: '3.141.59', revision: 'e82be7d358', time: '2018-11-14T08:17:03'
System info: host: 'IMSS-JKR-CPU-31', ip: '172.16.1.64', os.name: 'Windows 8.1', os.arch: 'amd64', os.version: '6.3', java.version: '1.8.0_201'
Driver info: org.openqa.selenium.chrome.ChromeDriver
Capabilities {acceptInsecureCerts: false, browserName: chrome, browserVersion: 78.0.3904.87, chrome: {chromedriverVersion: 77.0.3865.40 (f484704e052e0..., userDataDir: C:\Users\shilpans\AppData\L...}, goog:chromeOptions: {debuggerAddress: localhost:61508}, javascriptEnabled: true, networkConnectionEnabled: false, pageLoadStrategy: normal, platform: XP, platformName: XP, proxy: Proxy(), setWindowRect: true, strictFileInteractability: false, timeouts: {implicit: 0, pageLoad: 300000, script: 30000}, unhandledPromptBehavior: dismiss and notify}
Session ID: 55bbc754725c8025503151a503e6c05d
*** Element info: {Using=xpath, value=//button[@id='modalok']}
	at sun.reflect.NativeConstructorAccessorImpl.newInstance0(Native Method)
	at sun.reflect.NativeConstructorAccessorImpl.newInstance(NativeConstructorAccessorImpl.java:62)
	at sun.reflect.DelegatingConstructorAccessorImpl.newInstance(DelegatingConstructorAccessorImpl.java:45)
	at java.lang.reflect.Constructor.newInstance(Constructor.java:423)
	at org.openqa.selenium.remote.http.W3CHttpResponseCodec.createException(W3CHttpResponseCodec.java:187)
	at org.openqa.selenium.remote.http.W3CHttpResponseCodec.decode(W3CHttpResponseCodec.java:122)
	at org.openqa.selenium.remote.http.W3CHttpResponseCodec.decode(W3CHttpResponseCodec.java:49)
	at org.openqa.selenium.remote.HttpCommandExecutor.execute(HttpCommandExecutor.java:158)
	at org.openqa.selenium.remote.service.DriverCommandExecutor.execute(DriverCommandExecutor.java:83)
	at org.openqa.selenium.remote.RemoteWebDriver.execute(RemoteWebDriver.java:552)
	at org.openqa.selenium.remote.RemoteWebDriver.findElement(RemoteWebDriver.java:323)
	at org.openqa.selenium.remote.RemoteWebDriver.findElementByXPath(RemoteWebDriver.java:428)
	at org.openqa.selenium.By$ByXPath.findElement(By.java:353)
	at org.openqa.selenium.remote.RemoteWebDriver.findElement(RemoteWebDriver.java:315)
	at work.myimss.test.testcases.LoginTest.loginTest(LoginTest.java:39)
</failure>
  </testcase>
  <testcase name="loginTest" classname="work.myimss.test.testcases.LoginTest" time="23.926">
    <failure message="no such element: Unable to locate element: {&quot;method&quot;:&quot;xpath&quot;,&quot;selector&quot;:&quot;//button[@id=&apos;modalok&apos;]&quot;}&#10;  (Session info: chrome=78.0.3904.87)&#10;For documentation on this error, please visit: https://www.seleniumhq.org/exceptions/no_such_element.html&#10;Build info: version: &apos;3.141.59&apos;, revision: &apos;e82be7d358&apos;, time: &apos;2018-11-14T08:17:03&apos;&#10;System info: host: &apos;IMSS-JKR-CPU-31&apos;, ip: &apos;172.16.1.64&apos;, os.name: &apos;Windows 8.1&apos;, os.arch: &apos;amd64&apos;, os.version: &apos;6.3&apos;, java.version: &apos;1.8.0_201&apos;&#10;Driver info: org.openqa.selenium.chrome.ChromeDriver&#10;Capabilities {acceptInsecureCerts: false, browserName: chrome, browserVersion: 78.0.3904.87, chrome: {chromedriverVersion: 77.0.3865.40 (f484704e052e0..., userDataDir: C:\Users\shilpans\AppData\L...}, goog:chromeOptions: {debuggerAddress: localhost:61508}, javascriptEnabled: true, networkConnectionEnabled: false, pageLoadStrategy: normal, platform: XP, platformName: XP, proxy: Proxy(), setWindowRect: true, strictFileInteractability: false, timeouts: {implicit: 0, pageLoad: 300000, script: 30000}, unhandledPromptBehavior: dismiss and notify}&#10;Session ID: 55bbc754725c8025503151a503e6c05d&#10;*** Element info: {Using=xpath, value=//button[@id=&apos;modalok&apos;]}" type="org.openqa.selenium.NoSuchElementException">org.openqa.selenium.NoSuchElementException: no such element: Unable to locate element: {"method":"xpath","selector":"//button[@id='modalok']"}
  (Session info: chrome=78.0.3904.87)
For documentation on this error, please visit: https://www.seleniumhq.org/exceptions/no_such_element.html
Build info: version: '3.141.59', revision: 'e82be7d358', time: '2018-11-14T08:17:03'
System info: host: 'IMSS-JKR-CPU-31', ip: '172.16.1.64', os.name: 'Windows 8.1', os.arch: 'amd64', os.version: '6.3', java.version: '1.8.0_201'
Driver info: org.openqa.selenium.chrome.ChromeDriver
Capabilities {acceptInsecureCerts: false, browserName: chrome, browserVersion: 78.0.3904.87, chrome: {chromedriverVersion: 77.0.3865.40 (f484704e052e0..., userDataDir: C:\Users\shilpans\AppData\L...}, goog:chromeOptions: {debuggerAddress: localhost:61508}, javascriptEnabled: true, networkConnectionEnabled: false, pageLoadStrategy: normal, platform: XP, platformName: XP, proxy: Proxy(), setWindowRect: true, strictFileInteractability: false, timeouts: {implicit: 0, pageLoad: 300000, script: 30000}, unhandledPromptBehavior: dismiss and notify}
Session ID: 55bbc754725c8025503151a503e6c05d
*** Element info: {Using=xpath, value=//button[@id='modalok']}
	at sun.reflect.NativeConstructorAccessorImpl.newInstance0(Native Method)
	at sun.reflect.NativeConstructorAccessorImpl.newInstance(NativeConstructorAccessorImpl.java:62)
	at sun.reflect.DelegatingConstructorAccessorImpl.newInstance(DelegatingConstructorAccessorImpl.java:45)
	at java.lang.reflect.Constructor.newInstance(Constructor.java:423)
	at org.openqa.selenium.remote.http.W3CHttpResponseCodec.createException(W3CHttpResponseCodec.java:187)
	at org.openqa.selenium.remote.http.W3CHttpResponseCodec.decode(W3CHttpResponseCodec.java:122)
	at org.openqa.selenium.remote.http.W3CHttpResponseCodec.decode(W3CHttpResponseCodec.java:49)
	at org.openqa.selenium.remote.HttpCommandExecutor.execute(HttpCommandExecutor.java:158)
	at org.openqa.selenium.remote.service.DriverCommandExecutor.execute(DriverCommandExecutor.java:83)
	at org.openqa.selenium.remote.RemoteWebDriver.execute(RemoteWebDriver.java:552)
	at org.openqa.selenium.remote.RemoteWebDriver.findElement(RemoteWebDriver.java:323)
	at org.openqa.selenium.remote.RemoteWebDriver.findElementByXPath(RemoteWebDriver.java:428)
	at org.openqa.selenium.By$ByXPath.findElement(By.java:353)
	at org.openqa.selenium.remote.RemoteWebDriver.findElement(RemoteWebDriver.java:315)
	at work.myimss.test.testcases.LoginTest.loginTest(LoginTest.java:39)
</failure>
  </testcase>
  <testcase name="myimssAdminTest" classname="work.myimss.test.testcases.MyimssAdminTest" time="1.972"/>
  <testcase name="administrationTest" classname="work.myimss.test.testcases.AdministrationTest" time="0.369"/>
  <testcase name="roleManagementAdministrationTest" classname="work.myimss.test.testcases.RoleManagementAdministrationTest" time="2.128"/>
  <testcase name="createRoleTest" classname="work.myimss.test.testcases.CreateRoleTest" time="5.157"/>
  <testcase name="roleAdvancedSearchTest" classname="work.myimss.test.testcases.RoleAdvancedSearchTest" time="1.898"/>
  <testcase name="roleEditTest" classname="work.myimss.test.testcases.RoleEditTest" time="5.304"/>
  <testcase name="roleDeleteTest" classname="work.myimss.test.testcases.RoleDeleteTest" time="4.048"/>
  <testcase name="userManagementAdministrationTest" classname="work.myimss.test.testcases.UserManagementAdministrationTest" time="3.083"/>
  <testcase name="userAdvancedSearchTest" classname="work.myimss.test.testcases.UserAdvancedSearchTest" time="2.099"/>
  <testcase name="userEditTest" classname="work.myimss.test.testcases.UserEditTest" time="4.218"/>
  <testcase name="applicationConfigurationAdministrationTest" classname="work.myimss.test.testcases.ApplicationConfigurationAdministrationTest" time="1.741"/>
  <testcase name="appConfigAdvancedSearchTest" classname="work.myimss.test.testcases.AppConfigAdvancedSearchTest" time="2.819"/>
  <testcase name="appConfigEditTest" classname="work.myimss.test.testcases.AppConfigEditTest" time="4.169"/>
  <testcase name="mainMenuSkillsTest" classname="work.myimss.test.testcases.MainMenuTest" time="3.18"/>
  <testcase name="sepAdministrationTest" classname="work.myimss.test.testcases.SepAdministrationTest" time="0.633"/>
  <testcase name="sepApplicationConfigTest" classname="work.myimss.test.testcases.SepApplicationConfigTest" time="2.676"/>
  <testcase name="sepAppConfigAdvancedSearchTest" classname="work.myimss.test.testcases.SepAppConfigAdvancedSearchTest" time="2.719"/>
  <testcase name="sepAppConfigEditTest" classname="work.myimss.test.testcases.SepAppConfigEditTest" time="3.894"/>
  <testcase name="sepLangSubCategoryTest" classname="work.myimss.test.testcases.SepLangSubCategoryTest" time="2.134"/>
  <testcase name="sepCreateLangSubCategoryTest" classname="work.myimss.test.testcases.SepCreateLangSubCategoryTest" time="3.988"/>
  <testcase name="sepLangAdvancedSearchTest" classname="work.myimss.test.testcases.SepLangAdvancedSearchTest" time="2.123"/>
  <testcase name="sepLangEditTest" classname="work.myimss.test.testcases.SepLangEditTest" time="4.006"/>
  <testcase name="sepLangDeleteTest" classname="work.myimss.test.testcases.SepLangDeleteTest" time="3.394"/>
  <testcase name="sepEvaluationTest" classname="work.myimss.test.testcases.SepEvaluationTest" time="0.325"/>
  <testcase name="sepEvaluationRequestTest" classname="work.myimss.test.testcases.SepEvaluationRequestTest" time="2.382"/>
  <testcase name="sepCreateTestRequestTest" classname="work.myimss.test.testcases.SepCreateTestRequestTest" time="7.829"/>
  <testcase name="sepAssignTest" classname="work.myimss.test.testcases.SepAssignTest" time="6.532"/>
  <testcase name="sepViewAssignedCandidatesResultsTest" classname="work.myimss.test.testcases.SepViewAssignedCandidatesResultsTest" time="9.288"/>
  <testcase name="sepDefineEvaluationTest" classname="work.myimss.test.testcases.SepDefineEvaluationTest" time="1.642"/>
  <testcase name="sepDefineSectionTest" classname="work.myimss.test.testcases.SepDefineSectionTest" time="9.022"/>
  <testcase name="sepQuestionManagementTest" classname="work.myimss.test.testcases.SepQuestionManagementTest" time="2.152"/>
  <testcase name="sepSubmitQuestionTest" classname="work.myimss.test.testcases.SepSubmitQuestionTest" time="12.043"/>
  <testcase name="sepSubmitQuestionTest" classname="work.myimss.test.testcases.SepSubmitQuestionTest" time="12.175"/>
  <testcase name="sepSubmitQuestionTest" classname="work.myimss.test.testcases.SepSubmitQuestionTest" time="18.971"/>
  <testcase name="sepQuestionApprovalTest" classname="work.myimss.test.testcases.SepQuestionApprovalTest" time="1.738"/>
  <testcase name="sepApproveQuestionTest" classname="work.myimss.test.testcases.SepApproveQuestionTest" time="20.097">
    <failure message="no such element: Unable to locate element: {&quot;method&quot;:&quot;xpath&quot;,&quot;selector&quot;:&quot;//tr[2]//td[6]//a[1]//i[1]&quot;}&#10;  (Session info: chrome=78.0.3904.87)&#10;For documentation on this error, please visit: https://www.seleniumhq.org/exceptions/no_such_element.html&#10;Build info: version: &apos;3.141.59&apos;, revision: &apos;e82be7d358&apos;, time: &apos;2018-11-14T08:17:03&apos;&#10;System info: host: &apos;IMSS-JKR-CPU-31&apos;, ip: &apos;172.16.1.64&apos;, os.name: &apos;Windows 8.1&apos;, os.arch: &apos;amd64&apos;, os.version: &apos;6.3&apos;, java.version: &apos;1.8.0_201&apos;&#10;Driver info: org.openqa.selenium.chrome.ChromeDriver&#10;Capabilities {acceptInsecureCerts: false, browserName: chrome, browserVersion: 78.0.3904.87, chrome: {chromedriverVersion: 77.0.3865.40 (f484704e052e0..., userDataDir: C:\Users\shilpans\AppData\L...}, goog:chromeOptions: {debuggerAddress: localhost:61508}, javascriptEnabled: true, networkConnectionEnabled: false, pageLoadStrategy: normal, platform: XP, platformName: XP, proxy: Proxy(), setWindowRect: true, strictFileInteractability: false, timeouts: {implicit: 0, pageLoad: 300000, script: 30000}, unhandledPromptBehavior: dismiss and notify}&#10;Session ID: 55bbc754725c8025503151a503e6c05d&#10;*** Element info: {Using=xpath, value=//tr[2]//td[6]//a[1]//i[1]}" type="org.openqa.selenium.NoSuchElementException">org.openqa.selenium.NoSuchElementException: no such element: Unable to locate element: {"method":"xpath","selector":"//tr[2]//td[6]//a[1]//i[1]"}
  (Session info: chrome=78.0.3904.87)
For documentation on this error, please visit: https://www.seleniumhq.org/exceptions/no_such_element.html
Build info: version: '3.141.59', revision: 'e82be7d358', time: '2018-11-14T08:17:03'
System info: host: 'IMSS-JKR-CPU-31', ip: '172.16.1.64', os.name: 'Windows 8.1', os.arch: 'amd64', os.version: '6.3', java.version: '1.8.0_201'
Driver info: org.openqa.selenium.chrome.ChromeDriver
Capabilities {acceptInsecureCerts: false, browserName: chrome, browserVersion: 78.0.3904.87, chrome: {chromedriverVersion: 77.0.3865.40 (f484704e052e0..., userDataDir: C:\Users\shilpans\AppData\L...}, goog:chromeOptions: {debuggerAddress: localhost:61508}, javascriptEnabled: true, networkConnectionEnabled: false, pageLoadStrategy: normal, platform: XP, platformName: XP, proxy: Proxy(), setWindowRect: true, strictFileInteractability: false, timeouts: {implicit: 0, pageLoad: 300000, script: 30000}, unhandledPromptBehavior: dismiss and notify}
Session ID: 55bbc754725c8025503151a503e6c05d
*** Element info: {Using=xpath, value=//tr[2]//td[6]//a[1]//i[1]}
	at sun.reflect.NativeConstructorAccessorImpl.newInstance0(Native Method)
	at sun.reflect.NativeConstructorAccessorImpl.newInstance(NativeConstructorAccessorImpl.java:62)
	at sun.reflect.DelegatingConstructorAccessorImpl.newInstance(DelegatingConstructorAccessorImpl.java:45)
	at java.lang.reflect.Constructor.newInstance(Constructor.java:423)
	at org.openqa.selenium.remote.http.W3CHttpResponseCodec.createException(W3CHttpResponseCodec.java:187)
	at org.openqa.selenium.remote.http.W3CHttpResponseCodec.decode(W3CHttpResponseCodec.java:122)
	at org.openqa.selenium.remote.http.W3CHttpResponseCodec.decode(W3CHttpResponseCodec.java:49)
	at org.openqa.selenium.remote.HttpCommandExecutor.execute(HttpCommandExecutor.java:158)
	at org.openqa.selenium.remote.service.DriverCommandExecutor.execute(DriverCommandExecutor.java:83)
	at org.openqa.selenium.remote.RemoteWebDriver.execute(RemoteWebDriver.java:552)
	at org.openqa.selenium.remote.RemoteWebDriver.findElement(RemoteWebDriver.java:323)
	at org.openqa.selenium.remote.RemoteWebDriver.findElementByXPath(RemoteWebDriver.java:428)
	at org.openqa.selenium.By$ByXPath.findElement(By.java:353)
	at org.openqa.selenium.remote.RemoteWebDriver.findElement(RemoteWebDriver.java:315)
	at work.myimss.test.base.TestBase.click(TestBase.java:98)
	at work.myimss.test.testcases.SepApproveQuestionTest.sepApproveQuestionTest(SepApproveQuestionTest.java:20)
</failure>
  </testcase>
  <testcase name="sepReportsTest" classname="work.myimss.test.testcases.SepReportsTest" time="0.273"/>
  <testcase name="sepAuditDetailsTest" classname="work.myimss.test.testcases.SepAuditDetailsTest" time="14.011"/>
  <testcase name="sepEvaluationResultsTest" classname="work.myimss.test.testcases.SepEvaluationResultsTest" time="11.912">
    <failure message="element not interactable: Element is not currently visible and may not be manipulated&#10;  (Session info: chrome=78.0.3904.87)&#10;Build info: version: &apos;3.141.59&apos;, revision: &apos;e82be7d358&apos;, time: &apos;2018-11-14T08:17:03&apos;&#10;System info: host: &apos;IMSS-JKR-CPU-31&apos;, ip: &apos;172.16.1.64&apos;, os.name: &apos;Windows 8.1&apos;, os.arch: &apos;amd64&apos;, os.version: &apos;6.3&apos;, java.version: &apos;1.8.0_201&apos;&#10;Driver info: org.openqa.selenium.chrome.ChromeDriver&#10;Capabilities {acceptInsecureCerts: false, browserName: chrome, browserVersion: 78.0.3904.87, chrome: {chromedriverVersion: 77.0.3865.40 (f484704e052e0..., userDataDir: C:\Users\shilpans\AppData\L...}, goog:chromeOptions: {debuggerAddress: localhost:61508}, javascriptEnabled: true, networkConnectionEnabled: false, pageLoadStrategy: normal, platform: XP, platformName: XP, proxy: Proxy(), setWindowRect: true, strictFileInteractability: false, timeouts: {implicit: 0, pageLoad: 300000, script: 30000}, unhandledPromptBehavior: dismiss and notify}&#10;Session ID: 55bbc754725c8025503151a503e6c05d" type="org.openqa.selenium.ElementNotInteractableException">org.openqa.selenium.ElementNotInteractableException: element not interactable: Element is not currently visible and may not be manipulated
  (Session info: chrome=78.0.3904.87)
Build info: version: '3.141.59', revision: 'e82be7d358', time: '2018-11-14T08:17:03'
System info: host: 'IMSS-JKR-CPU-31', ip: '172.16.1.64', os.name: 'Windows 8.1', os.arch: 'amd64', os.version: '6.3', java.version: '1.8.0_201'
Driver info: org.openqa.selenium.chrome.ChromeDriver
Capabilities {acceptInsecureCerts: false, browserName: chrome, browserVersion: 78.0.3904.87, chrome: {chromedriverVersion: 77.0.3865.40 (f484704e052e0..., userDataDir: C:\Users\shilpans\AppData\L...}, goog:chromeOptions: {debuggerAddress: localhost:61508}, javascriptEnabled: true, networkConnectionEnabled: false, pageLoadStrategy: normal, platform: XP, platformName: XP, proxy: Proxy(), setWindowRect: true, strictFileInteractability: false, timeouts: {implicit: 0, pageLoad: 300000, script: 30000}, unhandledPromptBehavior: dismiss and notify}
Session ID: 55bbc754725c8025503151a503e6c05d
	at sun.reflect.NativeConstructorAccessorImpl.newInstance0(Native Method)
	at sun.reflect.NativeConstructorAccessorImpl.newInstance(NativeConstructorAccessorImpl.java:62)
	at sun.reflect.DelegatingConstructorAccessorImpl.newInstance(DelegatingConstructorAccessorImpl.java:45)
	at java.lang.reflect.Constructor.newInstance(Constructor.java:423)
	at org.openqa.selenium.remote.http.W3CHttpResponseCodec.createException(W3CHttpResponseCodec.java:187)
	at org.openqa.selenium.remote.http.W3CHttpResponseCodec.decode(W3CHttpResponseCodec.java:122)
	at org.openqa.selenium.remote.http.W3CHttpResponseCodec.decode(W3CHttpResponseCodec.java:49)
	at org.openqa.selenium.remote.HttpCommandExecutor.execute(HttpCommandExecutor.java:158)
	at org.openqa.selenium.remote.service.DriverCommandExecutor.execute(DriverCommandExecutor.java:83)
	at org.openqa.selenium.remote.RemoteWebDriver.execute(RemoteWebDriver.java:552)
	at org.openqa.selenium.remote.RemoteWebElement.execute(RemoteWebElement.java:285)
	at org.openqa.selenium.remote.RemoteWebElement.click(RemoteWebElement.java:84)
	at org.openqa.selenium.support.ui.Select.setSelected(Select.java:311)
	at org.openqa.selenium.support.ui.Select.selectByVisibleText(Select.java:116)
	at work.myimss.test.base.TestBase.select(TestBase.java:203)
	at work.myimss.test.testcases.SepEvaluationResultsTest.sepEvaluationResultsTest(SepEvaluationResultsTest.java:22)
</failure>
  </testcase>
</testsuite>