<?xml version="1.0" encoding="UTF-8"?>
<testng-results skipped="0" failed="6" ignored="0" total="43" passed="37">
  <reporter-output>
    <line>
      <![CDATA[Click to see Screenshot]]>
    </line>
    <line>
      <![CDATA[<a target="_blank" href=Mon_Nov_11_14_27_23_IST_2019.jpg>Screenshot</a>]]>
    </line>
    <line>
      <![CDATA[<br>]]>
    </line>
    <line>
      <![CDATA[<br>]]>
    </line>
    <line>
      <![CDATA[<a target="_blank" href=Mon_Nov_11_14_27_23_IST_2019.jpg><img src=Mon_Nov_11_14_27_23_IST_2019.jpg height=200 width=200></img></a>]]>
    </line>
    <line>
      <![CDATA[Click to see Screenshot]]>
    </line>
    <line>
      <![CDATA[<a target="_blank" href=Mon_Nov_11_14_27_46_IST_2019.jpg>Screenshot</a>]]>
    </line>
    <line>
      <![CDATA[<br>]]>
    </line>
    <line>
      <![CDATA[<br>]]>
    </line>
    <line>
      <![CDATA[<a target="_blank" href=Mon_Nov_11_14_27_46_IST_2019.jpg><img src=Mon_Nov_11_14_27_46_IST_2019.jpg height=200 width=200></img></a>]]>
    </line>
    <line>
      <![CDATA[Click to see Screenshot]]>
    </line>
    <line>
      <![CDATA[<a target="_blank" href=Mon_Nov_11_14_28_10_IST_2019.jpg>Screenshot</a>]]>
    </line>
    <line>
      <![CDATA[<br>]]>
    </line>
    <line>
      <![CDATA[<br>]]>
    </line>
    <line>
      <![CDATA[<a target="_blank" href=Mon_Nov_11_14_28_10_IST_2019.jpg><img src=Mon_Nov_11_14_28_10_IST_2019.jpg height=200 width=200></img></a>]]>
    </line>
    <line>
      <![CDATA[Click to see Screenshot]]>
    </line>
    <line>
      <![CDATA[<a target="_blank" href=Mon_Nov_11_14_28_34_IST_2019.jpg>Screenshot</a>]]>
    </line>
    <line>
      <![CDATA[<br>]]>
    </line>
    <line>
      <![CDATA[<br>]]>
    </line>
    <line>
      <![CDATA[<a target="_blank" href=Mon_Nov_11_14_28_34_IST_2019.jpg><img src=Mon_Nov_11_14_28_34_IST_2019.jpg height=200 width=200></img></a>]]>
    </line>
    <line>
      <![CDATA[MyimssAdminTest Successfully executed!!!!!!!!!!]]>
    </line>
    <line>
      <![CDATA[AdministrationTest Successfully executed!!!!!!!!!!]]>
    </line>
    <line>
      <![CDATA[RoleManagementAdministrationTest Successfully executed!!!!!!!!!!]]>
    </line>
    <line>
      <![CDATA[CreateRoleTest Successfully executed!!!!!!!!!!]]>
    </line>
    <line>
      <![CDATA[RoleAdvancedSearchTest Successfully executed!!!!!!!!!!]]>
    </line>
    <line>
      <![CDATA[RoleEditTest Successfully executed!!!!!!!!!!]]>
    </line>
    <line>
      <![CDATA[RoleDeleteTest Successfully executed!!!!!!!!!!]]>
    </line>
    <line>
      <![CDATA[UserManagementAdministration Test Successfully executed]]>
    </line>
    <line>
      <![CDATA[userAdvancedSearchTest Successfully executed]]>
    </line>
    <line>
      <![CDATA[UserAdvancedSearchTest Successfully executed!!!!!!!!!!]]>
    </line>
    <line>
      <![CDATA[UserEditTest Successfully executed!!!!!!!!!!]]>
    </line>
    <line>
      <![CDATA[ApplicationConfigurationAdministrationTest Succefully executed]]>
    </line>
    <line>
      <![CDATA[appConfigAdvancedSearchTest Successfully executed!!!!!!!!!!]]>
    </line>
    <line>
      <![CDATA[appConfigEditTest Successfully executed!!!!!!!!!!]]>
    </line>
    <line>
      <![CDATA[Successfully executed MainMenuTest]]>
    </line>
    <line>
      <![CDATA[SepAdministrationTest Successfully executed!!!!!!!!!!]]>
    </line>
    <line>
      <![CDATA[SepApplicationConfigTest Succefully executed]]>
    </line>
    <line>
      <![CDATA[SepAppConfigAdvancedSearchTest Successfully executed!!!!!!!!!!]]>
    </line>
    <line>
      <![CDATA[SepAppConfigEditTest Successfully executed!!!!!!!!!!]]>
    </line>
    <line>
      <![CDATA[SepLangSubCategoryTest Successfully executed]]>
    </line>
    <line>
      <![CDATA[SepCreateLangSubCategory Successfully executed!!!!!!!!!!]]>
    </line>
    <line>
      <![CDATA[SepLangAdvancedSearchTest Successfully executed!!!!!!!!!!]]>
    </line>
    <line>
      <![CDATA[SepLangEditTest Successfully executed!!!!!!!!!!]]>
    </line>
    <line>
      <![CDATA[SepLangDeleteTest Successfully executed!!!!!!!!!!]]>
    </line>
    <line>
      <![CDATA[SepEvaluationTest Successfully executed!!!!!!!!!!]]>
    </line>
    <line>
      <![CDATA[SepEvaluationRequestTest Successfully executed!!!!!!!!!!]]>
    </line>
    <line>
      <![CDATA[SepCreateTestRequestTest Successfully executed!!!!!!!!!!]]>
    </line>
    <line>
      <![CDATA[SepAssignTest Successfully executed!!!!!!!!!!]]>
    </line>
    <line>
      <![CDATA[SepViewAssignedCandidatesResultsTest Successfully executed!!!!!!!!!!]]>
    </line>
    <line>
      <![CDATA[SepDefineEvaluationTest Successfully executed!!!!!!!!!!]]>
    </line>
    <line>
      <![CDATA[SepDefineSectionTest Successfully executed!!!!!!!!!!]]>
    </line>
    <line>
      <![CDATA[SepQuestionManagementTest Successfully executed!!!!!!!!!!]]>
    </line>
    <line>
      <![CDATA[SepSubmitQuestionTest Successfully executed!!!!!!!!!!]]>
    </line>
    <line>
      <![CDATA[SepSubmitQuestionTest Successfully executed!!!!!!!!!!]]>
    </line>
    <line>
      <![CDATA[SepSubmitQuestionTest Successfully executed!!!!!!!!!!]]>
    </line>
    <line>
      <![CDATA[SepQuestionApprovalTest Successfully executed!!!!!!!!!!]]>
    </line>
    <line>
      <![CDATA[Click to see Screenshot]]>
    </line>
    <line>
      <![CDATA[<a target="_blank" href=Mon_Nov_11_14_31_29_IST_2019.jpg>Screenshot</a>]]>
    </line>
    <line>
      <![CDATA[<br>]]>
    </line>
    <line>
      <![CDATA[<br>]]>
    </line>
    <line>
      <![CDATA[<a target="_blank" href=Mon_Nov_11_14_31_29_IST_2019.jpg><img src=Mon_Nov_11_14_31_29_IST_2019.jpg height=200 width=200></img></a>]]>
    </line>
    <line>
      <![CDATA[SepReportsTest Successfully executed!!!!!!!!!!]]>
    </line>
    <line>
      <![CDATA[SepAuditDetailsTest Successfully executed!!!!!!!!!!]]>
    </line>
    <line>
      <![CDATA[Click to see Screenshot]]>
    </line>
    <line>
      <![CDATA[<a target="_blank" href=Mon_Nov_11_14_31_56_IST_2019.jpg>Screenshot</a>]]>
    </line>
    <line>
      <![CDATA[<br>]]>
    </line>
    <line>
      <![CDATA[<br>]]>
    </line>
    <line>
      <![CDATA[<a target="_blank" href=Mon_Nov_11_14_31_56_IST_2019.jpg><img src=Mon_Nov_11_14_31_56_IST_2019.jpg height=200 width=200></img></a>]]>
    </line>
  </reporter-output>
  <suite name="Data Driven Basics" duration-ms="295672" started-at="2019-11-11T08:57:00Z" finished-at="2019-11-11T09:01:56Z">
    <groups>
    </groups>
    <test name="Login Test" duration-ms="94165" started-at="2019-11-11T08:57:00Z" finished-at="2019-11-11T08:58:34Z">
      <class name="work.myimss.test.testcases.LoginTest">
        <test-method status="FAIL" signature="loginTest(java.util.Hashtable)[pri:0, instance:work.myimss.test.testcases.LoginTest@670ce331]" name="loginTest" duration-ms="22042" started-at="2019-11-11T14:27:00Z" data-provider="dp" finished-at="2019-11-11T14:27:22Z">
          <params>
            <param index="0">
              <value>
                <![CDATA[{password=narendramodi, username=}]]>
              </value>
            </param>
          </params>
          <exception class="java.lang.AssertionError">
            <message>
              <![CDATA[expected [true] but found [false]]]>
            </message>
            <full-stacktrace>
              <![CDATA[java.lang.AssertionError: expected [true] but found [false]
	at org.testng.Assert.fail(Assert.java:93)
	at org.testng.Assert.failNotEquals(Assert.java:512)
	at org.testng.Assert.assertTrue(Assert.java:41)
	at org.testng.Assert.assertTrue(Assert.java:51)
	at work.myimss.test.testcases.LoginTest.loginTest(LoginTest.java:46)
	at sun.reflect.NativeMethodAccessorImpl.invoke0(Native Method)
	at sun.reflect.NativeMethodAccessorImpl.invoke(NativeMethodAccessorImpl.java:62)
	at sun.reflect.DelegatingMethodAccessorImpl.invoke(DelegatingMethodAccessorImpl.java:43)
	at java.lang.reflect.Method.invoke(Method.java:498)
	at org.testng.internal.MethodInvocationHelper.invokeMethod(MethodInvocationHelper.java:108)
	at org.testng.internal.Invoker.invokeMethod(Invoker.java:661)
	at org.testng.internal.Invoker.invokeTestMethod(Invoker.java:869)
	at org.testng.internal.Invoker.invokeTestMethods(Invoker.java:1193)
	at org.testng.internal.TestMethodWorker.invokeTestMethods(TestMethodWorker.java:126)
	at org.testng.internal.TestMethodWorker.run(TestMethodWorker.java:109)
	at org.testng.TestRunner.privateRun(TestRunner.java:744)
	at org.testng.TestRunner.run(TestRunner.java:602)
	at org.testng.SuiteRunner.runTest(SuiteRunner.java:380)
	at org.testng.SuiteRunner.runSequentially(SuiteRunner.java:375)
	at org.testng.SuiteRunner.privateRun(SuiteRunner.java:340)
	at org.testng.SuiteRunner.run(SuiteRunner.java:289)
	at org.testng.SuiteRunnerWorker.runSuite(SuiteRunnerWorker.java:52)
	at org.testng.SuiteRunnerWorker.run(SuiteRunnerWorker.java:86)
	at org.testng.TestNG.runSuitesSequentially(TestNG.java:1301)
	at org.testng.TestNG.runSuitesLocally(TestNG.java:1226)
	at org.testng.TestNG.runSuites(TestNG.java:1144)
	at org.testng.TestNG.run(TestNG.java:1115)
	at org.apache.maven.surefire.testng.TestNGExecutor.run(TestNGExecutor.java:295)
	at org.apache.maven.surefire.testng.TestNGXmlTestSuite.execute(TestNGXmlTestSuite.java:84)
	at org.apache.maven.surefire.testng.TestNGProvider.invoke(TestNGProvider.java:90)
	at sun.reflect.NativeMethodAccessorImpl.invoke0(Native Method)
	at sun.reflect.NativeMethodAccessorImpl.invoke(NativeMethodAccessorImpl.java:62)
	at sun.reflect.DelegatingMethodAccessorImpl.invoke(DelegatingMethodAccessorImpl.java:43)
	at java.lang.reflect.Method.invoke(Method.java:498)
	at org.apache.maven.surefire.util.ReflectionUtils.invokeMethodWithArray2(ReflectionUtils.java:208)
	at org.apache.maven.surefire.booter.ProviderFactory$ProviderProxy.invoke(ProviderFactory.java:155)
	at org.apache.maven.surefire.booter.ProviderFactory.invokeProvider(ProviderFactory.java:81)
	at org.apache.maven.plugin.surefire.InPluginVMSurefireStarter.runSuitesInProcess(InPluginVMSurefireStarter.java:82)
	at org.apache.maven.plugin.surefire.AbstractSurefireMojo.executeProvider(AbstractSurefireMojo.java:974)
	at org.apache.maven.plugin.surefire.AbstractSurefireMojo.executeAfterPreconditionsChecked(AbstractSurefireMojo.java:824)
	at org.apache.maven.plugin.surefire.AbstractSurefireMojo.execute(AbstractSurefireMojo.java:722)
	at org.apache.maven.plugin.DefaultBuildPluginManager.executeMojo(DefaultBuildPluginManager.java:133)
	at org.apache.maven.lifecycle.internal.MojoExecutor.execute(MojoExecutor.java:208)
	at org.apache.maven.lifecycle.internal.MojoExecutor.execute(MojoExecutor.java:153)
	at org.apache.maven.lifecycle.internal.MojoExecutor.execute(MojoExecutor.java:145)
	at org.apache.maven.lifecycle.internal.LifecycleModuleBuilder.buildProject(LifecycleModuleBuilder.java:108)
	at org.apache.maven.lifecycle.internal.LifecycleModuleBuilder.buildProject(LifecycleModuleBuilder.java:76)
	at org.apache.maven.lifecycle.internal.builder.singlethreaded.SingleThreadedBuilder.build(SingleThreadedBuilder.java:51)
	at org.apache.maven.lifecycle.internal.LifecycleStarter.execute(LifecycleStarter.java:116)
	at org.apache.maven.DefaultMaven.doExecute(DefaultMaven.java:361)
	at org.apache.maven.DefaultMaven.execute(DefaultMaven.java:155)
	at org.apache.maven.cli.MavenCli.execute(MavenCli.java:584)
	at org.apache.maven.cli.MavenCli.doMain(MavenCli.java:213)
	at org.apache.maven.cli.MavenCli.main(MavenCli.java:157)
	at sun.reflect.NativeMethodAccessorImpl.invoke0(Native Method)
	at sun.reflect.NativeMethodAccessorImpl.invoke(NativeMethodAccessorImpl.java:62)
	at sun.reflect.DelegatingMethodAccessorImpl.invoke(DelegatingMethodAccessorImpl.java:43)
	at java.lang.reflect.Method.invoke(Method.java:498)
	at org.codehaus.plexus.classworlds.launcher.Launcher.launchEnhanced(Launcher.java:289)
	at org.codehaus.plexus.classworlds.launcher.Launcher.launch(Launcher.java:229)
	at org.codehaus.plexus.classworlds.launcher.Launcher.mainWithExitCode(Launcher.java:415)
	at org.codehaus.plexus.classworlds.launcher.Launcher.main(Launcher.java:356)
]]>
            </full-stacktrace>
          </exception> <!-- java.lang.AssertionError -->
          <reporter-output>
            <line>
              <![CDATA[Click to see Screenshot]]>
            </line>
            <line>
              <![CDATA[<a target="_blank" href=Mon_Nov_11_14_27_23_IST_2019.jpg>Screenshot</a>]]>
            </line>
            <line>
              <![CDATA[<br>]]>
            </line>
            <line>
              <![CDATA[<br>]]>
            </line>
            <line>
              <![CDATA[<a target="_blank" href=Mon_Nov_11_14_27_23_IST_2019.jpg><img src=Mon_Nov_11_14_27_23_IST_2019.jpg height=200 width=200></img></a>]]>
            </line>
          </reporter-output>
        </test-method> <!-- loginTest -->
        <test-method status="FAIL" signature="loginTest(java.util.Hashtable)[pri:0, instance:work.myimss.test.testcases.LoginTest@670ce331]" name="loginTest" duration-ms="21954" started-at="2019-11-11T14:27:24Z" data-provider="dp" finished-at="2019-11-11T14:27:46Z">
          <params>
            <param index="0">
              <value>
                <![CDATA[{password=, username=narendramodi}]]>
              </value>
            </param>
          </params>
          <exception class="java.lang.AssertionError">
            <message>
              <![CDATA[expected [true] but found [false]]]>
            </message>
            <full-stacktrace>
              <![CDATA[java.lang.AssertionError: expected [true] but found [false]
	at org.testng.Assert.fail(Assert.java:93)
	at org.testng.Assert.failNotEquals(Assert.java:512)
	at org.testng.Assert.assertTrue(Assert.java:41)
	at org.testng.Assert.assertTrue(Assert.java:51)
	at work.myimss.test.testcases.LoginTest.loginTest(LoginTest.java:46)
	at sun.reflect.NativeMethodAccessorImpl.invoke0(Native Method)
	at sun.reflect.NativeMethodAccessorImpl.invoke(NativeMethodAccessorImpl.java:62)
	at sun.reflect.DelegatingMethodAccessorImpl.invoke(DelegatingMethodAccessorImpl.java:43)
	at java.lang.reflect.Method.invoke(Method.java:498)
	at org.testng.internal.MethodInvocationHelper.invokeMethod(MethodInvocationHelper.java:108)
	at org.testng.internal.Invoker.invokeMethod(Invoker.java:661)
	at org.testng.internal.Invoker.invokeTestMethod(Invoker.java:869)
	at org.testng.internal.Invoker.invokeTestMethods(Invoker.java:1193)
	at org.testng.internal.TestMethodWorker.invokeTestMethods(TestMethodWorker.java:126)
	at org.testng.internal.TestMethodWorker.run(TestMethodWorker.java:109)
	at org.testng.TestRunner.privateRun(TestRunner.java:744)
	at org.testng.TestRunner.run(TestRunner.java:602)
	at org.testng.SuiteRunner.runTest(SuiteRunner.java:380)
	at org.testng.SuiteRunner.runSequentially(SuiteRunner.java:375)
	at org.testng.SuiteRunner.privateRun(SuiteRunner.java:340)
	at org.testng.SuiteRunner.run(SuiteRunner.java:289)
	at org.testng.SuiteRunnerWorker.runSuite(SuiteRunnerWorker.java:52)
	at org.testng.SuiteRunnerWorker.run(SuiteRunnerWorker.java:86)
	at org.testng.TestNG.runSuitesSequentially(TestNG.java:1301)
	at org.testng.TestNG.runSuitesLocally(TestNG.java:1226)
	at org.testng.TestNG.runSuites(TestNG.java:1144)
	at org.testng.TestNG.run(TestNG.java:1115)
	at org.apache.maven.surefire.testng.TestNGExecutor.run(TestNGExecutor.java:295)
	at org.apache.maven.surefire.testng.TestNGXmlTestSuite.execute(TestNGXmlTestSuite.java:84)
	at org.apache.maven.surefire.testng.TestNGProvider.invoke(TestNGProvider.java:90)
	at sun.reflect.NativeMethodAccessorImpl.invoke0(Native Method)
	at sun.reflect.NativeMethodAccessorImpl.invoke(NativeMethodAccessorImpl.java:62)
	at sun.reflect.DelegatingMethodAccessorImpl.invoke(DelegatingMethodAccessorImpl.java:43)
	at java.lang.reflect.Method.invoke(Method.java:498)
	at org.apache.maven.surefire.util.ReflectionUtils.invokeMethodWithArray2(ReflectionUtils.java:208)
	at org.apache.maven.surefire.booter.ProviderFactory$ProviderProxy.invoke(ProviderFactory.java:155)
	at org.apache.maven.surefire.booter.ProviderFactory.invokeProvider(ProviderFactory.java:81)
	at org.apache.maven.plugin.surefire.InPluginVMSurefireStarter.runSuitesInProcess(InPluginVMSurefireStarter.java:82)
	at org.apache.maven.plugin.surefire.AbstractSurefireMojo.executeProvider(AbstractSurefireMojo.java:974)
	at org.apache.maven.plugin.surefire.AbstractSurefireMojo.executeAfterPreconditionsChecked(AbstractSurefireMojo.java:824)
	at org.apache.maven.plugin.surefire.AbstractSurefireMojo.execute(AbstractSurefireMojo.java:722)
	at org.apache.maven.plugin.DefaultBuildPluginManager.executeMojo(DefaultBuildPluginManager.java:133)
	at org.apache.maven.lifecycle.internal.MojoExecutor.execute(MojoExecutor.java:208)
	at org.apache.maven.lifecycle.internal.MojoExecutor.execute(MojoExecutor.java:153)
	at org.apache.maven.lifecycle.internal.MojoExecutor.execute(MojoExecutor.java:145)
	at org.apache.maven.lifecycle.internal.LifecycleModuleBuilder.buildProject(LifecycleModuleBuilder.java:108)
	at org.apache.maven.lifecycle.internal.LifecycleModuleBuilder.buildProject(LifecycleModuleBuilder.java:76)
	at org.apache.maven.lifecycle.internal.builder.singlethreaded.SingleThreadedBuilder.build(SingleThreadedBuilder.java:51)
	at org.apache.maven.lifecycle.internal.LifecycleStarter.execute(LifecycleStarter.java:116)
	at org.apache.maven.DefaultMaven.doExecute(DefaultMaven.java:361)
	at org.apache.maven.DefaultMaven.execute(DefaultMaven.java:155)
	at org.apache.maven.cli.MavenCli.execute(MavenCli.java:584)
	at org.apache.maven.cli.MavenCli.doMain(MavenCli.java:213)
	at org.apache.maven.cli.MavenCli.main(MavenCli.java:157)
	at sun.reflect.NativeMethodAccessorImpl.invoke0(Native Method)
	at sun.reflect.NativeMethodAccessorImpl.invoke(NativeMethodAccessorImpl.java:62)
	at sun.reflect.DelegatingMethodAccessorImpl.invoke(DelegatingMethodAccessorImpl.java:43)
	at java.lang.reflect.Method.invoke(Method.java:498)
	at org.codehaus.plexus.classworlds.launcher.Launcher.launchEnhanced(Launcher.java:289)
	at org.codehaus.plexus.classworlds.launcher.Launcher.launch(Launcher.java:229)
	at org.codehaus.plexus.classworlds.launcher.Launcher.mainWithExitCode(Launcher.java:415)
	at org.codehaus.plexus.classworlds.launcher.Launcher.main(Launcher.java:356)
]]>
            </full-stacktrace>
          </exception> <!-- java.lang.AssertionError -->
          <reporter-output>
            <line>
              <![CDATA[Click to see Screenshot]]>
            </line>
            <line>
              <![CDATA[<a target="_blank" href=Mon_Nov_11_14_27_46_IST_2019.jpg>Screenshot</a>]]>
            </line>
            <line>
              <![CDATA[<br>]]>
            </line>
            <line>
              <![CDATA[<br>]]>
            </line>
            <line>
              <![CDATA[<a target="_blank" href=Mon_Nov_11_14_27_46_IST_2019.jpg><img src=Mon_Nov_11_14_27_46_IST_2019.jpg height=200 width=200></img></a>]]>
            </line>
          </reporter-output>
        </test-method> <!-- loginTest -->
        <test-method status="FAIL" signature="loginTest(java.util.Hashtable)[pri:0, instance:work.myimss.test.testcases.LoginTest@670ce331]" name="loginTest" duration-ms="23476" started-at="2019-11-11T14:27:46Z" data-provider="dp" finished-at="2019-11-11T14:28:10Z">
          <params>
            <param index="0">
              <value>
                <![CDATA[{password=int123456, username=parimalas}]]>
              </value>
            </param>
          </params>
          <exception class="org.openqa.selenium.NoSuchElementException">
            <message>
              <![CDATA[no such element: Unable to locate element: {"method":"xpath","selector":"//button[@id='modalok']"}
  (Session info: chrome=78.0.3904.87)
For documentation on this error, please visit: https://www.seleniumhq.org/exceptions/no_such_element.html
Build info: version: '3.141.59', revision: 'e82be7d358', time: '2018-11-14T08:17:03'
System info: host: 'IMSS-JKR-CPU-31', ip: '172.16.1.64', os.name: 'Windows 8.1', os.arch: 'amd64', os.version: '6.3', java.version: '1.8.0_201'
Driver info: org.openqa.selenium.chrome.ChromeDriver
Capabilities {acceptInsecureCerts: false, browserName: chrome, browserVersion: 78.0.3904.87, chrome: {chromedriverVersion: 77.0.3865.40 (f484704e052e0..., userDataDir: C:\Users\shilpans\AppData\L...}, goog:chromeOptions: {debuggerAddress: localhost:61508}, javascriptEnabled: true, networkConnectionEnabled: false, pageLoadStrategy: normal, platform: XP, platformName: XP, proxy: Proxy(), setWindowRect: true, strictFileInteractability: false, timeouts: {implicit: 0, pageLoad: 300000, script: 30000}, unhandledPromptBehavior: dismiss and notify}
Session ID: 55bbc754725c8025503151a503e6c05d
*** Element info: {Using=xpath, value=//button[@id='modalok']}]]>
            </message>
            <full-stacktrace>
              <![CDATA[org.openqa.selenium.NoSuchElementException: no such element: Unable to locate element: {"method":"xpath","selector":"//button[@id='modalok']"}
  (Session info: chrome=78.0.3904.87)
For documentation on this error, please visit: https://www.seleniumhq.org/exceptions/no_such_element.html
Build info: version: '3.141.59', revision: 'e82be7d358', time: '2018-11-14T08:17:03'
System info: host: 'IMSS-JKR-CPU-31', ip: '172.16.1.64', os.name: 'Windows 8.1', os.arch: 'amd64', os.version: '6.3', java.version: '1.8.0_201'
Driver info: org.openqa.selenium.chrome.ChromeDriver
Capabilities {acceptInsecureCerts: false, browserName: chrome, browserVersion: 78.0.3904.87, chrome: {chromedriverVersion: 77.0.3865.40 (f484704e052e0..., userDataDir: C:\Users\shilpans\AppData\L...}, goog:chromeOptions: {debuggerAddress: localhost:61508}, javascriptEnabled: true, networkConnectionEnabled: false, pageLoadStrategy: normal, platform: XP, platformName: XP, proxy: Proxy(), setWindowRect: true, strictFileInteractability: false, timeouts: {implicit: 0, pageLoad: 300000, script: 30000}, unhandledPromptBehavior: dismiss and notify}
Session ID: 55bbc754725c8025503151a503e6c05d
*** Element info: {Using=xpath, value=//button[@id='modalok']}
	at sun.reflect.NativeConstructorAccessorImpl.newInstance0(Native Method)
	at sun.reflect.NativeConstructorAccessorImpl.newInstance(NativeConstructorAccessorImpl.java:62)
	at sun.reflect.DelegatingConstructorAccessorImpl.newInstance(DelegatingConstructorAccessorImpl.java:45)
	at java.lang.reflect.Constructor.newInstance(Constructor.java:423)
	at org.openqa.selenium.remote.http.W3CHttpResponseCodec.createException(W3CHttpResponseCodec.java:187)
	at org.openqa.selenium.remote.http.W3CHttpResponseCodec.decode(W3CHttpResponseCodec.java:122)
	at org.openqa.selenium.remote.http.W3CHttpResponseCodec.decode(W3CHttpResponseCodec.java:49)
	at org.openqa.selenium.remote.HttpCommandExecutor.execute(HttpCommandExecutor.java:158)
	at org.openqa.selenium.remote.service.DriverCommandExecutor.execute(DriverCommandExecutor.java:83)
	at org.openqa.selenium.remote.RemoteWebDriver.execute(RemoteWebDriver.java:552)
	at org.openqa.selenium.remote.RemoteWebDriver.findElement(RemoteWebDriver.java:323)
	at org.openqa.selenium.remote.RemoteWebDriver.findElementByXPath(RemoteWebDriver.java:428)
	at org.openqa.selenium.By$ByXPath.findElement(By.java:353)
	at org.openqa.selenium.remote.RemoteWebDriver.findElement(RemoteWebDriver.java:315)
	at work.myimss.test.testcases.LoginTest.loginTest(LoginTest.java:39)
	at sun.reflect.NativeMethodAccessorImpl.invoke0(Native Method)
	at sun.reflect.NativeMethodAccessorImpl.invoke(NativeMethodAccessorImpl.java:62)
	at sun.reflect.DelegatingMethodAccessorImpl.invoke(DelegatingMethodAccessorImpl.java:43)
	at java.lang.reflect.Method.invoke(Method.java:498)
	at org.testng.internal.MethodInvocationHelper.invokeMethod(MethodInvocationHelper.java:108)
	at org.testng.internal.Invoker.invokeMethod(Invoker.java:661)
	at org.testng.internal.Invoker.invokeTestMethod(Invoker.java:869)
	at org.testng.internal.Invoker.invokeTestMethods(Invoker.java:1193)
	at org.testng.internal.TestMethodWorker.invokeTestMethods(TestMethodWorker.java:126)
	at org.testng.internal.TestMethodWorker.run(TestMethodWorker.java:109)
	at org.testng.TestRunner.privateRun(TestRunner.java:744)
	at org.testng.TestRunner.run(TestRunner.java:602)
	at org.testng.SuiteRunner.runTest(SuiteRunner.java:380)
	at org.testng.SuiteRunner.runSequentially(SuiteRunner.java:375)
	at org.testng.SuiteRunner.privateRun(SuiteRunner.java:340)
	at org.testng.SuiteRunner.run(SuiteRunner.java:289)
	at org.testng.SuiteRunnerWorker.runSuite(SuiteRunnerWorker.java:52)
	at org.testng.SuiteRunnerWorker.run(SuiteRunnerWorker.java:86)
	at org.testng.TestNG.runSuitesSequentially(TestNG.java:1301)
	at org.testng.TestNG.runSuitesLocally(TestNG.java:1226)
	at org.testng.TestNG.runSuites(TestNG.java:1144)
	at org.testng.TestNG.run(TestNG.java:1115)
	at org.apache.maven.surefire.testng.TestNGExecutor.run(TestNGExecutor.java:295)
	at org.apache.maven.surefire.testng.TestNGXmlTestSuite.execute(TestNGXmlTestSuite.java:84)
	at org.apache.maven.surefire.testng.TestNGProvider.invoke(TestNGProvider.java:90)
	at sun.reflect.NativeMethodAccessorImpl.invoke0(Native Method)
	at sun.reflect.NativeMethodAccessorImpl.invoke(NativeMethodAccessorImpl.java:62)
	at sun.reflect.DelegatingMethodAccessorImpl.invoke(DelegatingMethodAccessorImpl.java:43)
	at java.lang.reflect.Method.invoke(Method.java:498)
	at org.apache.maven.surefire.util.ReflectionUtils.invokeMethodWithArray2(ReflectionUtils.java:208)
	at org.apache.maven.surefire.booter.ProviderFactory$ProviderProxy.invoke(ProviderFactory.java:155)
	at org.apache.maven.surefire.booter.ProviderFactory.invokeProvider(ProviderFactory.java:81)
	at org.apache.maven.plugin.surefire.InPluginVMSurefireStarter.runSuitesInProcess(InPluginVMSurefireStarter.java:82)
	at org.apache.maven.plugin.surefire.AbstractSurefireMojo.executeProvider(AbstractSurefireMojo.java:974)
	at org.apache.maven.plugin.surefire.AbstractSurefireMojo.executeAfterPreconditionsChecked(AbstractSurefireMojo.java:824)
	at org.apache.maven.plugin.surefire.AbstractSurefireMojo.execute(AbstractSurefireMojo.java:722)
	at org.apache.maven.plugin.DefaultBuildPluginManager.executeMojo(DefaultBuildPluginManager.java:133)
	at org.apache.maven.lifecycle.internal.MojoExecutor.execute(MojoExecutor.java:208)
	at org.apache.maven.lifecycle.internal.MojoExecutor.execute(MojoExecutor.java:153)
	at org.apache.maven.lifecycle.internal.MojoExecutor.execute(MojoExecutor.java:145)
	at org.apache.maven.lifecycle.internal.LifecycleModuleBuilder.buildProject(LifecycleModuleBuilder.java:108)
	at org.apache.maven.lifecycle.internal.LifecycleModuleBuilder.buildProject(LifecycleModuleBuilder.java:76)
	at org.apache.maven.lifecycle.internal.builder.singlethreaded.SingleThreadedBuilder.build(SingleThreadedBuilder.java:51)
	at org.apache.maven.lifecycle.internal.LifecycleStarter.execute(LifecycleStarter.java:116)
	at org.apache.maven.DefaultMaven.doExecute(DefaultMaven.java:361)
	at org.apache.maven.DefaultMaven.execute(DefaultMaven.java:155)
	at org.apache.maven.cli.MavenCli.execute(MavenCli.java:584)
	at org.apache.maven.cli.MavenCli.doMain(MavenCli.java:213)
	at org.apache.maven.cli.MavenCli.main(MavenCli.java:157)
	at sun.reflect.NativeMethodAccessorImpl.invoke0(Native Method)
	at sun.reflect.NativeMethodAccessorImpl.invoke(NativeMethodAccessorImpl.java:62)
	at sun.reflect.DelegatingMethodAccessorImpl.invoke(DelegatingMethodAccessorImpl.java:43)
	at java.lang.reflect.Method.invoke(Method.java:498)
	at org.codehaus.plexus.classworlds.launcher.Launcher.launchEnhanced(Launcher.java:289)
	at org.codehaus.plexus.classworlds.launcher.Launcher.launch(Launcher.java:229)
	at org.codehaus.plexus.classworlds.launcher.Launcher.mainWithExitCode(Launcher.java:415)
	at org.codehaus.plexus.classworlds.launcher.Launcher.main(Launcher.java:356)
]]>
            </full-stacktrace>
          </exception> <!-- org.openqa.selenium.NoSuchElementException -->
          <reporter-output>
            <line>
              <![CDATA[Click to see Screenshot]]>
            </line>
            <line>
              <![CDATA[<a target="_blank" href=Mon_Nov_11_14_28_10_IST_2019.jpg>Screenshot</a>]]>
            </line>
            <line>
              <![CDATA[<br>]]>
            </line>
            <line>
              <![CDATA[<br>]]>
            </line>
            <line>
              <![CDATA[<a target="_blank" href=Mon_Nov_11_14_28_10_IST_2019.jpg><img src=Mon_Nov_11_14_28_10_IST_2019.jpg height=200 width=200></img></a>]]>
            </line>
          </reporter-output>
        </test-method> <!-- loginTest -->
        <test-method status="FAIL" signature="loginTest(java.util.Hashtable)[pri:0, instance:work.myimss.test.testcases.LoginTest@670ce331]" name="loginTest" duration-ms="23926" started-at="2019-11-11T14:28:10Z" data-provider="dp" finished-at="2019-11-11T14:28:34Z">
          <params>
            <param index="0">
              <value>
                <![CDATA[{password=int123$%^, username=parimalas}]]>
              </value>
            </param>
          </params>
          <exception class="org.openqa.selenium.NoSuchElementException">
            <message>
              <![CDATA[no such element: Unable to locate element: {"method":"xpath","selector":"//button[@id='modalok']"}
  (Session info: chrome=78.0.3904.87)
For documentation on this error, please visit: https://www.seleniumhq.org/exceptions/no_such_element.html
Build info: version: '3.141.59', revision: 'e82be7d358', time: '2018-11-14T08:17:03'
System info: host: 'IMSS-JKR-CPU-31', ip: '172.16.1.64', os.name: 'Windows 8.1', os.arch: 'amd64', os.version: '6.3', java.version: '1.8.0_201'
Driver info: org.openqa.selenium.chrome.ChromeDriver
Capabilities {acceptInsecureCerts: false, browserName: chrome, browserVersion: 78.0.3904.87, chrome: {chromedriverVersion: 77.0.3865.40 (f484704e052e0..., userDataDir: C:\Users\shilpans\AppData\L...}, goog:chromeOptions: {debuggerAddress: localhost:61508}, javascriptEnabled: true, networkConnectionEnabled: false, pageLoadStrategy: normal, platform: XP, platformName: XP, proxy: Proxy(), setWindowRect: true, strictFileInteractability: false, timeouts: {implicit: 0, pageLoad: 300000, script: 30000}, unhandledPromptBehavior: dismiss and notify}
Session ID: 55bbc754725c8025503151a503e6c05d
*** Element info: {Using=xpath, value=//button[@id='modalok']}]]>
            </message>
            <full-stacktrace>
              <![CDATA[org.openqa.selenium.NoSuchElementException: no such element: Unable to locate element: {"method":"xpath","selector":"//button[@id='modalok']"}
  (Session info: chrome=78.0.3904.87)
For documentation on this error, please visit: https://www.seleniumhq.org/exceptions/no_such_element.html
Build info: version: '3.141.59', revision: 'e82be7d358', time: '2018-11-14T08:17:03'
System info: host: 'IMSS-JKR-CPU-31', ip: '172.16.1.64', os.name: 'Windows 8.1', os.arch: 'amd64', os.version: '6.3', java.version: '1.8.0_201'
Driver info: org.openqa.selenium.chrome.ChromeDriver
Capabilities {acceptInsecureCerts: false, browserName: chrome, browserVersion: 78.0.3904.87, chrome: {chromedriverVersion: 77.0.3865.40 (f484704e052e0..., userDataDir: C:\Users\shilpans\AppData\L...}, goog:chromeOptions: {debuggerAddress: localhost:61508}, javascriptEnabled: true, networkConnectionEnabled: false, pageLoadStrategy: normal, platform: XP, platformName: XP, proxy: Proxy(), setWindowRect: true, strictFileInteractability: false, timeouts: {implicit: 0, pageLoad: 300000, script: 30000}, unhandledPromptBehavior: dismiss and notify}
Session ID: 55bbc754725c8025503151a503e6c05d
*** Element info: {Using=xpath, value=//button[@id='modalok']}
	at sun.reflect.NativeConstructorAccessorImpl.newInstance0(Native Method)
	at sun.reflect.NativeConstructorAccessorImpl.newInstance(NativeConstructorAccessorImpl.java:62)
	at sun.reflect.DelegatingConstructorAccessorImpl.newInstance(DelegatingConstructorAccessorImpl.java:45)
	at java.lang.reflect.Constructor.newInstance(Constructor.java:423)
	at org.openqa.selenium.remote.http.W3CHttpResponseCodec.createException(W3CHttpResponseCodec.java:187)
	at org.openqa.selenium.remote.http.W3CHttpResponseCodec.decode(W3CHttpResponseCodec.java:122)
	at org.openqa.selenium.remote.http.W3CHttpResponseCodec.decode(W3CHttpResponseCodec.java:49)
	at org.openqa.selenium.remote.HttpCommandExecutor.execute(HttpCommandExecutor.java:158)
	at org.openqa.selenium.remote.service.DriverCommandExecutor.execute(DriverCommandExecutor.java:83)
	at org.openqa.selenium.remote.RemoteWebDriver.execute(RemoteWebDriver.java:552)
	at org.openqa.selenium.remote.RemoteWebDriver.findElement(RemoteWebDriver.java:323)
	at org.openqa.selenium.remote.RemoteWebDriver.findElementByXPath(RemoteWebDriver.java:428)
	at org.openqa.selenium.By$ByXPath.findElement(By.java:353)
	at org.openqa.selenium.remote.RemoteWebDriver.findElement(RemoteWebDriver.java:315)
	at work.myimss.test.testcases.LoginTest.loginTest(LoginTest.java:39)
	at sun.reflect.NativeMethodAccessorImpl.invoke0(Native Method)
	at sun.reflect.NativeMethodAccessorImpl.invoke(NativeMethodAccessorImpl.java:62)
	at sun.reflect.DelegatingMethodAccessorImpl.invoke(DelegatingMethodAccessorImpl.java:43)
	at java.lang.reflect.Method.invoke(Method.java:498)
	at org.testng.internal.MethodInvocationHelper.invokeMethod(MethodInvocationHelper.java:108)
	at org.testng.internal.Invoker.invokeMethod(Invoker.java:661)
	at org.testng.internal.Invoker.invokeTestMethod(Invoker.java:869)
	at org.testng.internal.Invoker.invokeTestMethods(Invoker.java:1193)
	at org.testng.internal.TestMethodWorker.invokeTestMethods(TestMethodWorker.java:126)
	at org.testng.internal.TestMethodWorker.run(TestMethodWorker.java:109)
	at org.testng.TestRunner.privateRun(TestRunner.java:744)
	at org.testng.TestRunner.run(TestRunner.java:602)
	at org.testng.SuiteRunner.runTest(SuiteRunner.java:380)
	at org.testng.SuiteRunner.runSequentially(SuiteRunner.java:375)
	at org.testng.SuiteRunner.privateRun(SuiteRunner.java:340)
	at org.testng.SuiteRunner.run(SuiteRunner.java:289)
	at org.testng.SuiteRunnerWorker.runSuite(SuiteRunnerWorker.java:52)
	at org.testng.SuiteRunnerWorker.run(SuiteRunnerWorker.java:86)
	at org.testng.TestNG.runSuitesSequentially(TestNG.java:1301)
	at org.testng.TestNG.runSuitesLocally(TestNG.java:1226)
	at org.testng.TestNG.runSuites(TestNG.java:1144)
	at org.testng.TestNG.run(TestNG.java:1115)
	at org.apache.maven.surefire.testng.TestNGExecutor.run(TestNGExecutor.java:295)
	at org.apache.maven.surefire.testng.TestNGXmlTestSuite.execute(TestNGXmlTestSuite.java:84)
	at org.apache.maven.surefire.testng.TestNGProvider.invoke(TestNGProvider.java:90)
	at sun.reflect.NativeMethodAccessorImpl.invoke0(Native Method)
	at sun.reflect.NativeMethodAccessorImpl.invoke(NativeMethodAccessorImpl.java:62)
	at sun.reflect.DelegatingMethodAccessorImpl.invoke(DelegatingMethodAccessorImpl.java:43)
	at java.lang.reflect.Method.invoke(Method.java:498)
	at org.apache.maven.surefire.util.ReflectionUtils.invokeMethodWithArray2(ReflectionUtils.java:208)
	at org.apache.maven.surefire.booter.ProviderFactory$ProviderProxy.invoke(ProviderFactory.java:155)
	at org.apache.maven.surefire.booter.ProviderFactory.invokeProvider(ProviderFactory.java:81)
	at org.apache.maven.plugin.surefire.InPluginVMSurefireStarter.runSuitesInProcess(InPluginVMSurefireStarter.java:82)
	at org.apache.maven.plugin.surefire.AbstractSurefireMojo.executeProvider(AbstractSurefireMojo.java:974)
	at org.apache.maven.plugin.surefire.AbstractSurefireMojo.executeAfterPreconditionsChecked(AbstractSurefireMojo.java:824)
	at org.apache.maven.plugin.surefire.AbstractSurefireMojo.execute(AbstractSurefireMojo.java:722)
	at org.apache.maven.plugin.DefaultBuildPluginManager.executeMojo(DefaultBuildPluginManager.java:133)
	at org.apache.maven.lifecycle.internal.MojoExecutor.execute(MojoExecutor.java:208)
	at org.apache.maven.lifecycle.internal.MojoExecutor.execute(MojoExecutor.java:153)
	at org.apache.maven.lifecycle.internal.MojoExecutor.execute(MojoExecutor.java:145)
	at org.apache.maven.lifecycle.internal.LifecycleModuleBuilder.buildProject(LifecycleModuleBuilder.java:108)
	at org.apache.maven.lifecycle.internal.LifecycleModuleBuilder.buildProject(LifecycleModuleBuilder.java:76)
	at org.apache.maven.lifecycle.internal.builder.singlethreaded.SingleThreadedBuilder.build(SingleThreadedBuilder.java:51)
	at org.apache.maven.lifecycle.internal.LifecycleStarter.execute(LifecycleStarter.java:116)
	at org.apache.maven.DefaultMaven.doExecute(DefaultMaven.java:361)
	at org.apache.maven.DefaultMaven.execute(DefaultMaven.java:155)
	at org.apache.maven.cli.MavenCli.execute(MavenCli.java:584)
	at org.apache.maven.cli.MavenCli.doMain(MavenCli.java:213)
	at org.apache.maven.cli.MavenCli.main(MavenCli.java:157)
	at sun.reflect.NativeMethodAccessorImpl.invoke0(Native Method)
	at sun.reflect.NativeMethodAccessorImpl.invoke(NativeMethodAccessorImpl.java:62)
	at sun.reflect.DelegatingMethodAccessorImpl.invoke(DelegatingMethodAccessorImpl.java:43)
	at java.lang.reflect.Method.invoke(Method.java:498)
	at org.codehaus.plexus.classworlds.launcher.Launcher.launchEnhanced(Launcher.java:289)
	at org.codehaus.plexus.classworlds.launcher.Launcher.launch(Launcher.java:229)
	at org.codehaus.plexus.classworlds.launcher.Launcher.mainWithExitCode(Launcher.java:415)
	at org.codehaus.plexus.classworlds.launcher.Launcher.main(Launcher.java:356)
]]>
            </full-stacktrace>
          </exception> <!-- org.openqa.selenium.NoSuchElementException -->
          <reporter-output>
            <line>
              <![CDATA[Click to see Screenshot]]>
            </line>
            <line>
              <![CDATA[<a target="_blank" href=Mon_Nov_11_14_28_34_IST_2019.jpg>Screenshot</a>]]>
            </line>
            <line>
              <![CDATA[<br>]]>
            </line>
            <line>
              <![CDATA[<br>]]>
            </line>
            <line>
              <![CDATA[<a target="_blank" href=Mon_Nov_11_14_28_34_IST_2019.jpg><img src=Mon_Nov_11_14_28_34_IST_2019.jpg height=200 width=200></img></a>]]>
            </line>
          </reporter-output>
        </test-method> <!-- loginTest -->
      </class> <!-- work.myimss.test.testcases.LoginTest -->
    </test> <!-- Login Test -->
    <test name="Myimss Admin Test" duration-ms="2059" started-at="2019-11-11T08:58:34Z" finished-at="2019-11-11T08:58:36Z">
      <class name="work.myimss.test.testcases.MyimssAdminTest">
        <test-method status="PASS" signature="myimssAdminTest()[pri:0, instance:work.myimss.test.testcases.MyimssAdminTest@49c8f6e8]" name="myimssAdminTest" duration-ms="1972" started-at="2019-11-11T14:28:34Z" finished-at="2019-11-11T14:28:36Z">
          <reporter-output>
            <line>
              <![CDATA[MyimssAdminTest Successfully executed!!!!!!!!!!]]>
            </line>
          </reporter-output>
        </test-method> <!-- myimssAdminTest -->
      </class> <!-- work.myimss.test.testcases.MyimssAdminTest -->
    </test> <!-- Myimss Admin Test -->
    <test name="Administration Test" duration-ms="439" started-at="2019-11-11T08:58:37Z" finished-at="2019-11-11T08:58:37Z">
      <class name="work.myimss.test.testcases.AdministrationTest">
        <test-method status="PASS" signature="administrationTest()[pri:0, instance:work.myimss.test.testcases.AdministrationTest@6b2e0f78]" name="administrationTest" duration-ms="369" started-at="2019-11-11T14:28:37Z" finished-at="2019-11-11T14:28:37Z">
          <reporter-output>
            <line>
              <![CDATA[AdministrationTest Successfully executed!!!!!!!!!!]]>
            </line>
          </reporter-output>
        </test-method> <!-- administrationTest -->
      </class> <!-- work.myimss.test.testcases.AdministrationTest -->
    </test> <!-- Administration Test -->
    <test name="Role MAnagement Administration Test" duration-ms="2209" started-at="2019-11-11T08:58:37Z" finished-at="2019-11-11T08:58:39Z">
      <class name="work.myimss.test.testcases.RoleManagementAdministrationTest">
        <test-method status="PASS" signature="roleManagementAdministrationTest()[pri:0, instance:work.myimss.test.testcases.RoleManagementAdministrationTest@117bcfdc]" name="roleManagementAdministrationTest" duration-ms="2127" started-at="2019-11-11T14:28:37Z" finished-at="2019-11-11T14:28:39Z">
          <reporter-output>
            <line>
              <![CDATA[RoleManagementAdministrationTest Successfully executed!!!!!!!!!!]]>
            </line>
          </reporter-output>
        </test-method> <!-- roleManagementAdministrationTest -->
      </class> <!-- work.myimss.test.testcases.RoleManagementAdministrationTest -->
    </test> <!-- Role MAnagement Administration Test -->
    <test name="Create Role Test" duration-ms="5214" started-at="2019-11-11T08:58:39Z" finished-at="2019-11-11T08:58:44Z">
      <class name="work.myimss.test.testcases.CreateRoleTest">
        <test-method status="PASS" signature="createRoleTest(java.util.Hashtable)[pri:0, instance:work.myimss.test.testcases.CreateRoleTest@112d1c8e]" name="createRoleTest" duration-ms="5156" started-at="2019-11-11T14:28:39Z" data-provider="dp" finished-at="2019-11-11T14:28:44Z">
          <params>
            <param index="0">
              <value>
                <![CDATA[{rolename=zzz, roledescription=test role, emsrole=Employee}]]>
              </value>
            </param>
          </params>
          <reporter-output>
            <line>
              <![CDATA[CreateRoleTest Successfully executed!!!!!!!!!!]]>
            </line>
          </reporter-output>
        </test-method> <!-- createRoleTest -->
      </class> <!-- work.myimss.test.testcases.CreateRoleTest -->
    </test> <!-- Create Role Test -->
    <test name="Advanced Search Test" duration-ms="1962" started-at="2019-11-11T08:58:44Z" finished-at="2019-11-11T08:58:46Z">
      <class name="work.myimss.test.testcases.RoleAdvancedSearchTest">
        <test-method status="PASS" signature="roleAdvancedSearchTest(java.util.Hashtable)[pri:0, instance:work.myimss.test.testcases.RoleAdvancedSearchTest@213bd3d5]" name="roleAdvancedSearchTest" duration-ms="1898" started-at="2019-11-11T14:28:44Z" data-provider="dp" finished-at="2019-11-11T14:28:46Z">
          <params>
            <param index="0">
              <value>
                <![CDATA[{rolename=zzz}]]>
              </value>
            </param>
          </params>
          <reporter-output>
            <line>
              <![CDATA[RoleAdvancedSearchTest Successfully executed!!!!!!!!!!]]>
            </line>
          </reporter-output>
        </test-method> <!-- roleAdvancedSearchTest -->
      </class> <!-- work.myimss.test.testcases.RoleAdvancedSearchTest -->
    </test> <!-- Advanced Search Test -->
    <test name="Edit Role Test" duration-ms="5358" started-at="2019-11-11T08:58:46Z" finished-at="2019-11-11T08:58:52Z">
      <class name="work.myimss.test.testcases.RoleEditTest">
        <test-method status="PASS" signature="roleEditTest(java.util.Hashtable)[pri:0, instance:work.myimss.test.testcases.RoleEditTest@7bebcd65]" name="roleEditTest" duration-ms="5303" started-at="2019-11-11T14:28:46Z" data-provider="dp" finished-at="2019-11-11T14:28:52Z">
          <params>
            <param index="0">
              <value>
                <![CDATA[{rolename=zzz, roledescription=test roles edited, emsrole=Employee}]]>
              </value>
            </param>
          </params>
          <reporter-output>
            <line>
              <![CDATA[RoleEditTest Successfully executed!!!!!!!!!!]]>
            </line>
          </reporter-output>
        </test-method> <!-- roleEditTest -->
      </class> <!-- work.myimss.test.testcases.RoleEditTest -->
    </test> <!-- Edit Role Test -->
    <test name="Role Delete Test" duration-ms="4106" started-at="2019-11-11T08:58:52Z" finished-at="2019-11-11T08:58:56Z">
      <class name="work.myimss.test.testcases.RoleDeleteTest">
        <test-method status="PASS" signature="roleDeleteTest()[pri:0, instance:work.myimss.test.testcases.RoleDeleteTest@4b1a43d8]" name="roleDeleteTest" duration-ms="4049" started-at="2019-11-11T14:28:52Z" finished-at="2019-11-11T14:28:56Z">
          <reporter-output>
            <line>
              <![CDATA[RoleDeleteTest Successfully executed!!!!!!!!!!]]>
            </line>
          </reporter-output>
        </test-method> <!-- roleDeleteTest -->
      </class> <!-- work.myimss.test.testcases.RoleDeleteTest -->
    </test> <!-- Role Delete Test -->
    <test name="User Management Administration Test" duration-ms="3143" started-at="2019-11-11T08:58:56Z" finished-at="2019-11-11T08:58:59Z">
      <class name="work.myimss.test.testcases.UserManagementAdministrationTest">
        <test-method status="PASS" signature="userManagementAdministrationTest()[pri:0, instance:work.myimss.test.testcases.UserManagementAdministrationTest@2776015d]" name="userManagementAdministrationTest" duration-ms="3086" started-at="2019-11-11T14:28:56Z" finished-at="2019-11-11T14:28:59Z">
          <reporter-output>
            <line>
              <![CDATA[UserManagementAdministration Test Successfully executed]]>
            </line>
          </reporter-output>
        </test-method> <!-- userManagementAdministrationTest -->
      </class> <!-- work.myimss.test.testcases.UserManagementAdministrationTest -->
    </test> <!-- User Management Administration Test -->
    <test name="User Advanced Search Test" duration-ms="2156" started-at="2019-11-11T08:58:59Z" finished-at="2019-11-11T08:59:01Z">
      <class name="work.myimss.test.testcases.UserAdvancedSearchTest">
        <test-method status="PASS" signature="userAdvancedSearchTest(java.util.Hashtable)[pri:0, instance:work.myimss.test.testcases.UserAdvancedSearchTest@756b58a7]" name="userAdvancedSearchTest" duration-ms="2099" started-at="2019-11-11T14:28:59Z" data-provider="dp" finished-at="2019-11-11T14:29:01Z">
          <params>
            <param index="0">
              <value>
                <![CDATA[{fname=suma}]]>
              </value>
            </param>
          </params>
          <reporter-output>
            <line>
              <![CDATA[userAdvancedSearchTest Successfully executed]]>
            </line>
            <line>
              <![CDATA[UserAdvancedSearchTest Successfully executed!!!!!!!!!!]]>
            </line>
          </reporter-output>
        </test-method> <!-- userAdvancedSearchTest -->
      </class> <!-- work.myimss.test.testcases.UserAdvancedSearchTest -->
    </test> <!-- User Advanced Search Test -->
    <test name="User Edit Test" duration-ms="4273" started-at="2019-11-11T08:59:01Z" finished-at="2019-11-11T08:59:05Z">
      <class name="work.myimss.test.testcases.UserEditTest">
        <test-method status="PASS" signature="userEditTest()[pri:0, instance:work.myimss.test.testcases.UserEditTest@548d5ed3]" name="userEditTest" duration-ms="4218" started-at="2019-11-11T14:29:01Z" finished-at="2019-11-11T14:29:05Z">
          <reporter-output>
            <line>
              <![CDATA[UserEditTest Successfully executed!!!!!!!!!!]]>
            </line>
          </reporter-output>
        </test-method> <!-- userEditTest -->
      </class> <!-- work.myimss.test.testcases.UserEditTest -->
    </test> <!-- User Edit Test -->
    <test name="Application Configuration Administration Test" duration-ms="1815" started-at="2019-11-11T08:59:05Z" finished-at="2019-11-11T08:59:07Z">
      <class name="work.myimss.test.testcases.ApplicationConfigurationAdministrationTest">
        <test-method status="PASS" signature="applicationConfigurationAdministrationTest()[pri:0, instance:work.myimss.test.testcases.ApplicationConfigurationAdministrationTest@61e7bf2f]" name="applicationConfigurationAdministrationTest" duration-ms="1741" started-at="2019-11-11T14:29:05Z" finished-at="2019-11-11T14:29:07Z">
          <reporter-output>
            <line>
              <![CDATA[ApplicationConfigurationAdministrationTest Succefully executed]]>
            </line>
          </reporter-output>
        </test-method> <!-- applicationConfigurationAdministrationTest -->
      </class> <!-- work.myimss.test.testcases.ApplicationConfigurationAdministrationTest -->
    </test> <!-- Application Configuration Administration Test -->
    <test name="App Config Advanced Search Test" duration-ms="2876" started-at="2019-11-11T08:59:07Z" finished-at="2019-11-11T08:59:10Z">
      <class name="work.myimss.test.testcases.AppConfigAdvancedSearchTest">
        <test-method status="PASS" signature="appConfigAdvancedSearchTest(java.util.Hashtable)[pri:0, instance:work.myimss.test.testcases.AppConfigAdvancedSearchTest@554cd74a]" name="appConfigAdvancedSearchTest" duration-ms="2818" started-at="2019-11-11T14:29:07Z" data-provider="dp" finished-at="2019-11-11T14:29:10Z">
          <params>
            <param index="0">
              <value>
                <![CDATA[{configName=DCName}]]>
              </value>
            </param>
          </params>
          <reporter-output>
            <line>
              <![CDATA[appConfigAdvancedSearchTest Successfully executed!!!!!!!!!!]]>
            </line>
          </reporter-output>
        </test-method> <!-- appConfigAdvancedSearchTest -->
      </class> <!-- work.myimss.test.testcases.AppConfigAdvancedSearchTest -->
    </test> <!-- App Config Advanced Search Test -->
    <test name="App Config Edit Test" duration-ms="4218" started-at="2019-11-11T08:59:10Z" finished-at="2019-11-11T08:59:14Z">
      <class name="work.myimss.test.testcases.AppConfigEditTest">
        <test-method status="PASS" signature="appConfigEditTest(java.util.Hashtable)[pri:0, instance:work.myimss.test.testcases.AppConfigEditTest@379ce046]" name="appConfigEditTest" duration-ms="4169" started-at="2019-11-11T14:29:10Z" data-provider="dp" finished-at="2019-11-11T14:29:14Z">
          <params>
            <param index="0">
              <value>
                <![CDATA[{configValue=integramicro }]]>
              </value>
            </param>
          </params>
          <reporter-output>
            <line>
              <![CDATA[appConfigEditTest Successfully executed!!!!!!!!!!]]>
            </line>
          </reporter-output>
        </test-method> <!-- appConfigEditTest -->
      </class> <!-- work.myimss.test.testcases.AppConfigEditTest -->
    </test> <!-- App Config Edit Test -->
    <test name="Main Menu Test" duration-ms="3240" started-at="2019-11-11T08:59:14Z" finished-at="2019-11-11T08:59:18Z">
      <class name="work.myimss.test.testcases.MainMenuTest">
        <test-method status="PASS" signature="mainMenuSkillsTest()[pri:0, instance:work.myimss.test.testcases.MainMenuTest@51ce6f85]" name="mainMenuSkillsTest" duration-ms="3180" started-at="2019-11-11T14:29:14Z" finished-at="2019-11-11T14:29:18Z">
          <reporter-output>
            <line>
              <![CDATA[Successfully executed MainMenuTest]]>
            </line>
          </reporter-output>
        </test-method> <!-- mainMenuSkillsTest -->
      </class> <!-- work.myimss.test.testcases.MainMenuTest -->
    </test> <!-- Main Menu Test -->
    <test name="Sep Administration Test" duration-ms="684" started-at="2019-11-11T08:59:18Z" finished-at="2019-11-11T08:59:18Z">
      <class name="work.myimss.test.testcases.SepAdministrationTest">
        <test-method status="PASS" signature="sepAdministrationTest()[pri:0, instance:work.myimss.test.testcases.SepAdministrationTest@28e19366]" name="sepAdministrationTest" duration-ms="633" started-at="2019-11-11T14:29:18Z" finished-at="2019-11-11T14:29:18Z">
          <reporter-output>
            <line>
              <![CDATA[SepAdministrationTest Successfully executed!!!!!!!!!!]]>
            </line>
          </reporter-output>
        </test-method> <!-- sepAdministrationTest -->
      </class> <!-- work.myimss.test.testcases.SepAdministrationTest -->
    </test> <!-- Sep Administration Test -->
    <test name="Sep Application Config Test" duration-ms="2724" started-at="2019-11-11T08:59:18Z" finished-at="2019-11-11T08:59:21Z">
      <class name="work.myimss.test.testcases.SepApplicationConfigTest">
        <test-method status="PASS" signature="sepApplicationConfigTest()[pri:0, instance:work.myimss.test.testcases.SepApplicationConfigTest@5cb042da]" name="sepApplicationConfigTest" duration-ms="2676" started-at="2019-11-11T14:29:18Z" finished-at="2019-11-11T14:29:21Z">
          <reporter-output>
            <line>
              <![CDATA[SepApplicationConfigTest Succefully executed]]>
            </line>
          </reporter-output>
        </test-method> <!-- sepApplicationConfigTest -->
      </class> <!-- work.myimss.test.testcases.SepApplicationConfigTest -->
    </test> <!-- Sep Application Config Test -->
    <test name="Sep App Config Advanced Search Test" duration-ms="2766" started-at="2019-11-11T08:59:21Z" finished-at="2019-11-11T08:59:24Z">
      <class name="work.myimss.test.testcases.SepAppConfigAdvancedSearchTest">
        <test-method status="PASS" signature="sepAppConfigAdvancedSearchTest(java.util.Hashtable)[pri:0, instance:work.myimss.test.testcases.SepAppConfigAdvancedSearchTest@747d1932]" name="sepAppConfigAdvancedSearchTest" duration-ms="2718" started-at="2019-11-11T14:29:21Z" data-provider="dp" finished-at="2019-11-11T14:29:24Z">
          <params>
            <param index="0">
              <value>
                <![CDATA[{configName=SMTP User}]]>
              </value>
            </param>
          </params>
          <reporter-output>
            <line>
              <![CDATA[SepAppConfigAdvancedSearchTest Successfully executed!!!!!!!!!!]]>
            </line>
          </reporter-output>
        </test-method> <!-- sepAppConfigAdvancedSearchTest -->
      </class> <!-- work.myimss.test.testcases.SepAppConfigAdvancedSearchTest -->
    </test> <!-- Sep App Config Advanced Search Test -->
    <test name="Sep App Config Edit Test" duration-ms="3942" started-at="2019-11-11T08:59:24Z" finished-at="2019-11-11T08:59:28Z">
      <class name="work.myimss.test.testcases.SepAppConfigEditTest">
        <test-method status="PASS" signature="sepAppConfigEditTest(java.util.Hashtable)[pri:0, instance:work.myimss.test.testcases.SepAppConfigEditTest@7c891ba7]" name="sepAppConfigEditTest" duration-ms="3894" started-at="2019-11-11T14:29:24Z" data-provider="dp" finished-at="2019-11-11T14:29:28Z">
          <params>
            <param index="0">
              <value>
                <![CDATA[{configValue=myim@imss.work}]]>
              </value>
            </param>
          </params>
          <reporter-output>
            <line>
              <![CDATA[SepAppConfigEditTest Successfully executed!!!!!!!!!!]]>
            </line>
          </reporter-output>
        </test-method> <!-- sepAppConfigEditTest -->
      </class> <!-- work.myimss.test.testcases.SepAppConfigEditTest -->
    </test> <!-- Sep App Config Edit Test -->
    <test name="Sep Lang Sub Category Test" duration-ms="2192" started-at="2019-11-11T08:59:28Z" finished-at="2019-11-11T08:59:30Z">
      <class name="work.myimss.test.testcases.SepLangSubCategoryTest">
        <test-method status="PASS" signature="sepLangSubCategoryTest()[pri:0, instance:work.myimss.test.testcases.SepLangSubCategoryTest@2a03d65c]" name="sepLangSubCategoryTest" duration-ms="2134" started-at="2019-11-11T14:29:28Z" finished-at="2019-11-11T14:29:30Z">
          <reporter-output>
            <line>
              <![CDATA[SepLangSubCategoryTest Successfully executed]]>
            </line>
          </reporter-output>
        </test-method> <!-- sepLangSubCategoryTest -->
      </class> <!-- work.myimss.test.testcases.SepLangSubCategoryTest -->
    </test> <!-- Sep Lang Sub Category Test -->
    <test name="Sep Create Lang Sub Category Test" duration-ms="4038" started-at="2019-11-11T08:59:30Z" finished-at="2019-11-11T08:59:34Z">
      <class name="work.myimss.test.testcases.SepCreateLangSubCategoryTest">
        <test-method status="PASS" signature="sepCreateLangSubCategoryTest(java.util.Hashtable)[pri:0, instance:work.myimss.test.testcases.SepCreateLangSubCategoryTest@4eb45fec]" name="sepCreateLangSubCategoryTest" duration-ms="3988" started-at="2019-11-11T14:29:30Z" data-provider="dp" finished-at="2019-11-11T14:29:34Z">
          <params>
            <param index="0">
              <value>
                <![CDATA[{name=j2ee, language=Java}]]>
              </value>
            </param>
          </params>
          <reporter-output>
            <line>
              <![CDATA[SepCreateLangSubCategory Successfully executed!!!!!!!!!!]]>
            </line>
          </reporter-output>
        </test-method> <!-- sepCreateLangSubCategoryTest -->
      </class> <!-- work.myimss.test.testcases.SepCreateLangSubCategoryTest -->
    </test> <!-- Sep Create Lang Sub Category Test -->
    <test name="Sep Lang Advanced Search Test" duration-ms="2181" started-at="2019-11-11T08:59:34Z" finished-at="2019-11-11T08:59:36Z">
      <class name="work.myimss.test.testcases.SepLangAdvancedSearchTest">
        <test-method status="PASS" signature="sepLangAdvancedSearchTest(java.util.Hashtable)[pri:0, instance:work.myimss.test.testcases.SepLangAdvancedSearchTest@459cfcca]" name="sepLangAdvancedSearchTest" duration-ms="2123" started-at="2019-11-11T14:29:34Z" data-provider="dp" finished-at="2019-11-11T14:29:36Z">
          <params>
            <param index="0">
              <value>
                <![CDATA[{name=j2ee, =}]]>
              </value>
            </param>
          </params>
          <reporter-output>
            <line>
              <![CDATA[SepLangAdvancedSearchTest Successfully executed!!!!!!!!!!]]>
            </line>
          </reporter-output>
        </test-method> <!-- sepLangAdvancedSearchTest -->
      </class> <!-- work.myimss.test.testcases.SepLangAdvancedSearchTest -->
    </test> <!-- Sep Lang Advanced Search Test -->
    <test name="Sep Lang Edit Test" duration-ms="4057" started-at="2019-11-11T08:59:36Z" finished-at="2019-11-11T08:59:40Z">
      <class name="work.myimss.test.testcases.SepLangEditTest">
        <test-method status="PASS" signature="sepLangEditTest(java.util.Hashtable)[pri:0, instance:work.myimss.test.testcases.SepLangEditTest@55a609dd]" name="sepLangEditTest" duration-ms="4006" started-at="2019-11-11T14:29:36Z" data-provider="dp" finished-at="2019-11-11T14:29:40Z">
          <params>
            <param index="0">
              <value>
                <![CDATA[{name=j2ee123}]]>
              </value>
            </param>
          </params>
          <reporter-output>
            <line>
              <![CDATA[SepLangEditTest Successfully executed!!!!!!!!!!]]>
            </line>
          </reporter-output>
        </test-method> <!-- sepLangEditTest -->
      </class> <!-- work.myimss.test.testcases.SepLangEditTest -->
    </test> <!-- Sep Lang Edit Test -->
    <test name="Sep Lang Delete Test" duration-ms="3434" started-at="2019-11-11T08:59:40Z" finished-at="2019-11-11T08:59:44Z">
      <class name="work.myimss.test.testcases.SepLangDeleteTest">
        <test-method status="PASS" signature="sepLangDeleteTest()[pri:0, instance:work.myimss.test.testcases.SepLangDeleteTest@4d27d9d]" name="sepLangDeleteTest" duration-ms="3394" started-at="2019-11-11T14:29:40Z" finished-at="2019-11-11T14:29:44Z">
          <reporter-output>
            <line>
              <![CDATA[SepLangDeleteTest Successfully executed!!!!!!!!!!]]>
            </line>
          </reporter-output>
        </test-method> <!-- sepLangDeleteTest -->
      </class> <!-- work.myimss.test.testcases.SepLangDeleteTest -->
    </test> <!-- Sep Lang Delete Test -->
    <test name="Sep Evaluation Test" duration-ms="373" started-at="2019-11-11T08:59:44Z" finished-at="2019-11-11T08:59:44Z">
      <class name="work.myimss.test.testcases.SepEvaluationTest">
        <test-method status="PASS" signature="sepEvaluationTest()[pri:0, instance:work.myimss.test.testcases.SepEvaluationTest@58b71ceb]" name="sepEvaluationTest" duration-ms="325" started-at="2019-11-11T14:29:44Z" finished-at="2019-11-11T14:29:44Z">
          <reporter-output>
            <line>
              <![CDATA[SepEvaluationTest Successfully executed!!!!!!!!!!]]>
            </line>
          </reporter-output>
        </test-method> <!-- sepEvaluationTest -->
      </class> <!-- work.myimss.test.testcases.SepEvaluationTest -->
    </test> <!-- Sep Evaluation Test -->
    <test name="Sep Evaluation Request Test" duration-ms="2432" started-at="2019-11-11T08:59:44Z" finished-at="2019-11-11T08:59:46Z">
      <class name="work.myimss.test.testcases.SepEvaluationRequestTest">
        <test-method status="PASS" signature="sepEvaluationRequestTest()[pri:0, instance:work.myimss.test.testcases.SepEvaluationRequestTest@1108adc8]" name="sepEvaluationRequestTest" duration-ms="2382" started-at="2019-11-11T14:29:44Z" finished-at="2019-11-11T14:29:46Z">
          <reporter-output>
            <line>
              <![CDATA[SepEvaluationRequestTest Successfully executed!!!!!!!!!!]]>
            </line>
          </reporter-output>
        </test-method> <!-- sepEvaluationRequestTest -->
      </class> <!-- work.myimss.test.testcases.SepEvaluationRequestTest -->
    </test> <!-- Sep Evaluation Request Test -->
    <test name="Sep Create Test Request Test" duration-ms="7894" started-at="2019-11-11T08:59:47Z" finished-at="2019-11-11T08:59:54Z">
      <class name="work.myimss.test.testcases.SepCreateTestRequestTest">
        <test-method status="PASS" signature="sepCreateTestRequestTest(java.util.Hashtable)[pri:0, instance:work.myimss.test.testcases.SepCreateTestRequestTest@5fb65013]" name="sepCreateTestRequestTest" duration-ms="7830" started-at="2019-11-11T14:29:47Z" data-provider="dp" finished-at="2019-11-11T14:29:54Z">
          <params>
            <param index="0">
              <value>
                <![CDATA[{requestType=Internal Requirement, assignTo=Shilpa N S, hiringId=2019A, emsId=1920.0, endDate=24-12-2020, jobDescription=2-3 years testing experience}]]>
              </value>
            </param>
          </params>
          <reporter-output>
            <line>
              <![CDATA[SepCreateTestRequestTest Successfully executed!!!!!!!!!!]]>
            </line>
          </reporter-output>
        </test-method> <!-- sepCreateTestRequestTest -->
      </class> <!-- work.myimss.test.testcases.SepCreateTestRequestTest -->
    </test> <!-- Sep Create Test Request Test -->
    <test name="Sep Assign Test" duration-ms="6576" started-at="2019-11-11T08:59:54Z" finished-at="2019-11-11T09:00:01Z">
      <class name="work.myimss.test.testcases.SepAssignTest">
        <test-method status="PASS" signature="sepAssignTest(java.util.Hashtable)[pri:0, instance:work.myimss.test.testcases.SepAssignTest@1c6c6f24]" name="sepAssignTest" duration-ms="6532" started-at="2019-11-11T14:29:54Z" data-provider="dp" finished-at="2019-11-11T14:30:01Z">
          <params>
            <param index="0">
              <value>
                <![CDATA[{upload=C:\Users\shilpans\Pictures\BUGS_Staging.imss.work\bugs_list.txt, email=xxx@gmail.com, mobile=2.589631478E9, name=xxx, remarks=jhdg shdg sjdgh, pan=AAAAA1234A, dob=24-12-2020}]]>
              </value>
            </param>
          </params>
          <reporter-output>
            <line>
              <![CDATA[SepAssignTest Successfully executed!!!!!!!!!!]]>
            </line>
          </reporter-output>
        </test-method> <!-- sepAssignTest -->
      </class> <!-- work.myimss.test.testcases.SepAssignTest -->
    </test> <!-- Sep Assign Test -->
    <test name="Sep View Assigned Candidates Results Test" duration-ms="9335" started-at="2019-11-11T09:00:01Z" finished-at="2019-11-11T09:00:10Z">
      <class name="work.myimss.test.testcases.SepViewAssignedCandidatesResultsTest">
        <test-method status="PASS" signature="sepViewAssignedCandidatesResultsTest(java.util.Hashtable)[pri:0, instance:work.myimss.test.testcases.SepViewAssignedCandidatesResultsTest@57a2ed35]" name="sepViewAssignedCandidatesResultsTest" duration-ms="9288" started-at="2019-11-11T14:30:01Z" data-provider="dp" finished-at="2019-11-11T14:30:10Z">
          <params>
            <param index="0">
              <value>
                <![CDATA[{hiringId=111.0}]]>
              </value>
            </param>
          </params>
          <reporter-output>
            <line>
              <![CDATA[SepViewAssignedCandidatesResultsTest Successfully executed!!!!!!!!!!]]>
            </line>
          </reporter-output>
        </test-method> <!-- sepViewAssignedCandidatesResultsTest -->
      </class> <!-- work.myimss.test.testcases.SepViewAssignedCandidatesResultsTest -->
    </test> <!-- Sep View Assigned Candidates Results Test -->
    <test name="Sep Define Evaluation Test" duration-ms="1684" started-at="2019-11-11T09:00:10Z" finished-at="2019-11-11T09:00:12Z">
      <class name="work.myimss.test.testcases.SepDefineEvaluationTest">
        <test-method status="PASS" signature="sepDefineEvaluationTest()[pri:0, instance:work.myimss.test.testcases.SepDefineEvaluationTest@184fb68d]" name="sepDefineEvaluationTest" duration-ms="1642" started-at="2019-11-11T14:30:10Z" finished-at="2019-11-11T14:30:12Z">
          <reporter-output>
            <line>
              <![CDATA[SepDefineEvaluationTest Successfully executed!!!!!!!!!!]]>
            </line>
          </reporter-output>
        </test-method> <!-- sepDefineEvaluationTest -->
      </class> <!-- work.myimss.test.testcases.SepDefineEvaluationTest -->
    </test> <!-- Sep Define Evaluation Test -->
    <test name="Sep Define Section Test" duration-ms="9069" started-at="2019-11-11T09:00:12Z" finished-at="2019-11-11T09:00:21Z">
      <class name="work.myimss.test.testcases.SepDefineSectionTest">
        <test-method status="PASS" signature="sepDefineSectionTest(java.util.Hashtable)[pri:0, instance:work.myimss.test.testcases.SepDefineSectionTest@16a49a5d]" name="sepDefineSectionTest" duration-ms="9022" started-at="2019-11-11T14:30:12Z" data-provider="dp" finished-at="2019-11-11T14:30:21Z">
          <params>
            <param index="0">
              <value>
                <![CDATA[{maxTime=60.0, questionType=Single Select MCQ, sectionName=Section A, maxQuestions=3.0, totalSection=1.0, langSubCategory=General Apptitude, cutOffPercent=50.0, langType=Apptitude}]]>
              </value>
            </param>
          </params>
          <reporter-output>
            <line>
              <![CDATA[SepDefineSectionTest Successfully executed!!!!!!!!!!]]>
            </line>
          </reporter-output>
        </test-method> <!-- sepDefineSectionTest -->
      </class> <!-- work.myimss.test.testcases.SepDefineSectionTest -->
    </test> <!-- Sep Define Section Test -->
    <test name="Sep Question Management Test" duration-ms="2190" started-at="2019-11-11T09:00:21Z" finished-at="2019-11-11T09:00:23Z">
      <class name="work.myimss.test.testcases.SepQuestionManagementTest">
        <test-method status="PASS" signature="sepQuestionManagementTest()[pri:0, instance:work.myimss.test.testcases.SepQuestionManagementTest@7c2b58c0]" name="sepQuestionManagementTest" duration-ms="2152" started-at="2019-11-11T14:30:21Z" finished-at="2019-11-11T14:30:23Z">
          <reporter-output>
            <line>
              <![CDATA[SepQuestionManagementTest Successfully executed!!!!!!!!!!]]>
            </line>
          </reporter-output>
        </test-method> <!-- sepQuestionManagementTest -->
      </class> <!-- work.myimss.test.testcases.SepQuestionManagementTest -->
    </test> <!-- Sep Question Management Test -->
    <test name="Sep Submit Question Test" duration-ms="43374" started-at="2019-11-11T09:00:23Z" finished-at="2019-11-11T09:01:07Z">
      <class name="work.myimss.test.testcases.SepSubmitQuestionTest">
        <test-method status="PASS" signature="sepSubmitQuestionTest(java.util.Hashtable)[pri:0, instance:work.myimss.test.testcases.SepSubmitQuestionTest@10fbbdb]" name="sepSubmitQuestionTest" duration-ms="12043" started-at="2019-11-11T14:30:23Z" data-provider="dp" finished-at="2019-11-11T14:30:35Z">
          <params>
            <param index="0">
              <value>
                <![CDATA[{ansC=40.0, ansB=30.0, returnDT=, ansA=20.0, className=, langType=Apptitude, mathodName=, question=how old are you?, linestoLock=, complexity=Medium, rad5=no, chk5=, rad4=no, chk4=, rad3=no, chk3=, rad2=no, chk2=, langSubCategory=General Aptitude, rad1=yes, sampleInput=, chk1=, sampleOutput=, parameterDT=, codeTemplate=, parameterCount=, maxTime=60.0, ansE=60.0, questionType=Single Select MCQ, ansD=50.0}]]>
              </value>
            </param>
          </params>
          <reporter-output>
            <line>
              <![CDATA[SepSubmitQuestionTest Successfully executed!!!!!!!!!!]]>
            </line>
          </reporter-output>
        </test-method> <!-- sepSubmitQuestionTest -->
        <test-method status="PASS" signature="sepSubmitQuestionTest(java.util.Hashtable)[pri:0, instance:work.myimss.test.testcases.SepSubmitQuestionTest@10fbbdb]" name="sepSubmitQuestionTest" duration-ms="12175" started-at="2019-11-11T14:30:35Z" data-provider="dp" finished-at="2019-11-11T14:30:48Z">
          <params>
            <param index="0">
              <value>
                <![CDATA[{ansC=jyothi, ansB=meena, returnDT=, ansA=sarala, className=, langType=Apptitude, mathodName=, question=what is ur name?, linestoLock=, complexity=Low, rad5=, chk5=no, rad4=, chk4=no, rad3=, chk3=no, rad2=, chk2=yes, langSubCategory=General Aptitude, rad1=, sampleInput=, chk1=yes, sampleOutput=, parameterDT=, codeTemplate=, parameterCount=, maxTime=50.0, ansE=sangeetha, questionType=Multi Select MCQ, ansD=geetha}]]>
              </value>
            </param>
          </params>
          <reporter-output>
            <line>
              <![CDATA[SepSubmitQuestionTest Successfully executed!!!!!!!!!!]]>
            </line>
          </reporter-output>
        </test-method> <!-- sepSubmitQuestionTest -->
        <test-method status="PASS" signature="sepSubmitQuestionTest(java.util.Hashtable)[pri:0, instance:work.myimss.test.testcases.SepSubmitQuestionTest@10fbbdb]" name="sepSubmitQuestionTest" duration-ms="18971" started-at="2019-11-11T14:30:48Z" data-provider="dp" finished-at="2019-11-11T14:31:07Z">
          <params>
            <param index="0">
              <value>
                <![CDATA[{ansC=, ansB=, returnDT=int, ansA=, className=Addition, langType=Apptitude, mathodName=add, question=write simple java program to add 2 numbers using method, linestoLock=1,2,3,4,5,6,7,8,9,10,11,12, complexity=High, rad5=, chk5=, rad4=, chk4=, rad3=, chk3=, rad2=, chk2=, langSubCategory=General Aptitude, rad1=, sampleInput=2,4, chk1=, sampleOutput=6.0, parameterDT=int, codeTemplate=public class Addition  
{    
   public static void main(String args[]) 
     {       
        Add(2,4);
     }  
   public int add(int a, int b)   
     { 
         int c=a+b;
         Return;
      }  
} , parameterCount=2.0, maxTime=40.0, ansE=, questionType=Descriptive, ansD=}]]>
              </value>
            </param>
          </params>
          <reporter-output>
            <line>
              <![CDATA[SepSubmitQuestionTest Successfully executed!!!!!!!!!!]]>
            </line>
          </reporter-output>
        </test-method> <!-- sepSubmitQuestionTest -->
      </class> <!-- work.myimss.test.testcases.SepSubmitQuestionTest -->
    </test> <!-- Sep Submit Question Test -->
    <test name="Sep Question Approval Test" duration-ms="1779" started-at="2019-11-11T09:01:07Z" finished-at="2019-11-11T09:01:08Z">
      <class name="work.myimss.test.testcases.SepQuestionApprovalTest">
        <test-method status="PASS" signature="sepQuestionApprovalTest()[pri:0, instance:work.myimss.test.testcases.SepQuestionApprovalTest@204e90f7]" name="sepQuestionApprovalTest" duration-ms="1737" started-at="2019-11-11T14:31:07Z" finished-at="2019-11-11T14:31:08Z">
          <reporter-output>
            <line>
              <![CDATA[SepQuestionApprovalTest Successfully executed!!!!!!!!!!]]>
            </line>
          </reporter-output>
        </test-method> <!-- sepQuestionApprovalTest -->
      </class> <!-- work.myimss.test.testcases.SepQuestionApprovalTest -->
    </test> <!-- Sep Question Approval Test -->
    <test name="Sep Approve Question Test" duration-ms="20515" started-at="2019-11-11T09:01:08Z" finished-at="2019-11-11T09:01:29Z">
      <class name="work.myimss.test.testcases.SepApproveQuestionTest">
        <test-method status="FAIL" signature="sepApproveQuestionTest(java.util.Hashtable)[pri:0, instance:work.myimss.test.testcases.SepApproveQuestionTest@e4b6f47]" name="sepApproveQuestionTest" duration-ms="20097" started-at="2019-11-11T14:31:08Z" data-provider="dp" finished-at="2019-11-11T14:31:29Z">
          <params>
            <param index="0">
              <value>
                <![CDATA[{comments=need to improve question}]]>
              </value>
            </param>
          </params>
          <exception class="org.openqa.selenium.NoSuchElementException">
            <message>
              <![CDATA[no such element: Unable to locate element: {"method":"xpath","selector":"//tr[2]//td[6]//a[1]//i[1]"}
  (Session info: chrome=78.0.3904.87)
For documentation on this error, please visit: https://www.seleniumhq.org/exceptions/no_such_element.html
Build info: version: '3.141.59', revision: 'e82be7d358', time: '2018-11-14T08:17:03'
System info: host: 'IMSS-JKR-CPU-31', ip: '172.16.1.64', os.name: 'Windows 8.1', os.arch: 'amd64', os.version: '6.3', java.version: '1.8.0_201'
Driver info: org.openqa.selenium.chrome.ChromeDriver
Capabilities {acceptInsecureCerts: false, browserName: chrome, browserVersion: 78.0.3904.87, chrome: {chromedriverVersion: 77.0.3865.40 (f484704e052e0..., userDataDir: C:\Users\shilpans\AppData\L...}, goog:chromeOptions: {debuggerAddress: localhost:61508}, javascriptEnabled: true, networkConnectionEnabled: false, pageLoadStrategy: normal, platform: XP, platformName: XP, proxy: Proxy(), setWindowRect: true, strictFileInteractability: false, timeouts: {implicit: 0, pageLoad: 300000, script: 30000}, unhandledPromptBehavior: dismiss and notify}
Session ID: 55bbc754725c8025503151a503e6c05d
*** Element info: {Using=xpath, value=//tr[2]//td[6]//a[1]//i[1]}]]>
            </message>
            <full-stacktrace>
              <![CDATA[org.openqa.selenium.NoSuchElementException: no such element: Unable to locate element: {"method":"xpath","selector":"//tr[2]//td[6]//a[1]//i[1]"}
  (Session info: chrome=78.0.3904.87)
For documentation on this error, please visit: https://www.seleniumhq.org/exceptions/no_such_element.html
Build info: version: '3.141.59', revision: 'e82be7d358', time: '2018-11-14T08:17:03'
System info: host: 'IMSS-JKR-CPU-31', ip: '172.16.1.64', os.name: 'Windows 8.1', os.arch: 'amd64', os.version: '6.3', java.version: '1.8.0_201'
Driver info: org.openqa.selenium.chrome.ChromeDriver
Capabilities {acceptInsecureCerts: false, browserName: chrome, browserVersion: 78.0.3904.87, chrome: {chromedriverVersion: 77.0.3865.40 (f484704e052e0..., userDataDir: C:\Users\shilpans\AppData\L...}, goog:chromeOptions: {debuggerAddress: localhost:61508}, javascriptEnabled: true, networkConnectionEnabled: false, pageLoadStrategy: normal, platform: XP, platformName: XP, proxy: Proxy(), setWindowRect: true, strictFileInteractability: false, timeouts: {implicit: 0, pageLoad: 300000, script: 30000}, unhandledPromptBehavior: dismiss and notify}
Session ID: 55bbc754725c8025503151a503e6c05d
*** Element info: {Using=xpath, value=//tr[2]//td[6]//a[1]//i[1]}
	at sun.reflect.NativeConstructorAccessorImpl.newInstance0(Native Method)
	at sun.reflect.NativeConstructorAccessorImpl.newInstance(NativeConstructorAccessorImpl.java:62)
	at sun.reflect.DelegatingConstructorAccessorImpl.newInstance(DelegatingConstructorAccessorImpl.java:45)
	at java.lang.reflect.Constructor.newInstance(Constructor.java:423)
	at org.openqa.selenium.remote.http.W3CHttpResponseCodec.createException(W3CHttpResponseCodec.java:187)
	at org.openqa.selenium.remote.http.W3CHttpResponseCodec.decode(W3CHttpResponseCodec.java:122)
	at org.openqa.selenium.remote.http.W3CHttpResponseCodec.decode(W3CHttpResponseCodec.java:49)
	at org.openqa.selenium.remote.HttpCommandExecutor.execute(HttpCommandExecutor.java:158)
	at org.openqa.selenium.remote.service.DriverCommandExecutor.execute(DriverCommandExecutor.java:83)
	at org.openqa.selenium.remote.RemoteWebDriver.execute(RemoteWebDriver.java:552)
	at org.openqa.selenium.remote.RemoteWebDriver.findElement(RemoteWebDriver.java:323)
	at org.openqa.selenium.remote.RemoteWebDriver.findElementByXPath(RemoteWebDriver.java:428)
	at org.openqa.selenium.By$ByXPath.findElement(By.java:353)
	at org.openqa.selenium.remote.RemoteWebDriver.findElement(RemoteWebDriver.java:315)
	at work.myimss.test.base.TestBase.click(TestBase.java:98)
	at work.myimss.test.testcases.SepApproveQuestionTest.sepApproveQuestionTest(SepApproveQuestionTest.java:20)
	at sun.reflect.NativeMethodAccessorImpl.invoke0(Native Method)
	at sun.reflect.NativeMethodAccessorImpl.invoke(NativeMethodAccessorImpl.java:62)
	at sun.reflect.DelegatingMethodAccessorImpl.invoke(DelegatingMethodAccessorImpl.java:43)
	at java.lang.reflect.Method.invoke(Method.java:498)
	at org.testng.internal.MethodInvocationHelper.invokeMethod(MethodInvocationHelper.java:108)
	at org.testng.internal.Invoker.invokeMethod(Invoker.java:661)
	at org.testng.internal.Invoker.invokeTestMethod(Invoker.java:869)
	at org.testng.internal.Invoker.invokeTestMethods(Invoker.java:1193)
	at org.testng.internal.TestMethodWorker.invokeTestMethods(TestMethodWorker.java:126)
	at org.testng.internal.TestMethodWorker.run(TestMethodWorker.java:109)
	at org.testng.TestRunner.privateRun(TestRunner.java:744)
	at org.testng.TestRunner.run(TestRunner.java:602)
	at org.testng.SuiteRunner.runTest(SuiteRunner.java:380)
	at org.testng.SuiteRunner.runSequentially(SuiteRunner.java:375)
	at org.testng.SuiteRunner.privateRun(SuiteRunner.java:340)
	at org.testng.SuiteRunner.run(SuiteRunner.java:289)
	at org.testng.SuiteRunnerWorker.runSuite(SuiteRunnerWorker.java:52)
	at org.testng.SuiteRunnerWorker.run(SuiteRunnerWorker.java:86)
	at org.testng.TestNG.runSuitesSequentially(TestNG.java:1301)
	at org.testng.TestNG.runSuitesLocally(TestNG.java:1226)
	at org.testng.TestNG.runSuites(TestNG.java:1144)
	at org.testng.TestNG.run(TestNG.java:1115)
	at org.apache.maven.surefire.testng.TestNGExecutor.run(TestNGExecutor.java:295)
	at org.apache.maven.surefire.testng.TestNGXmlTestSuite.execute(TestNGXmlTestSuite.java:84)
	at org.apache.maven.surefire.testng.TestNGProvider.invoke(TestNGProvider.java:90)
	at sun.reflect.NativeMethodAccessorImpl.invoke0(Native Method)
	at sun.reflect.NativeMethodAccessorImpl.invoke(NativeMethodAccessorImpl.java:62)
	at sun.reflect.DelegatingMethodAccessorImpl.invoke(DelegatingMethodAccessorImpl.java:43)
	at java.lang.reflect.Method.invoke(Method.java:498)
	at org.apache.maven.surefire.util.ReflectionUtils.invokeMethodWithArray2(ReflectionUtils.java:208)
	at org.apache.maven.surefire.booter.ProviderFactory$ProviderProxy.invoke(ProviderFactory.java:155)
	at org.apache.maven.surefire.booter.ProviderFactory.invokeProvider(ProviderFactory.java:81)
	at org.apache.maven.plugin.surefire.InPluginVMSurefireStarter.runSuitesInProcess(InPluginVMSurefireStarter.java:82)
	at org.apache.maven.plugin.surefire.AbstractSurefireMojo.executeProvider(AbstractSurefireMojo.java:974)
	at org.apache.maven.plugin.surefire.AbstractSurefireMojo.executeAfterPreconditionsChecked(AbstractSurefireMojo.java:824)
	at org.apache.maven.plugin.surefire.AbstractSurefireMojo.execute(AbstractSurefireMojo.java:722)
	at org.apache.maven.plugin.DefaultBuildPluginManager.executeMojo(DefaultBuildPluginManager.java:133)
	at org.apache.maven.lifecycle.internal.MojoExecutor.execute(MojoExecutor.java:208)
	at org.apache.maven.lifecycle.internal.MojoExecutor.execute(MojoExecutor.java:153)
	at org.apache.maven.lifecycle.internal.MojoExecutor.execute(MojoExecutor.java:145)
	at org.apache.maven.lifecycle.internal.LifecycleModuleBuilder.buildProject(LifecycleModuleBuilder.java:108)
	at org.apache.maven.lifecycle.internal.LifecycleModuleBuilder.buildProject(LifecycleModuleBuilder.java:76)
	at org.apache.maven.lifecycle.internal.builder.singlethreaded.SingleThreadedBuilder.build(SingleThreadedBuilder.java:51)
	at org.apache.maven.lifecycle.internal.LifecycleStarter.execute(LifecycleStarter.java:116)
	at org.apache.maven.DefaultMaven.doExecute(DefaultMaven.java:361)
	at org.apache.maven.DefaultMaven.execute(DefaultMaven.java:155)
	at org.apache.maven.cli.MavenCli.execute(MavenCli.java:584)
	at org.apache.maven.cli.MavenCli.doMain(MavenCli.java:213)
	at org.apache.maven.cli.MavenCli.main(MavenCli.java:157)
	at sun.reflect.NativeMethodAccessorImpl.invoke0(Native Method)
	at sun.reflect.NativeMethodAccessorImpl.invoke(NativeMethodAccessorImpl.java:62)
	at sun.reflect.DelegatingMethodAccessorImpl.invoke(DelegatingMethodAccessorImpl.java:43)
	at java.lang.reflect.Method.invoke(Method.java:498)
	at org.codehaus.plexus.classworlds.launcher.Launcher.launchEnhanced(Launcher.java:289)
	at org.codehaus.plexus.classworlds.launcher.Launcher.launch(Launcher.java:229)
	at org.codehaus.plexus.classworlds.launcher.Launcher.mainWithExitCode(Launcher.java:415)
	at org.codehaus.plexus.classworlds.launcher.Launcher.main(Launcher.java:356)
]]>
            </full-stacktrace>
          </exception> <!-- org.openqa.selenium.NoSuchElementException -->
          <reporter-output>
            <line>
              <![CDATA[Click to see Screenshot]]>
            </line>
            <line>
              <![CDATA[<a target="_blank" href=Mon_Nov_11_14_31_29_IST_2019.jpg>Screenshot</a>]]>
            </line>
            <line>
              <![CDATA[<br>]]>
            </line>
            <line>
              <![CDATA[<br>]]>
            </line>
            <line>
              <![CDATA[<a target="_blank" href=Mon_Nov_11_14_31_29_IST_2019.jpg><img src=Mon_Nov_11_14_31_29_IST_2019.jpg height=200 width=200></img></a>]]>
            </line>
          </reporter-output>
        </test-method> <!-- sepApproveQuestionTest -->
      </class> <!-- work.myimss.test.testcases.SepApproveQuestionTest -->
    </test> <!-- Sep Approve Question Test -->
    <test name="Sep Reports Test" duration-ms="318" started-at="2019-11-11T09:01:29Z" finished-at="2019-11-11T09:01:29Z">
      <class name="work.myimss.test.testcases.SepReportsTest">
        <test-method status="PASS" signature="sepReportsTest()[pri:0, instance:work.myimss.test.testcases.SepReportsTest@173797f0]" name="sepReportsTest" duration-ms="272" started-at="2019-11-11T14:31:29Z" finished-at="2019-11-11T14:31:29Z">
          <reporter-output>
            <line>
              <![CDATA[SepReportsTest Successfully executed!!!!!!!!!!]]>
            </line>
          </reporter-output>
        </test-method> <!-- sepReportsTest -->
      </class> <!-- work.myimss.test.testcases.SepReportsTest -->
    </test> <!-- Sep Reports Test -->
    <test name="Sep Audit Details Test" duration-ms="14059" started-at="2019-11-11T09:01:29Z" finished-at="2019-11-11T09:01:43Z">
      <class name="work.myimss.test.testcases.SepAuditDetailsTest">
        <test-method status="PASS" signature="sepAuditDetailsTest()[pri:0, instance:work.myimss.test.testcases.SepAuditDetailsTest@33d53216]" name="sepAuditDetailsTest" duration-ms="14011" started-at="2019-11-11T14:31:29Z" finished-at="2019-11-11T14:31:43Z">
          <reporter-output>
            <line>
              <![CDATA[SepAuditDetailsTest Successfully executed!!!!!!!!!!]]>
            </line>
          </reporter-output>
        </test-method> <!-- sepAuditDetailsTest -->
      </class> <!-- work.myimss.test.testcases.SepAuditDetailsTest -->
    </test> <!-- Sep Audit Details Test -->
    <test name="Sep Evaluation Results Test" duration-ms="12468" started-at="2019-11-11T09:01:43Z" finished-at="2019-11-11T09:01:56Z">
      <class name="work.myimss.test.testcases.SepEvaluationResultsTest">
        <test-method status="PASS" signature="setUp()[pri:0, instance:work.myimss.test.testcases.SepEvaluationResultsTest@1d0a61c8]" name="setUp" is-config="true" duration-ms="9522" started-at="2019-11-11T14:26:51Z" finished-at="2019-11-11T14:27:00Z">
          <reporter-output>
          </reporter-output>
        </test-method> <!-- setUp -->
        <test-method status="FAIL" signature="sepEvaluationResultsTest(java.util.Hashtable)[pri:0, instance:work.myimss.test.testcases.SepEvaluationResultsTest@1d0a61c8]" name="sepEvaluationResultsTest" duration-ms="11913" started-at="2019-11-11T14:31:43Z" data-provider="dp" finished-at="2019-11-11T14:31:55Z">
          <params>
            <param index="0">
              <value>
                <![CDATA[{evaluationId=111.0}]]>
              </value>
            </param>
          </params>
          <exception class="org.openqa.selenium.ElementNotInteractableException">
            <message>
              <![CDATA[element not interactable: Element is not currently visible and may not be manipulated
  (Session info: chrome=78.0.3904.87)
Build info: version: '3.141.59', revision: 'e82be7d358', time: '2018-11-14T08:17:03'
System info: host: 'IMSS-JKR-CPU-31', ip: '172.16.1.64', os.name: 'Windows 8.1', os.arch: 'amd64', os.version: '6.3', java.version: '1.8.0_201'
Driver info: org.openqa.selenium.chrome.ChromeDriver
Capabilities {acceptInsecureCerts: false, browserName: chrome, browserVersion: 78.0.3904.87, chrome: {chromedriverVersion: 77.0.3865.40 (f484704e052e0..., userDataDir: C:\Users\shilpans\AppData\L...}, goog:chromeOptions: {debuggerAddress: localhost:61508}, javascriptEnabled: true, networkConnectionEnabled: false, pageLoadStrategy: normal, platform: XP, platformName: XP, proxy: Proxy(), setWindowRect: true, strictFileInteractability: false, timeouts: {implicit: 0, pageLoad: 300000, script: 30000}, unhandledPromptBehavior: dismiss and notify}
Session ID: 55bbc754725c8025503151a503e6c05d]]>
            </message>
            <full-stacktrace>
              <![CDATA[org.openqa.selenium.ElementNotInteractableException: element not interactable: Element is not currently visible and may not be manipulated
  (Session info: chrome=78.0.3904.87)
Build info: version: '3.141.59', revision: 'e82be7d358', time: '2018-11-14T08:17:03'
System info: host: 'IMSS-JKR-CPU-31', ip: '172.16.1.64', os.name: 'Windows 8.1', os.arch: 'amd64', os.version: '6.3', java.version: '1.8.0_201'
Driver info: org.openqa.selenium.chrome.ChromeDriver
Capabilities {acceptInsecureCerts: false, browserName: chrome, browserVersion: 78.0.3904.87, chrome: {chromedriverVersion: 77.0.3865.40 (f484704e052e0..., userDataDir: C:\Users\shilpans\AppData\L...}, goog:chromeOptions: {debuggerAddress: localhost:61508}, javascriptEnabled: true, networkConnectionEnabled: false, pageLoadStrategy: normal, platform: XP, platformName: XP, proxy: Proxy(), setWindowRect: true, strictFileInteractability: false, timeouts: {implicit: 0, pageLoad: 300000, script: 30000}, unhandledPromptBehavior: dismiss and notify}
Session ID: 55bbc754725c8025503151a503e6c05d
	at sun.reflect.NativeConstructorAccessorImpl.newInstance0(Native Method)
	at sun.reflect.NativeConstructorAccessorImpl.newInstance(NativeConstructorAccessorImpl.java:62)
	at sun.reflect.DelegatingConstructorAccessorImpl.newInstance(DelegatingConstructorAccessorImpl.java:45)
	at java.lang.reflect.Constructor.newInstance(Constructor.java:423)
	at org.openqa.selenium.remote.http.W3CHttpResponseCodec.createException(W3CHttpResponseCodec.java:187)
	at org.openqa.selenium.remote.http.W3CHttpResponseCodec.decode(W3CHttpResponseCodec.java:122)
	at org.openqa.selenium.remote.http.W3CHttpResponseCodec.decode(W3CHttpResponseCodec.java:49)
	at org.openqa.selenium.remote.HttpCommandExecutor.execute(HttpCommandExecutor.java:158)
	at org.openqa.selenium.remote.service.DriverCommandExecutor.execute(DriverCommandExecutor.java:83)
	at org.openqa.selenium.remote.RemoteWebDriver.execute(RemoteWebDriver.java:552)
	at org.openqa.selenium.remote.RemoteWebElement.execute(RemoteWebElement.java:285)
	at org.openqa.selenium.remote.RemoteWebElement.click(RemoteWebElement.java:84)
	at org.openqa.selenium.support.ui.Select.setSelected(Select.java:311)
	at org.openqa.selenium.support.ui.Select.selectByVisibleText(Select.java:116)
	at work.myimss.test.base.TestBase.select(TestBase.java:203)
	at work.myimss.test.testcases.SepEvaluationResultsTest.sepEvaluationResultsTest(SepEvaluationResultsTest.java:22)
	at sun.reflect.NativeMethodAccessorImpl.invoke0(Native Method)
	at sun.reflect.NativeMethodAccessorImpl.invoke(NativeMethodAccessorImpl.java:62)
	at sun.reflect.DelegatingMethodAccessorImpl.invoke(DelegatingMethodAccessorImpl.java:43)
	at java.lang.reflect.Method.invoke(Method.java:498)
	at org.testng.internal.MethodInvocationHelper.invokeMethod(MethodInvocationHelper.java:108)
	at org.testng.internal.Invoker.invokeMethod(Invoker.java:661)
	at org.testng.internal.Invoker.invokeTestMethod(Invoker.java:869)
	at org.testng.internal.Invoker.invokeTestMethods(Invoker.java:1193)
	at org.testng.internal.TestMethodWorker.invokeTestMethods(TestMethodWorker.java:126)
	at org.testng.internal.TestMethodWorker.run(TestMethodWorker.java:109)
	at org.testng.TestRunner.privateRun(TestRunner.java:744)
	at org.testng.TestRunner.run(TestRunner.java:602)
	at org.testng.SuiteRunner.runTest(SuiteRunner.java:380)
	at org.testng.SuiteRunner.runSequentially(SuiteRunner.java:375)
	at org.testng.SuiteRunner.privateRun(SuiteRunner.java:340)
	at org.testng.SuiteRunner.run(SuiteRunner.java:289)
	at org.testng.SuiteRunnerWorker.runSuite(SuiteRunnerWorker.java:52)
	at org.testng.SuiteRunnerWorker.run(SuiteRunnerWorker.java:86)
	at org.testng.TestNG.runSuitesSequentially(TestNG.java:1301)
	at org.testng.TestNG.runSuitesLocally(TestNG.java:1226)
	at org.testng.TestNG.runSuites(TestNG.java:1144)
	at org.testng.TestNG.run(TestNG.java:1115)
	at org.apache.maven.surefire.testng.TestNGExecutor.run(TestNGExecutor.java:295)
	at org.apache.maven.surefire.testng.TestNGXmlTestSuite.execute(TestNGXmlTestSuite.java:84)
	at org.apache.maven.surefire.testng.TestNGProvider.invoke(TestNGProvider.java:90)
	at sun.reflect.NativeMethodAccessorImpl.invoke0(Native Method)
	at sun.reflect.NativeMethodAccessorImpl.invoke(NativeMethodAccessorImpl.java:62)
	at sun.reflect.DelegatingMethodAccessorImpl.invoke(DelegatingMethodAccessorImpl.java:43)
	at java.lang.reflect.Method.invoke(Method.java:498)
	at org.apache.maven.surefire.util.ReflectionUtils.invokeMethodWithArray2(ReflectionUtils.java:208)
	at org.apache.maven.surefire.booter.ProviderFactory$ProviderProxy.invoke(ProviderFactory.java:155)
	at org.apache.maven.surefire.booter.ProviderFactory.invokeProvider(ProviderFactory.java:81)
	at org.apache.maven.plugin.surefire.InPluginVMSurefireStarter.runSuitesInProcess(InPluginVMSurefireStarter.java:82)
	at org.apache.maven.plugin.surefire.AbstractSurefireMojo.executeProvider(AbstractSurefireMojo.java:974)
	at org.apache.maven.plugin.surefire.AbstractSurefireMojo.executeAfterPreconditionsChecked(AbstractSurefireMojo.java:824)
	at org.apache.maven.plugin.surefire.AbstractSurefireMojo.execute(AbstractSurefireMojo.java:722)
	at org.apache.maven.plugin.DefaultBuildPluginManager.executeMojo(DefaultBuildPluginManager.java:133)
	at org.apache.maven.lifecycle.internal.MojoExecutor.execute(MojoExecutor.java:208)
	at org.apache.maven.lifecycle.internal.MojoExecutor.execute(MojoExecutor.java:153)
	at org.apache.maven.lifecycle.internal.MojoExecutor.execute(MojoExecutor.java:145)
	at org.apache.maven.lifecycle.internal.LifecycleModuleBuilder.buildProject(LifecycleModuleBuilder.java:108)
	at org.apache.maven.lifecycle.internal.LifecycleModuleBuilder.buildProject(LifecycleModuleBuilder.java:76)
	at org.apache.maven.lifecycle.internal.builder.singlethreaded.SingleThreadedBuilder.build(SingleThreadedBuilder.java:51)
	at org.apache.maven.lifecycle.internal.LifecycleStarter.execute(LifecycleStarter.java:116)
	at org.apache.maven.DefaultMaven.doExecute(DefaultMaven.java:361)
	at org.apache.maven.DefaultMaven.execute(DefaultMaven.java:155)
	at org.apache.maven.cli.MavenCli.execute(MavenCli.java:584)
	at org.apache.maven.cli.MavenCli.doMain(MavenCli.java:213)
	at org.apache.maven.cli.MavenCli.main(MavenCli.java:157)
	at sun.reflect.NativeMethodAccessorImpl.invoke0(Native Method)
	at sun.reflect.NativeMethodAccessorImpl.invoke(NativeMethodAccessorImpl.java:62)
	at sun.reflect.DelegatingMethodAccessorImpl.invoke(DelegatingMethodAccessorImpl.java:43)
	at java.lang.reflect.Method.invoke(Method.java:498)
	at org.codehaus.plexus.classworlds.launcher.Launcher.launchEnhanced(Launcher.java:289)
	at org.codehaus.plexus.classworlds.launcher.Launcher.launch(Launcher.java:229)
	at org.codehaus.plexus.classworlds.launcher.Launcher.mainWithExitCode(Launcher.java:415)
	at org.codehaus.plexus.classworlds.launcher.Launcher.main(Launcher.java:356)
]]>
            </full-stacktrace>
          </exception> <!-- org.openqa.selenium.ElementNotInteractableException -->
          <reporter-output>
            <line>
              <![CDATA[Click to see Screenshot]]>
            </line>
            <line>
              <![CDATA[<a target="_blank" href=Mon_Nov_11_14_31_56_IST_2019.jpg>Screenshot</a>]]>
            </line>
            <line>
              <![CDATA[<br>]]>
            </line>
            <line>
              <![CDATA[<br>]]>
            </line>
            <line>
              <![CDATA[<a target="_blank" href=Mon_Nov_11_14_31_56_IST_2019.jpg><img src=Mon_Nov_11_14_31_56_IST_2019.jpg height=200 width=200></img></a>]]>
            </line>
          </reporter-output>
        </test-method> <!-- sepEvaluationResultsTest -->
        <test-method status="PASS" signature="tearDown()[pri:0, instance:work.myimss.test.testcases.SepEvaluationResultsTest@1d0a61c8]" name="tearDown" is-config="true" duration-ms="0" started-at="2019-11-11T14:31:56Z" finished-at="2019-11-11T14:31:56Z">
          <reporter-output>
          </reporter-output>
        </test-method> <!-- tearDown -->
      </class> <!-- work.myimss.test.testcases.SepEvaluationResultsTest -->
    </test> <!-- Sep Evaluation Results Test -->
  </suite> <!-- Data Driven Basics -->
</testng-results>
