<!DOCTYPE html PUBLIC "-//W3C//DTD XHTML 1.1//EN" "http://www.w3.org/TR/xhtml11/DTD/xhtml11.dtd">
<html xmlns="http://www.w3.org/1999/xhtml"><head><title>TestNG Report</title><style type="text/css">table {margin-bottom:10px;border-collapse:collapse;empty-cells:show}th,td {border:1px solid #009;padding:.25em .5em}th {vertical-align:bottom}td {vertical-align:top}table a {font-weight:bold}.stripe td {background-color: #E6EBF9}.num {text-align:right}.passedodd td {background-color: #3F3}.passedeven td {background-color: #0A0}.skippedodd td {background-color: #DDD}.skippedeven td {background-color: #CCC}.failedodd td,.attn {background-color: #F33}.failedeven td,.stripe .attn {background-color: #D00}.stacktrace {white-space:pre;font-family:monospace}.totop {font-size:85%;text-align:center;border-bottom:2px solid #000}</style></head><body><table><tr><th>Test</th><th># Passed</th><th># Skipped</th><th># Failed</th><th>Time (ms)</th><th>Included Groups</th><th>Excluded Groups</th></tr><tr><th colspan="7">Data Driven Basics</th></tr><tr><td><a href="#t0">Login Test</a></td><td class="num">1</td><td class="num">0</td><td class="num">0</td><td class="num">4,597</td><td></td><td></td></tr><tr class="stripe"><td><a href="#t1">Myimss Admin Test</a></td><td class="num">1</td><td class="num">0</td><td class="num">0</td><td class="num">6,674</td><td></td><td></td></tr><tr><td><a href="#t2">Administration Test</a></td><td class="num">1</td><td class="num">0</td><td class="num">0</td><td class="num">636</td><td></td><td></td></tr><tr class="stripe"><td><a href="#t3">Role MAnagement Administration Test</a></td><td class="num">1</td><td class="num">0</td><td class="num">0</td><td class="num">7,732</td><td></td><td></td></tr><tr><td><a href="#t4">Create Role Test</a></td><td class="num">0</td><td class="num">0</td><td class="num attn">1</td><td class="num">740</td><td></td><td></td></tr><tr class="stripe"><td><a href="#t5">Advanced Search Test</a></td><td class="num">0</td><td class="num">0</td><td class="num attn">1</td><td class="num">592</td><td></td><td></td></tr><tr><td><a href="#t6">Edit Role Test</a></td><td class="num">0</td><td class="num">0</td><td class="num attn">1</td><td class="num">490</td><td></td><td></td></tr><tr class="stripe"><td><a href="#t7">Role Delete Test</a></td><td class="num">0</td><td class="num">0</td><td class="num attn">1</td><td class="num">20,549</td><td></td><td></td></tr><tr><td><a href="#t8">User Management Administration Test</a></td><td class="num">1</td><td class="num">0</td><td class="num">0</td><td class="num">2,565</td><td></td><td></td></tr><tr class="stripe"><td><a href="#t9">User Advanced Search Test</a></td><td class="num">0</td><td class="num">0</td><td class="num attn">1</td><td class="num">475</td><td></td><td></td></tr><tr><td><a href="#t10">User Edit Test</a></td><td class="num">1</td><td class="num">0</td><td class="num">0</td><td class="num">4,586</td><td></td><td></td></tr><tr class="stripe"><td><a href="#t11">Application Configuration Administration Test</a></td><td class="num">1</td><td class="num">0</td><td class="num">0</td><td class="num">4,387</td><td></td><td></td></tr><tr><td><a href="#t12">App Config Advanced Search Test</a></td><td class="num">0</td><td class="num">0</td><td class="num attn">1</td><td class="num">503</td><td></td><td></td></tr><tr class="stripe"><td><a href="#t13">App Config Edit Test</a></td><td class="num">0</td><td class="num">0</td><td class="num attn">1</td><td class="num">524</td><td></td><td></td></tr><tr><td><a href="#t14">Main Menu Test</a></td><td class="num">1</td><td class="num">0</td><td class="num">0</td><td class="num">3,032</td><td></td><td></td></tr><tr class="stripe"><td><a href="#t15">Sep Administration Test</a></td><td class="num">1</td><td class="num">0</td><td class="num">0</td><td class="num">832</td><td></td><td></td></tr><tr><td><a href="#t16">Sep Application Config Test</a></td><td class="num">1</td><td class="num">0</td><td class="num">0</td><td class="num">2,164</td><td></td><td></td></tr><tr class="stripe"><td><a href="#t17">Sep App Config Advanced Search Test</a></td><td class="num">0</td><td class="num">0</td><td class="num attn">1</td><td class="num">512</td><td></td><td></td></tr><tr><td><a href="#t18">Sep App Config Edit Test</a></td><td class="num">0</td><td class="num">0</td><td class="num attn">1</td><td class="num">521</td><td></td><td></td></tr><tr class="stripe"><td><a href="#t19">Sep Lang Sub Category Test</a></td><td class="num">1</td><td class="num">0</td><td class="num">0</td><td class="num">1,940</td><td></td><td></td></tr><tr><td><a href="#t20">Sep Create Lang Sub Category Test</a></td><td class="num">0</td><td class="num">0</td><td class="num attn">1</td><td class="num">549</td><td></td><td></td></tr><tr class="stripe"><td><a href="#t21">Sep Lang Advanced Search Test</a></td><td class="num">0</td><td class="num">0</td><td class="num attn">1</td><td class="num">511</td><td></td><td></td></tr><tr><td><a href="#t22">Sep Lang Edit Test</a></td><td class="num">0</td><td class="num">0</td><td class="num attn">1</td><td class="num">514</td><td></td><td></td></tr><tr class="stripe"><td><a href="#t23">Sep Lang Delete Test</a></td><td class="num">0</td><td class="num">0</td><td class="num attn">1</td><td class="num">20,526</td><td></td><td></td></tr><tr><td><a href="#t24">Sep Evaluation Test</a></td><td class="num">1</td><td class="num">0</td><td class="num">0</td><td class="num">406</td><td></td><td></td></tr><tr class="stripe"><td><a href="#t25">Sep Evaluation Request Test</a></td><td class="num">1</td><td class="num">0</td><td class="num">0</td><td class="num">3,141</td><td></td><td></td></tr><tr><td><a href="#t26">Sep Create Test Request Test</a></td><td class="num">0</td><td class="num">0</td><td class="num attn">1</td><td class="num">546</td><td></td><td></td></tr><tr class="stripe"><td><a href="#t27">Sep Define Evaluation Test</a></td><td class="num">1</td><td class="num">0</td><td class="num">0</td><td class="num">1,850</td><td></td><td></td></tr><tr><td><a href="#t28">Sep Define Section Test</a></td><td class="num">0</td><td class="num">0</td><td class="num attn">1</td><td class="num">489</td><td></td><td></td></tr><tr><th>Total</th><th class="num">14</th><th class="num">0</th><th class="num attn">15</th><th class="num">92,583</th><th colspan="2"></th></tr></table><table id='summary'><thead><tr><th>Class</th><th>Method</th><th>Start</th><th>Time (ms)</th></tr></thead><tbody><tr><th colspan="4">Data Driven Basics</th></tr></tbody><tbody id="t0"><tr><th colspan="4">Login Test &#8212; passed</th></tr><tr class="passedeven"><td rowspan="1">work.myimss.test.testcases.LoginTest</td><td><a href="#m0">loginTest</a></td><td rowspan="1">1572434180442</td><td rowspan="1">3529</td></tr></tbody><tbody id="t1"><tr><th colspan="4">Myimss Admin Test &#8212; passed</th></tr><tr class="passedeven"><td rowspan="1">work.myimss.test.testcases.MyimssAdminTest</td><td><a href="#m1">myimssAdminTest</a></td><td rowspan="1">1572434185279</td><td rowspan="1">6417</td></tr></tbody><tbody id="t2"><tr><th colspan="4">Administration Test &#8212; passed</th></tr><tr class="passedeven"><td rowspan="1">work.myimss.test.testcases.AdministrationTest</td><td><a href="#m2">administrationTest</a></td><td rowspan="1">1572434192162</td><td rowspan="1">517</td></tr></tbody><tbody id="t3"><tr><th colspan="4">Role MAnagement Administration Test &#8212; passed</th></tr><tr class="passedeven"><td rowspan="1">work.myimss.test.testcases.RoleManagementAdministrationTest</td><td><a href="#m3">roleManagementAdministrationTest</a></td><td rowspan="1">1572434192884</td><td rowspan="1">7647</td></tr></tbody><tbody id="t4"><tr><th colspan="4">Create Role Test &#8212; failed</th></tr><tr class="failedeven"><td rowspan="1">work.myimss.test.testcases.CreateRoleTest</td><td><a href="#m4">createRoleTest</a></td><td rowspan="1">1572434200693</td><td rowspan="1">14</td></tr></tbody><tbody id="t5"><tr><th colspan="4">Advanced Search Test &#8212; failed</th></tr><tr class="failedeven"><td rowspan="1">work.myimss.test.testcases.RoleAdvancedSearchTest</td><td><a href="#m5">roleAdvancedSearchTest</a></td><td rowspan="1">1572434201537</td><td rowspan="1">2</td></tr></tbody><tbody id="t6"><tr><th colspan="4">Edit Role Test &#8212; failed</th></tr><tr class="failedeven"><td rowspan="1">work.myimss.test.testcases.RoleEditTest</td><td><a href="#m6">roleEditTest</a></td><td rowspan="1">1572434202182</td><td rowspan="1">4</td></tr></tbody><tbody id="t7"><tr><th colspan="4">Role Delete Test &#8212; failed</th></tr><tr class="failedeven"><td rowspan="1">work.myimss.test.testcases.RoleDeleteTest</td><td><a href="#m7">roleDeleteTest</a></td><td rowspan="1">1572434202698</td><td rowspan="1">20094</td></tr></tbody><tbody id="t8"><tr><th colspan="4">User Management Administration Test &#8212; passed</th></tr><tr class="passedeven"><td rowspan="1">work.myimss.test.testcases.UserManagementAdministrationTest</td><td><a href="#m8">userManagementAdministrationTest</a></td><td rowspan="1">1572434223298</td><td rowspan="1">2498</td></tr></tbody><tbody id="t9"><tr><th colspan="4">User Advanced Search Test &#8212; failed</th></tr><tr class="failedeven"><td rowspan="1">work.myimss.test.testcases.UserAdvancedSearchTest</td><td><a href="#m9">userAdvancedSearchTest</a></td><td rowspan="1">1572434225894</td><td rowspan="1">2</td></tr></tbody><tbody id="t10"><tr><th colspan="4">User Edit Test &#8212; passed</th></tr><tr class="passedeven"><td rowspan="1">work.myimss.test.testcases.UserEditTest</td><td><a href="#m10">userEditTest</a></td><td rowspan="1">1572434226390</td><td rowspan="1">4448</td></tr></tbody><tbody id="t11"><tr><th colspan="4">Application Configuration Administration Test &#8212; passed</th></tr><tr class="passedeven"><td rowspan="1">work.myimss.test.testcases.ApplicationConfigurationAdministrationTest</td><td><a href="#m11">applicationConfigurationAdministrationTest</a></td><td rowspan="1">1572434231011</td><td rowspan="1">4317</td></tr></tbody><tbody id="t12"><tr><th colspan="4">App Config Advanced Search Test &#8212; failed</th></tr><tr class="failedeven"><td rowspan="1">work.myimss.test.testcases.AppConfigAdvancedSearchTest</td><td><a href="#m12">appConfigAdvancedSearchTest</a></td><td rowspan="1">1572434235404</td><td rowspan="1">1</td></tr></tbody><tbody id="t13"><tr><th colspan="4">App Config Edit Test &#8212; failed</th></tr><tr class="failedeven"><td rowspan="1">work.myimss.test.testcases.AppConfigEditTest</td><td><a href="#m13">appConfigEditTest</a></td><td rowspan="1">1572434235960</td><td rowspan="1">3</td></tr></tbody><tbody id="t14"><tr><th colspan="4">Main Menu Test &#8212; passed</th></tr><tr class="passedeven"><td rowspan="1">work.myimss.test.testcases.MainMenuTest</td><td><a href="#m14">mainMenuSkillsTest</a></td><td rowspan="1">1572434236513</td><td rowspan="1">2948</td></tr></tbody><tbody id="t15"><tr><th colspan="4">Sep Administration Test &#8212; passed</th></tr><tr class="passedeven"><td rowspan="1">work.myimss.test.testcases.SepAdministrationTest</td><td><a href="#m15">sepAdministrationTest</a></td><td rowspan="1">1572434239550</td><td rowspan="1">765</td></tr></tbody><tbody id="t16"><tr><th colspan="4">Sep Application Config Test &#8212; passed</th></tr><tr class="passedeven"><td rowspan="1">work.myimss.test.testcases.SepApplicationConfigTest</td><td><a href="#m16">sepApplicationConfigTest</a></td><td rowspan="1">1572434240423</td><td rowspan="1">2095</td></tr></tbody><tbody id="t17"><tr><th colspan="4">Sep App Config Advanced Search Test &#8212; failed</th></tr><tr class="failedeven"><td rowspan="1">work.myimss.test.testcases.SepAppConfigAdvancedSearchTest</td><td><a href="#m17">sepAppConfigAdvancedSearchTest</a></td><td rowspan="1">1572434242599</td><td rowspan="1">3</td></tr></tbody><tbody id="t18"><tr><th colspan="4">Sep App Config Edit Test &#8212; failed</th></tr><tr class="failedeven"><td rowspan="1">work.myimss.test.testcases.SepAppConfigEditTest</td><td><a href="#m18">sepAppConfigEditTest</a></td><td rowspan="1">1572434243143</td><td rowspan="1">1</td></tr></tbody><tbody id="t19"><tr><th colspan="4">Sep Lang Sub Category Test &#8212; passed</th></tr><tr class="passedeven"><td rowspan="1">work.myimss.test.testcases.SepLangSubCategoryTest</td><td><a href="#m19">sepLangSubCategoryTest</a></td><td rowspan="1">1572434243673</td><td rowspan="1">1893</td></tr></tbody><tbody id="t20"><tr><th colspan="4">Sep Create Lang Sub Category Test &#8212; failed</th></tr><tr class="failedeven"><td rowspan="1">work.myimss.test.testcases.SepCreateLangSubCategoryTest</td><td><a href="#m20">sepCreateLangSubCategoryTest</a></td><td rowspan="1">1572434245617</td><td rowspan="1">4</td></tr></tbody><tbody id="t21"><tr><th colspan="4">Sep Lang Advanced Search Test &#8212; failed</th></tr><tr class="failedeven"><td rowspan="1">work.myimss.test.testcases.SepLangAdvancedSearchTest</td><td><a href="#m21">sepLangAdvancedSearchTest</a></td><td rowspan="1">1572434246181</td><td rowspan="1">0</td></tr></tbody><tbody id="t22"><tr><th colspan="4">Sep Lang Edit Test &#8212; failed</th></tr><tr class="failedeven"><td rowspan="1">work.myimss.test.testcases.SepLangEditTest</td><td><a href="#m22">sepLangEditTest</a></td><td rowspan="1">1572434246746</td><td rowspan="1">0</td></tr></tbody><tbody id="t23"><tr><th colspan="4">Sep Lang Delete Test &#8212; failed</th></tr><tr class="failedeven"><td rowspan="1">work.myimss.test.testcases.SepLangDeleteTest</td><td><a href="#m23">sepLangDeleteTest</a></td><td rowspan="1">1572434247274</td><td rowspan="1">20081</td></tr></tbody><tbody id="t24"><tr><th colspan="4">Sep Evaluation Test &#8212; passed</th></tr><tr class="passedeven"><td rowspan="1">work.myimss.test.testcases.SepEvaluationTest</td><td><a href="#m24">sepEvaluationTest</a></td><td rowspan="1">1572434267825</td><td rowspan="1">364</td></tr></tbody><tbody id="t25"><tr><th colspan="4">Sep Evaluation Request Test &#8212; passed</th></tr><tr class="passedeven"><td rowspan="1">work.myimss.test.testcases.SepEvaluationRequestTest</td><td><a href="#m25">sepEvaluationRequestTest</a></td><td rowspan="1">1572434268252</td><td rowspan="1">3094</td></tr></tbody><tbody id="t26"><tr><th colspan="4">Sep Create Test Request Test &#8212; failed</th></tr><tr class="failedeven"><td rowspan="1">work.myimss.test.testcases.SepCreateTestRequestTest</td><td><a href="#m26">sepCreateTestRequestTest</a></td><td rowspan="1">1572434271408</td><td rowspan="1">51</td></tr></tbody><tbody id="t27"><tr><th colspan="4">Sep Define Evaluation Test &#8212; passed</th></tr><tr class="passedeven"><td rowspan="1">work.myimss.test.testcases.SepDefineEvaluationTest</td><td><a href="#m27">sepDefineEvaluationTest</a></td><td rowspan="1">1572434271970</td><td rowspan="1">1779</td></tr></tbody><tbody id="t28"><tr><th colspan="4">Sep Define Section Test &#8212; failed</th></tr><tr class="failedeven"><td rowspan="1">work.myimss.test.testcases.SepDefineSectionTest</td><td><a href="#m28">sepDefineSectionTest</a></td><td rowspan="1">1572434273826</td><td rowspan="1">2</td></tr></tbody></table><h2>Login Test</h2><h3 id="m0">work.myimss.test.testcases.LoginTest#loginTest</h3><table class="result"><tr class="param"><th>Parameter #1</th></tr><tr class="param stripe"><td>{password=int123$%^, username=parimalas}</td></tr><tr><th>Messages</th></tr><tr><td><div class="messages">Login Successfully executed!!!!!!!!!!</div></td></tr></table><p class="totop"><a href="#summary">back to summary</a></p><h2>Myimss Admin Test</h2><h3 id="m1">work.myimss.test.testcases.MyimssAdminTest#myimssAdminTest</h3><table class="result"><tr><th>Messages</th></tr><tr><td><div class="messages">MyimssAdminTest Successfully executed!!!!!!!!!!</div></td></tr></table><p class="totop"><a href="#summary">back to summary</a></p><h2>Administration Test</h2><h3 id="m2">work.myimss.test.testcases.AdministrationTest#administrationTest</h3><table class="result"><tr><th>Messages</th></tr><tr><td><div class="messages">AdministrationTest Successfully executed!!!!!!!!!!</div></td></tr></table><p class="totop"><a href="#summary">back to summary</a></p><h2>Role MAnagement Administration Test</h2><h3 id="m3">work.myimss.test.testcases.RoleManagementAdministrationTest#roleManagementAdministrationTest</h3><table class="result"><tr><th>Messages</th></tr><tr><td><div class="messages">RoleManagementAdministrationTest Successfully executed!!!!!!!!!!</div></td></tr></table><p class="totop"><a href="#summary">back to summary</a></p><h2>Create Role Test</h2><h3 id="m4">work.myimss.test.testcases.CreateRoleTest#createRoleTest</h3><table class="result"><tr><th>Exception</th></tr><tr><td><div class="stacktrace">org.testng.internal.reflect.MethodMatcherException: 
Data provider mismatch
Method: createRoleTest([Parameter{index=0, type=java.lang.String, declaredAnnotations=[]}, Parameter{index=1, type=java.lang.String, declaredAnnotations=[]}, Parameter{index=2, type=java.lang.String, declaredAnnotations=[]}])
Arguments: [(java.util.Hashtable){rolename=zzz, roledescription=test role, emsrole=Employee}]
... Removed 20 stack frames</div></td></tr></table><p class="totop"><a href="#summary">back to summary</a></p><h2>Advanced Search Test</h2><h3 id="m5">work.myimss.test.testcases.RoleAdvancedSearchTest#roleAdvancedSearchTest</h3><table class="result"><tr><th>Exception</th></tr><tr><td><div class="stacktrace">org.testng.internal.reflect.MethodMatcherException: 
Data provider mismatch
Method: roleAdvancedSearchTest([Parameter{index=0, type=java.lang.String, declaredAnnotations=[]}])
Arguments: [(java.util.Hashtable){rolename=zzz}]
... Removed 20 stack frames</div></td></tr></table><p class="totop"><a href="#summary">back to summary</a></p><h2>Edit Role Test</h2><h3 id="m6">work.myimss.test.testcases.RoleEditTest#roleEditTest</h3><table class="result"><tr><th>Exception</th></tr><tr><td><div class="stacktrace">org.testng.internal.reflect.MethodMatcherException: 
Data provider mismatch
Method: roleEditTest([Parameter{index=0, type=java.lang.String, declaredAnnotations=[]}, Parameter{index=1, type=java.lang.String, declaredAnnotations=[]}, Parameter{index=2, type=java.lang.String, declaredAnnotations=[]}])
Arguments: [(java.util.Hashtable){rolename=zzz, roledescription=test roles edited, emsrole=Employee}]
... Removed 20 stack frames</div></td></tr></table><p class="totop"><a href="#summary">back to summary</a></p><h2>Role Delete Test</h2><h3 id="m7">work.myimss.test.testcases.RoleDeleteTest#roleDeleteTest</h3><table class="result"><tr><th>Messages</th></tr><tr><td><div class="messages">Click to see Screenshot<br/><a target="_blank" href=Wed_Oct_30_16_47_03_IST_2019.jpg>Screenshot</a><br/><br><br/><br><br/><a target="_blank" href=Wed_Oct_30_16_47_03_IST_2019.jpg><img src=Wed_Oct_30_16_47_03_IST_2019.jpg height=200 width=200></img></a></div></td></tr><tr><th>Exception</th></tr><tr><td><div class="stacktrace">org.openqa.selenium.NoSuchElementException: no such element: Unable to locate element: {&quot;method&quot;:&quot;xpath&quot;,&quot;selector&quot;:&quot;(//i[@class=&apos;fa fa-fw fa-trash&apos;])[10]&quot;}
  (Session info: chrome=78.0.3904.70)
For documentation on this error, please visit: https://www.seleniumhq.org/exceptions/no_such_element.html
Build info: version: &apos;3.141.59&apos;, revision: &apos;e82be7d358&apos;, time: &apos;2018-11-14T08:17:03&apos;
System info: host: &apos;IMSS-JKR-CPU-31&apos;, ip: &apos;172.16.1.64&apos;, os.name: &apos;Windows 8.1&apos;, os.arch: &apos;amd64&apos;, os.version: &apos;6.3&apos;, java.version: &apos;1.8.0_201&apos;
Driver info: org.openqa.selenium.chrome.ChromeDriver
Capabilities {acceptInsecureCerts: false, browserName: chrome, browserVersion: 78.0.3904.70, chrome: {chromedriverVersion: 77.0.3865.40 (f484704e052e0..., userDataDir: C:\Users\shilpans\AppData\L...}, goog:chromeOptions: {debuggerAddress: localhost:53632}, javascriptEnabled: true, networkConnectionEnabled: false, pageLoadStrategy: normal, platform: XP, platformName: XP, proxy: Proxy(), setWindowRect: true, strictFileInteractability: false, timeouts: {implicit: 0, pageLoad: 300000, script: 30000}, unhandledPromptBehavior: dismiss and notify}
Session ID: 3203e70624f8febda10190b0bb30dc5d
*** Element info: {Using=xpath, value=(//i[@class=&apos;fa fa-fw fa-trash&apos;])[10]}
	at org.openqa.selenium.remote.http.W3CHttpResponseCodec.createException(W3CHttpResponseCodec.java:187)
	at org.openqa.selenium.remote.http.W3CHttpResponseCodec.decode(W3CHttpResponseCodec.java:122)
	at org.openqa.selenium.remote.http.W3CHttpResponseCodec.decode(W3CHttpResponseCodec.java:49)
	at org.openqa.selenium.remote.HttpCommandExecutor.execute(HttpCommandExecutor.java:158)
	at org.openqa.selenium.remote.service.DriverCommandExecutor.execute(DriverCommandExecutor.java:83)
	at org.openqa.selenium.remote.RemoteWebDriver.execute(RemoteWebDriver.java:552)
	at org.openqa.selenium.remote.RemoteWebDriver.findElement(RemoteWebDriver.java:323)
	at org.openqa.selenium.remote.RemoteWebDriver.findElementByXPath(RemoteWebDriver.java:428)
	at org.openqa.selenium.By$ByXPath.findElement(By.java:353)
	at org.openqa.selenium.remote.RemoteWebDriver.findElement(RemoteWebDriver.java:315)
	at work.myimss.test.base.TestBase.click(TestBase.java:97)
	at work.myimss.test.testcases.RoleDeleteTest.roleDeleteTest(RoleDeleteTest.java:16)
... Removed 29 stack frames</div></td></tr></table><p class="totop"><a href="#summary">back to summary</a></p><h2>User Management Administration Test</h2><h3 id="m8">work.myimss.test.testcases.UserManagementAdministrationTest#userManagementAdministrationTest</h3><table class="result"><tr><th>Messages</th></tr><tr><td><div class="messages">UserManagementAdministration Test Successfully executed</div></td></tr></table><p class="totop"><a href="#summary">back to summary</a></p><h2>User Advanced Search Test</h2><h3 id="m9">work.myimss.test.testcases.UserAdvancedSearchTest#userAdvancedSearchTest</h3><table class="result"><tr><th>Exception</th></tr><tr><td><div class="stacktrace">org.testng.internal.reflect.MethodMatcherException: 
Data provider mismatch
Method: userAdvancedSearchTest([Parameter{index=0, type=java.lang.String, declaredAnnotations=[]}])
Arguments: [(java.util.Hashtable){fname=suma}]
... Removed 20 stack frames</div></td></tr></table><p class="totop"><a href="#summary">back to summary</a></p><h2>User Edit Test</h2><h3 id="m10">work.myimss.test.testcases.UserEditTest#userEditTest</h3><table class="result"><tr><th>Messages</th></tr><tr><td><div class="messages">UserEditTest Successfully executed!!!!!!!!!!</div></td></tr></table><p class="totop"><a href="#summary">back to summary</a></p><h2>Application Configuration Administration Test</h2><h3 id="m11">work.myimss.test.testcases.ApplicationConfigurationAdministrationTest#applicationConfigurationAdministrationTest</h3><table class="result"><tr><th>Messages</th></tr><tr><td><div class="messages">ApplicationConfigurationAdministrationTest Succefully executed</div></td></tr></table><p class="totop"><a href="#summary">back to summary</a></p><h2>App Config Advanced Search Test</h2><h3 id="m12">work.myimss.test.testcases.AppConfigAdvancedSearchTest#appConfigAdvancedSearchTest</h3><table class="result"><tr><th>Exception</th></tr><tr><td><div class="stacktrace">org.testng.internal.reflect.MethodMatcherException: 
Data provider mismatch
Method: appConfigAdvancedSearchTest([Parameter{index=0, type=java.lang.String, declaredAnnotations=[]}])
Arguments: [(java.util.Hashtable){configName=DCName}]
... Removed 20 stack frames</div></td></tr></table><p class="totop"><a href="#summary">back to summary</a></p><h2>App Config Edit Test</h2><h3 id="m13">work.myimss.test.testcases.AppConfigEditTest#appConfigEditTest</h3><table class="result"><tr><th>Exception</th></tr><tr><td><div class="stacktrace">org.testng.internal.reflect.MethodMatcherException: 
Data provider mismatch
Method: appConfigEditTest([Parameter{index=0, type=java.lang.String, declaredAnnotations=[]}])
Arguments: [(java.util.Hashtable){configValue=integramicro }]
... Removed 20 stack frames</div></td></tr></table><p class="totop"><a href="#summary">back to summary</a></p><h2>Main Menu Test</h2><h3 id="m14">work.myimss.test.testcases.MainMenuTest#mainMenuSkillsTest</h3><table class="result"><tr><th>Messages</th></tr><tr><td><div class="messages">Successfully executed MainMenuTest</div></td></tr></table><p class="totop"><a href="#summary">back to summary</a></p><h2>Sep Administration Test</h2><h3 id="m15">work.myimss.test.testcases.SepAdministrationTest#sepAdministrationTest</h3><table class="result"><tr><th>Messages</th></tr><tr><td><div class="messages">SepAdministrationTest Successfully executed!!!!!!!!!!</div></td></tr></table><p class="totop"><a href="#summary">back to summary</a></p><h2>Sep Application Config Test</h2><h3 id="m16">work.myimss.test.testcases.SepApplicationConfigTest#sepApplicationConfigTest</h3><table class="result"><tr><th>Messages</th></tr><tr><td><div class="messages">SepApplicationConfigTest Succefully executed</div></td></tr></table><p class="totop"><a href="#summary">back to summary</a></p><h2>Sep App Config Advanced Search Test</h2><h3 id="m17">work.myimss.test.testcases.SepAppConfigAdvancedSearchTest#sepAppConfigAdvancedSearchTest</h3><table class="result"><tr><th>Exception</th></tr><tr><td><div class="stacktrace">org.testng.internal.reflect.MethodMatcherException: 
Data provider mismatch
Method: sepAppConfigAdvancedSearchTest([Parameter{index=0, type=java.lang.String, declaredAnnotations=[]}])
Arguments: [(java.util.Hashtable){configName=SMTP User}]
... Removed 20 stack frames</div></td></tr></table><p class="totop"><a href="#summary">back to summary</a></p><h2>Sep App Config Edit Test</h2><h3 id="m18">work.myimss.test.testcases.SepAppConfigEditTest#sepAppConfigEditTest</h3><table class="result"><tr><th>Exception</th></tr><tr><td><div class="stacktrace">org.testng.internal.reflect.MethodMatcherException: 
Data provider mismatch
Method: sepAppConfigEditTest([Parameter{index=0, type=java.lang.String, declaredAnnotations=[]}])
Arguments: [(java.util.Hashtable){configValue=myim@imss.work}]
... Removed 20 stack frames</div></td></tr></table><p class="totop"><a href="#summary">back to summary</a></p><h2>Sep Lang Sub Category Test</h2><h3 id="m19">work.myimss.test.testcases.SepLangSubCategoryTest#sepLangSubCategoryTest</h3><table class="result"><tr><th>Messages</th></tr><tr><td><div class="messages">SepLangSubCategoryTest Successfully executed</div></td></tr></table><p class="totop"><a href="#summary">back to summary</a></p><h2>Sep Create Lang Sub Category Test</h2><h3 id="m20">work.myimss.test.testcases.SepCreateLangSubCategoryTest#sepCreateLangSubCategoryTest</h3><table class="result"><tr><th>Exception</th></tr><tr><td><div class="stacktrace">org.testng.internal.reflect.MethodMatcherException: 
Data provider mismatch
Method: sepCreateLangSubCategoryTest([Parameter{index=0, type=java.lang.String, declaredAnnotations=[]}, Parameter{index=1, type=java.lang.String, declaredAnnotations=[]}])
Arguments: [(java.util.Hashtable){name=j2ee, language=Java}]
... Removed 20 stack frames</div></td></tr></table><p class="totop"><a href="#summary">back to summary</a></p><h2>Sep Lang Advanced Search Test</h2><h3 id="m21">work.myimss.test.testcases.SepLangAdvancedSearchTest#sepLangAdvancedSearchTest</h3><table class="result"><tr><th>Exception</th></tr><tr><td><div class="stacktrace">org.testng.internal.reflect.MethodMatcherException: 
Data provider mismatch
Method: sepLangAdvancedSearchTest([Parameter{index=0, type=java.lang.String, declaredAnnotations=[]}])
Arguments: [(java.util.Hashtable){name=j2ee, =}]
... Removed 20 stack frames</div></td></tr></table><p class="totop"><a href="#summary">back to summary</a></p><h2>Sep Lang Edit Test</h2><h3 id="m22">work.myimss.test.testcases.SepLangEditTest#sepLangEditTest</h3><table class="result"><tr><th>Exception</th></tr><tr><td><div class="stacktrace">org.testng.internal.reflect.MethodMatcherException: 
Data provider mismatch
Method: sepLangEditTest([Parameter{index=0, type=java.lang.String, declaredAnnotations=[]}])
Arguments: [(java.util.Hashtable){name=j2ee123}]
... Removed 20 stack frames</div></td></tr></table><p class="totop"><a href="#summary">back to summary</a></p><h2>Sep Lang Delete Test</h2><h3 id="m23">work.myimss.test.testcases.SepLangDeleteTest#sepLangDeleteTest</h3><table class="result"><tr><th>Messages</th></tr><tr><td><div class="messages">Click to see Screenshot<br/><a target="_blank" href=Wed_Oct_30_16_47_47_IST_2019.jpg>Screenshot</a><br/><br><br/><br><br/><a target="_blank" href=Wed_Oct_30_16_47_47_IST_2019.jpg><img src=Wed_Oct_30_16_47_47_IST_2019.jpg height=200 width=200></img></a></div></td></tr><tr><th>Exception</th></tr><tr><td><div class="stacktrace">org.openqa.selenium.NoSuchElementException: no such element: Unable to locate element: {&quot;method&quot;:&quot;xpath&quot;,&quot;selector&quot;:&quot;//tr[22]//td[4]//a[1]//i[1]&quot;}
  (Session info: chrome=78.0.3904.70)
For documentation on this error, please visit: https://www.seleniumhq.org/exceptions/no_such_element.html
Build info: version: &apos;3.141.59&apos;, revision: &apos;e82be7d358&apos;, time: &apos;2018-11-14T08:17:03&apos;
System info: host: &apos;IMSS-JKR-CPU-31&apos;, ip: &apos;172.16.1.64&apos;, os.name: &apos;Windows 8.1&apos;, os.arch: &apos;amd64&apos;, os.version: &apos;6.3&apos;, java.version: &apos;1.8.0_201&apos;
Driver info: org.openqa.selenium.chrome.ChromeDriver
Capabilities {acceptInsecureCerts: false, browserName: chrome, browserVersion: 78.0.3904.70, chrome: {chromedriverVersion: 77.0.3865.40 (f484704e052e0..., userDataDir: C:\Users\shilpans\AppData\L...}, goog:chromeOptions: {debuggerAddress: localhost:53632}, javascriptEnabled: true, networkConnectionEnabled: false, pageLoadStrategy: normal, platform: XP, platformName: XP, proxy: Proxy(), setWindowRect: true, strictFileInteractability: false, timeouts: {implicit: 0, pageLoad: 300000, script: 30000}, unhandledPromptBehavior: dismiss and notify}
Session ID: 3203e70624f8febda10190b0bb30dc5d
*** Element info: {Using=xpath, value=//tr[22]//td[4]//a[1]//i[1]}
	at org.openqa.selenium.remote.http.W3CHttpResponseCodec.createException(W3CHttpResponseCodec.java:187)
	at org.openqa.selenium.remote.http.W3CHttpResponseCodec.decode(W3CHttpResponseCodec.java:122)
	at org.openqa.selenium.remote.http.W3CHttpResponseCodec.decode(W3CHttpResponseCodec.java:49)
	at org.openqa.selenium.remote.HttpCommandExecutor.execute(HttpCommandExecutor.java:158)
	at org.openqa.selenium.remote.service.DriverCommandExecutor.execute(DriverCommandExecutor.java:83)
	at org.openqa.selenium.remote.RemoteWebDriver.execute(RemoteWebDriver.java:552)
	at org.openqa.selenium.remote.RemoteWebDriver.findElement(RemoteWebDriver.java:323)
	at org.openqa.selenium.remote.RemoteWebDriver.findElementByXPath(RemoteWebDriver.java:428)
	at org.openqa.selenium.By$ByXPath.findElement(By.java:353)
	at org.openqa.selenium.remote.RemoteWebDriver.findElement(RemoteWebDriver.java:315)
	at work.myimss.test.base.TestBase.click(TestBase.java:97)
	at work.myimss.test.testcases.SepLangDeleteTest.sepLangDeleteTest(SepLangDeleteTest.java:15)
... Removed 29 stack frames</div></td></tr></table><p class="totop"><a href="#summary">back to summary</a></p><h2>Sep Evaluation Test</h2><h3 id="m24">work.myimss.test.testcases.SepEvaluationTest#sepEvaluationTest</h3><table class="result"><tr><th>Messages</th></tr><tr><td><div class="messages">SepEvaluationTest Successfully executed!!!!!!!!!!</div></td></tr></table><p class="totop"><a href="#summary">back to summary</a></p><h2>Sep Evaluation Request Test</h2><h3 id="m25">work.myimss.test.testcases.SepEvaluationRequestTest#sepEvaluationRequestTest</h3><table class="result"><tr><th>Messages</th></tr><tr><td><div class="messages">SepEvaluationRequestTest Successfully executed!!!!!!!!!!</div></td></tr></table><p class="totop"><a href="#summary">back to summary</a></p><h2>Sep Create Test Request Test</h2><h3 id="m26">work.myimss.test.testcases.SepCreateTestRequestTest#sepCreateTestRequestTest</h3><table class="result"><tr><th>Exception</th></tr><tr><td><div class="stacktrace">org.testng.internal.reflect.MethodMatcherException: 
Data provider mismatch
Method: sepCreateTestRequestTest([Parameter{index=0, type=java.lang.String, declaredAnnotations=[]}, Parameter{index=1, type=java.lang.String, declaredAnnotations=[]}, Parameter{index=2, type=java.lang.String, declaredAnnotations=[]}, Parameter{index=3, type=java.lang.String, declaredAnnotations=[]}, Parameter{index=4, type=java.lang.String, declaredAnnotations=[]}, Parameter{index=5, type=java.lang.String, declaredAnnotations=[]}])
Arguments: [(java.util.Hashtable){requestType=Internal Requirement , assignTo=Shilpa N S, hiringId=2019A, emsId=1920.0, endDate=24-12-2020, jobDescription=2-3 years testing experience}]
... Removed 20 stack frames</div></td></tr></table><p class="totop"><a href="#summary">back to summary</a></p><h2>Sep Define Evaluation Test</h2><h3 id="m27">work.myimss.test.testcases.SepDefineEvaluationTest#sepDefineEvaluationTest</h3><table class="result"><tr><th>Messages</th></tr><tr><td><div class="messages">SepDefineEvaluationTest Successfully executed!!!!!!!!!!</div></td></tr></table><p class="totop"><a href="#summary">back to summary</a></p><h2>Sep Define Section Test</h2><h3 id="m28">work.myimss.test.testcases.SepDefineSectionTest#sepDefineSectionTest</h3><table class="result"><tr><th>Exception</th></tr><tr><td><div class="stacktrace">org.testng.internal.reflect.MethodMatcherException: 
Data provider mismatch
Method: sepDefineSectionTest([Parameter{index=0, type=java.lang.String, declaredAnnotations=[]}, Parameter{index=1, type=java.lang.String, declaredAnnotations=[]}, Parameter{index=2, type=java.lang.String, declaredAnnotations=[]}, Parameter{index=3, type=java.lang.String, declaredAnnotations=[]}, Parameter{index=4, type=java.lang.String, declaredAnnotations=[]}, Parameter{index=5, type=java.lang.String, declaredAnnotations=[]}, Parameter{index=6, type=java.lang.String, declaredAnnotations=[]}, Parameter{index=7, type=java.lang.String, declaredAnnotations=[]}])
Arguments: [(java.util.Hashtable){maxTime=60.0, questionType=Single Select MCQ, sectionName=Section A, maxQuestions=3.0, totalSection=1.0, langSubCategory=General Apptitude, cutOffPercent=50.0, langType=Apptitude}]
... Removed 20 stack frames</div></td></tr></table><p class="totop"><a href="#summary">back to summary</a></p></body></html>