<?xml version="1.0" encoding="UTF-8"?>
<testng-results skipped="0" failed="15" ignored="0" total="29" passed="14">
  <reporter-output>
    <line>
      <![CDATA[Login Successfully executed!!!!!!!!!!]]>
    </line>
    <line>
      <![CDATA[MyimssAdminTest Successfully executed!!!!!!!!!!]]>
    </line>
    <line>
      <![CDATA[AdministrationTest Successfully executed!!!!!!!!!!]]>
    </line>
    <line>
      <![CDATA[RoleManagementAdministrationTest Successfully executed!!!!!!!!!!]]>
    </line>
    <line>
      <![CDATA[Click to see Screenshot]]>
    </line>
    <line>
      <![CDATA[<a target="_blank" href=Wed_Oct_30_16_46_41_IST_2019.jpg>Screenshot</a>]]>
    </line>
    <line>
      <![CDATA[<br>]]>
    </line>
    <line>
      <![CDATA[<br>]]>
    </line>
    <line>
      <![CDATA[<a target="_blank" href=Wed_Oct_30_16_46_41_IST_2019.jpg><img src=Wed_Oct_30_16_46_41_IST_2019.jpg height=200 width=200></img></a>]]>
    </line>
    <line>
      <![CDATA[Click to see Screenshot]]>
    </line>
    <line>
      <![CDATA[<a target="_blank" href=Wed_Oct_30_16_46_42_IST_2019.jpg>Screenshot</a>]]>
    </line>
    <line>
      <![CDATA[<br>]]>
    </line>
    <line>
      <![CDATA[<br>]]>
    </line>
    <line>
      <![CDATA[<a target="_blank" href=Wed_Oct_30_16_46_42_IST_2019.jpg><img src=Wed_Oct_30_16_46_42_IST_2019.jpg height=200 width=200></img></a>]]>
    </line>
    <line>
      <![CDATA[Click to see Screenshot]]>
    </line>
    <line>
      <![CDATA[<a target="_blank" href=Wed_Oct_30_16_46_42_IST_2019.jpg>Screenshot</a>]]>
    </line>
    <line>
      <![CDATA[<br>]]>
    </line>
    <line>
      <![CDATA[<br>]]>
    </line>
    <line>
      <![CDATA[<a target="_blank" href=Wed_Oct_30_16_46_42_IST_2019.jpg><img src=Wed_Oct_30_16_46_42_IST_2019.jpg height=200 width=200></img></a>]]>
    </line>
    <line>
      <![CDATA[Click to see Screenshot]]>
    </line>
    <line>
      <![CDATA[<a target="_blank" href=Wed_Oct_30_16_47_03_IST_2019.jpg>Screenshot</a>]]>
    </line>
    <line>
      <![CDATA[<br>]]>
    </line>
    <line>
      <![CDATA[<br>]]>
    </line>
    <line>
      <![CDATA[<a target="_blank" href=Wed_Oct_30_16_47_03_IST_2019.jpg><img src=Wed_Oct_30_16_47_03_IST_2019.jpg height=200 width=200></img></a>]]>
    </line>
    <line>
      <![CDATA[UserManagementAdministration Test Successfully executed]]>
    </line>
    <line>
      <![CDATA[Click to see Screenshot]]>
    </line>
    <line>
      <![CDATA[<a target="_blank" href=Wed_Oct_30_16_47_06_IST_2019.jpg>Screenshot</a>]]>
    </line>
    <line>
      <![CDATA[<br>]]>
    </line>
    <line>
      <![CDATA[<br>]]>
    </line>
    <line>
      <![CDATA[<a target="_blank" href=Wed_Oct_30_16_47_06_IST_2019.jpg><img src=Wed_Oct_30_16_47_06_IST_2019.jpg height=200 width=200></img></a>]]>
    </line>
    <line>
      <![CDATA[UserEditTest Successfully executed!!!!!!!!!!]]>
    </line>
    <line>
      <![CDATA[ApplicationConfigurationAdministrationTest Succefully executed]]>
    </line>
    <line>
      <![CDATA[Click to see Screenshot]]>
    </line>
    <line>
      <![CDATA[<a target="_blank" href=Wed_Oct_30_16_47_15_IST_2019.jpg>Screenshot</a>]]>
    </line>
    <line>
      <![CDATA[<br>]]>
    </line>
    <line>
      <![CDATA[<br>]]>
    </line>
    <line>
      <![CDATA[<a target="_blank" href=Wed_Oct_30_16_47_15_IST_2019.jpg><img src=Wed_Oct_30_16_47_15_IST_2019.jpg height=200 width=200></img></a>]]>
    </line>
    <line>
      <![CDATA[Click to see Screenshot]]>
    </line>
    <line>
      <![CDATA[<a target="_blank" href=Wed_Oct_30_16_47_16_IST_2019.jpg>Screenshot</a>]]>
    </line>
    <line>
      <![CDATA[<br>]]>
    </line>
    <line>
      <![CDATA[<br>]]>
    </line>
    <line>
      <![CDATA[<a target="_blank" href=Wed_Oct_30_16_47_16_IST_2019.jpg><img src=Wed_Oct_30_16_47_16_IST_2019.jpg height=200 width=200></img></a>]]>
    </line>
    <line>
      <![CDATA[Successfully executed MainMenuTest]]>
    </line>
    <line>
      <![CDATA[SepAdministrationTest Successfully executed!!!!!!!!!!]]>
    </line>
    <line>
      <![CDATA[SepApplicationConfigTest Succefully executed]]>
    </line>
    <line>
      <![CDATA[Click to see Screenshot]]>
    </line>
    <line>
      <![CDATA[<a target="_blank" href=Wed_Oct_30_16_47_23_IST_2019.jpg>Screenshot</a>]]>
    </line>
    <line>
      <![CDATA[<br>]]>
    </line>
    <line>
      <![CDATA[<br>]]>
    </line>
    <line>
      <![CDATA[<a target="_blank" href=Wed_Oct_30_16_47_23_IST_2019.jpg><img src=Wed_Oct_30_16_47_23_IST_2019.jpg height=200 width=200></img></a>]]>
    </line>
    <line>
      <![CDATA[Click to see Screenshot]]>
    </line>
    <line>
      <![CDATA[<a target="_blank" href=Wed_Oct_30_16_47_23_IST_2019.jpg>Screenshot</a>]]>
    </line>
    <line>
      <![CDATA[<br>]]>
    </line>
    <line>
      <![CDATA[<br>]]>
    </line>
    <line>
      <![CDATA[<a target="_blank" href=Wed_Oct_30_16_47_23_IST_2019.jpg><img src=Wed_Oct_30_16_47_23_IST_2019.jpg height=200 width=200></img></a>]]>
    </line>
    <line>
      <![CDATA[SepLangSubCategoryTest Successfully executed]]>
    </line>
    <line>
      <![CDATA[Click to see Screenshot]]>
    </line>
    <line>
      <![CDATA[<a target="_blank" href=Wed_Oct_30_16_47_26_IST_2019.jpg>Screenshot</a>]]>
    </line>
    <line>
      <![CDATA[<br>]]>
    </line>
    <line>
      <![CDATA[<br>]]>
    </line>
    <line>
      <![CDATA[<a target="_blank" href=Wed_Oct_30_16_47_26_IST_2019.jpg><img src=Wed_Oct_30_16_47_26_IST_2019.jpg height=200 width=200></img></a>]]>
    </line>
    <line>
      <![CDATA[Click to see Screenshot]]>
    </line>
    <line>
      <![CDATA[<a target="_blank" href=Wed_Oct_30_16_47_26_IST_2019.jpg>Screenshot</a>]]>
    </line>
    <line>
      <![CDATA[<br>]]>
    </line>
    <line>
      <![CDATA[<br>]]>
    </line>
    <line>
      <![CDATA[<a target="_blank" href=Wed_Oct_30_16_47_26_IST_2019.jpg><img src=Wed_Oct_30_16_47_26_IST_2019.jpg height=200 width=200></img></a>]]>
    </line>
    <line>
      <![CDATA[Click to see Screenshot]]>
    </line>
    <line>
      <![CDATA[<a target="_blank" href=Wed_Oct_30_16_47_27_IST_2019.jpg>Screenshot</a>]]>
    </line>
    <line>
      <![CDATA[<br>]]>
    </line>
    <line>
      <![CDATA[<br>]]>
    </line>
    <line>
      <![CDATA[<a target="_blank" href=Wed_Oct_30_16_47_27_IST_2019.jpg><img src=Wed_Oct_30_16_47_27_IST_2019.jpg height=200 width=200></img></a>]]>
    </line>
    <line>
      <![CDATA[Click to see Screenshot]]>
    </line>
    <line>
      <![CDATA[<a target="_blank" href=Wed_Oct_30_16_47_47_IST_2019.jpg>Screenshot</a>]]>
    </line>
    <line>
      <![CDATA[<br>]]>
    </line>
    <line>
      <![CDATA[<br>]]>
    </line>
    <line>
      <![CDATA[<a target="_blank" href=Wed_Oct_30_16_47_47_IST_2019.jpg><img src=Wed_Oct_30_16_47_47_IST_2019.jpg height=200 width=200></img></a>]]>
    </line>
    <line>
      <![CDATA[SepEvaluationTest Successfully executed!!!!!!!!!!]]>
    </line>
    <line>
      <![CDATA[SepEvaluationRequestTest Successfully executed!!!!!!!!!!]]>
    </line>
    <line>
      <![CDATA[Click to see Screenshot]]>
    </line>
    <line>
      <![CDATA[<a target="_blank" href=Wed_Oct_30_16_47_51_IST_2019.jpg>Screenshot</a>]]>
    </line>
    <line>
      <![CDATA[<br>]]>
    </line>
    <line>
      <![CDATA[<br>]]>
    </line>
    <line>
      <![CDATA[<a target="_blank" href=Wed_Oct_30_16_47_51_IST_2019.jpg><img src=Wed_Oct_30_16_47_51_IST_2019.jpg height=200 width=200></img></a>]]>
    </line>
    <line>
      <![CDATA[SepDefineEvaluationTest Successfully executed!!!!!!!!!!]]>
    </line>
  </reporter-output>
  <suite name="Data Driven Basics" duration-ms="93948" started-at="2019-10-30T11:16:20Z" finished-at="2019-10-30T11:17:54Z">
    <groups>
    </groups>
    <test name="Login Test" duration-ms="4597" started-at="2019-10-30T11:16:20Z" finished-at="2019-10-30T11:16:24Z">
      <class name="work.myimss.test.testcases.LoginTest">
        <test-method status="PASS" signature="loginTest(java.util.Hashtable)[pri:0, instance:work.myimss.test.testcases.LoginTest@152aa092]" name="loginTest" duration-ms="3529" started-at="2019-10-30T16:46:20Z" data-provider="dp" finished-at="2019-10-30T16:46:23Z">
          <params>
            <param index="0">
              <value>
                <![CDATA[{password=int123$%^, username=parimalas}]]>
              </value>
            </param>
          </params>
          <reporter-output>
            <line>
              <![CDATA[Login Successfully executed!!!!!!!!!!]]>
            </line>
          </reporter-output>
        </test-method> <!-- loginTest -->
      </class> <!-- work.myimss.test.testcases.LoginTest -->
    </test> <!-- Login Test -->
    <test name="Myimss Admin Test" duration-ms="6674" started-at="2019-10-30T11:16:25Z" finished-at="2019-10-30T11:16:31Z">
      <class name="work.myimss.test.testcases.MyimssAdminTest">
        <test-method status="PASS" signature="myimssAdminTest()[pri:0, instance:work.myimss.test.testcases.MyimssAdminTest@770d3326]" name="myimssAdminTest" duration-ms="6417" started-at="2019-10-30T16:46:25Z" finished-at="2019-10-30T16:46:31Z">
          <reporter-output>
            <line>
              <![CDATA[MyimssAdminTest Successfully executed!!!!!!!!!!]]>
            </line>
          </reporter-output>
        </test-method> <!-- myimssAdminTest -->
      </class> <!-- work.myimss.test.testcases.MyimssAdminTest -->
    </test> <!-- Myimss Admin Test -->
    <test name="Administration Test" duration-ms="636" started-at="2019-10-30T11:16:32Z" finished-at="2019-10-30T11:16:32Z">
      <class name="work.myimss.test.testcases.AdministrationTest">
        <test-method status="PASS" signature="administrationTest()[pri:0, instance:work.myimss.test.testcases.AdministrationTest@7690781]" name="administrationTest" duration-ms="517" started-at="2019-10-30T16:46:32Z" finished-at="2019-10-30T16:46:32Z">
          <reporter-output>
            <line>
              <![CDATA[AdministrationTest Successfully executed!!!!!!!!!!]]>
            </line>
          </reporter-output>
        </test-method> <!-- administrationTest -->
      </class> <!-- work.myimss.test.testcases.AdministrationTest -->
    </test> <!-- Administration Test -->
    <test name="Role MAnagement Administration Test" duration-ms="7732" started-at="2019-10-30T11:16:32Z" finished-at="2019-10-30T11:16:40Z">
      <class name="work.myimss.test.testcases.RoleManagementAdministrationTest">
        <test-method status="PASS" signature="roleManagementAdministrationTest()[pri:0, instance:work.myimss.test.testcases.RoleManagementAdministrationTest@6b8ca3c8]" name="roleManagementAdministrationTest" duration-ms="7647" started-at="2019-10-30T16:46:32Z" finished-at="2019-10-30T16:46:40Z">
          <reporter-output>
            <line>
              <![CDATA[RoleManagementAdministrationTest Successfully executed!!!!!!!!!!]]>
            </line>
          </reporter-output>
        </test-method> <!-- roleManagementAdministrationTest -->
      </class> <!-- work.myimss.test.testcases.RoleManagementAdministrationTest -->
    </test> <!-- Role MAnagement Administration Test -->
    <test name="Create Role Test" duration-ms="740" started-at="2019-10-30T11:16:40Z" finished-at="2019-10-30T11:16:41Z">
      <class name="work.myimss.test.testcases.CreateRoleTest">
        <test-method status="FAIL" signature="createRoleTest(java.lang.String, java.lang.String, java.lang.String)[pri:0, instance:work.myimss.test.testcases.CreateRoleTest@346d61be]" name="createRoleTest" duration-ms="14" started-at="2019-10-30T16:46:40Z" data-provider="dp" finished-at="2019-10-30T16:46:40Z">
          <exception class="org.testng.internal.reflect.MethodMatcherException">
            <message>
              <![CDATA[
Data provider mismatch
Method: createRoleTest([Parameter{index=0, type=java.lang.String, declaredAnnotations=[]}, Parameter{index=1, type=java.lang.String, declaredAnnotations=[]}, Parameter{index=2, type=java.lang.String, declaredAnnotations=[]}])
Arguments: [(java.util.Hashtable){rolename=zzz, roledescription=test role, emsrole=Employee}]]]>
            </message>
            <full-stacktrace>
              <![CDATA[org.testng.internal.reflect.MethodMatcherException: 
Data provider mismatch
Method: createRoleTest([Parameter{index=0, type=java.lang.String, declaredAnnotations=[]}, Parameter{index=1, type=java.lang.String, declaredAnnotations=[]}, Parameter{index=2, type=java.lang.String, declaredAnnotations=[]}])
Arguments: [(java.util.Hashtable){rolename=zzz, roledescription=test role, emsrole=Employee}]
	at org.testng.internal.reflect.DataProviderMethodMatcher.getConformingArguments(DataProviderMethodMatcher.java:49)
	at org.testng.internal.Invoker.injectParameters(Invoker.java:1293)
	at org.testng.internal.Invoker.invokeTestMethods(Invoker.java:1187)
	at org.testng.internal.TestMethodWorker.invokeTestMethods(TestMethodWorker.java:126)
	at org.testng.internal.TestMethodWorker.run(TestMethodWorker.java:109)
	at org.testng.TestRunner.privateRun(TestRunner.java:744)
	at org.testng.TestRunner.run(TestRunner.java:602)
	at org.testng.SuiteRunner.runTest(SuiteRunner.java:380)
	at org.testng.SuiteRunner.runSequentially(SuiteRunner.java:375)
	at org.testng.SuiteRunner.privateRun(SuiteRunner.java:340)
	at org.testng.SuiteRunner.run(SuiteRunner.java:289)
	at org.testng.SuiteRunnerWorker.runSuite(SuiteRunnerWorker.java:52)
	at org.testng.SuiteRunnerWorker.run(SuiteRunnerWorker.java:86)
	at org.testng.TestNG.runSuitesSequentially(TestNG.java:1301)
	at org.testng.TestNG.runSuitesLocally(TestNG.java:1226)
	at org.testng.TestNG.runSuites(TestNG.java:1144)
	at org.testng.TestNG.run(TestNG.java:1115)
	at org.testng.remote.AbstractRemoteTestNG.run(AbstractRemoteTestNG.java:114)
	at org.testng.remote.RemoteTestNG.initAndRun(RemoteTestNG.java:251)
	at org.testng.remote.RemoteTestNG.main(RemoteTestNG.java:77)
]]>
            </full-stacktrace>
          </exception> <!-- org.testng.internal.reflect.MethodMatcherException -->
          <reporter-output>
          </reporter-output>
        </test-method> <!-- createRoleTest -->
      </class> <!-- work.myimss.test.testcases.CreateRoleTest -->
    </test> <!-- Create Role Test -->
    <test name="Advanced Search Test" duration-ms="592" started-at="2019-10-30T11:16:41Z" finished-at="2019-10-30T11:16:42Z">
      <class name="work.myimss.test.testcases.RoleAdvancedSearchTest">
        <test-method status="FAIL" signature="roleAdvancedSearchTest(java.lang.String)[pri:0, instance:work.myimss.test.testcases.RoleAdvancedSearchTest@e7edb54]" name="roleAdvancedSearchTest" duration-ms="2" started-at="2019-10-30T16:46:41Z" data-provider="dp" finished-at="2019-10-30T16:46:41Z">
          <exception class="org.testng.internal.reflect.MethodMatcherException">
            <message>
              <![CDATA[
Data provider mismatch
Method: roleAdvancedSearchTest([Parameter{index=0, type=java.lang.String, declaredAnnotations=[]}])
Arguments: [(java.util.Hashtable){rolename=zzz}]]]>
            </message>
            <full-stacktrace>
              <![CDATA[org.testng.internal.reflect.MethodMatcherException: 
Data provider mismatch
Method: roleAdvancedSearchTest([Parameter{index=0, type=java.lang.String, declaredAnnotations=[]}])
Arguments: [(java.util.Hashtable){rolename=zzz}]
	at org.testng.internal.reflect.DataProviderMethodMatcher.getConformingArguments(DataProviderMethodMatcher.java:49)
	at org.testng.internal.Invoker.injectParameters(Invoker.java:1293)
	at org.testng.internal.Invoker.invokeTestMethods(Invoker.java:1187)
	at org.testng.internal.TestMethodWorker.invokeTestMethods(TestMethodWorker.java:126)
	at org.testng.internal.TestMethodWorker.run(TestMethodWorker.java:109)
	at org.testng.TestRunner.privateRun(TestRunner.java:744)
	at org.testng.TestRunner.run(TestRunner.java:602)
	at org.testng.SuiteRunner.runTest(SuiteRunner.java:380)
	at org.testng.SuiteRunner.runSequentially(SuiteRunner.java:375)
	at org.testng.SuiteRunner.privateRun(SuiteRunner.java:340)
	at org.testng.SuiteRunner.run(SuiteRunner.java:289)
	at org.testng.SuiteRunnerWorker.runSuite(SuiteRunnerWorker.java:52)
	at org.testng.SuiteRunnerWorker.run(SuiteRunnerWorker.java:86)
	at org.testng.TestNG.runSuitesSequentially(TestNG.java:1301)
	at org.testng.TestNG.runSuitesLocally(TestNG.java:1226)
	at org.testng.TestNG.runSuites(TestNG.java:1144)
	at org.testng.TestNG.run(TestNG.java:1115)
	at org.testng.remote.AbstractRemoteTestNG.run(AbstractRemoteTestNG.java:114)
	at org.testng.remote.RemoteTestNG.initAndRun(RemoteTestNG.java:251)
	at org.testng.remote.RemoteTestNG.main(RemoteTestNG.java:77)
]]>
            </full-stacktrace>
          </exception> <!-- org.testng.internal.reflect.MethodMatcherException -->
          <reporter-output>
          </reporter-output>
        </test-method> <!-- roleAdvancedSearchTest -->
      </class> <!-- work.myimss.test.testcases.RoleAdvancedSearchTest -->
    </test> <!-- Advanced Search Test -->
    <test name="Edit Role Test" duration-ms="490" started-at="2019-10-30T11:16:42Z" finished-at="2019-10-30T11:16:42Z">
      <class name="work.myimss.test.testcases.RoleEditTest">
        <test-method status="FAIL" signature="roleEditTest(java.lang.String, java.lang.String, java.lang.String)[pri:0, instance:work.myimss.test.testcases.RoleEditTest@67080771]" name="roleEditTest" duration-ms="4" started-at="2019-10-30T16:46:42Z" data-provider="dp" finished-at="2019-10-30T16:46:42Z">
          <exception class="org.testng.internal.reflect.MethodMatcherException">
            <message>
              <![CDATA[
Data provider mismatch
Method: roleEditTest([Parameter{index=0, type=java.lang.String, declaredAnnotations=[]}, Parameter{index=1, type=java.lang.String, declaredAnnotations=[]}, Parameter{index=2, type=java.lang.String, declaredAnnotations=[]}])
Arguments: [(java.util.Hashtable){rolename=zzz, roledescription=test roles edited, emsrole=Employee}]]]>
            </message>
            <full-stacktrace>
              <![CDATA[org.testng.internal.reflect.MethodMatcherException: 
Data provider mismatch
Method: roleEditTest([Parameter{index=0, type=java.lang.String, declaredAnnotations=[]}, Parameter{index=1, type=java.lang.String, declaredAnnotations=[]}, Parameter{index=2, type=java.lang.String, declaredAnnotations=[]}])
Arguments: [(java.util.Hashtable){rolename=zzz, roledescription=test roles edited, emsrole=Employee}]
	at org.testng.internal.reflect.DataProviderMethodMatcher.getConformingArguments(DataProviderMethodMatcher.java:49)
	at org.testng.internal.Invoker.injectParameters(Invoker.java:1293)
	at org.testng.internal.Invoker.invokeTestMethods(Invoker.java:1187)
	at org.testng.internal.TestMethodWorker.invokeTestMethods(TestMethodWorker.java:126)
	at org.testng.internal.TestMethodWorker.run(TestMethodWorker.java:109)
	at org.testng.TestRunner.privateRun(TestRunner.java:744)
	at org.testng.TestRunner.run(TestRunner.java:602)
	at org.testng.SuiteRunner.runTest(SuiteRunner.java:380)
	at org.testng.SuiteRunner.runSequentially(SuiteRunner.java:375)
	at org.testng.SuiteRunner.privateRun(SuiteRunner.java:340)
	at org.testng.SuiteRunner.run(SuiteRunner.java:289)
	at org.testng.SuiteRunnerWorker.runSuite(SuiteRunnerWorker.java:52)
	at org.testng.SuiteRunnerWorker.run(SuiteRunnerWorker.java:86)
	at org.testng.TestNG.runSuitesSequentially(TestNG.java:1301)
	at org.testng.TestNG.runSuitesLocally(TestNG.java:1226)
	at org.testng.TestNG.runSuites(TestNG.java:1144)
	at org.testng.TestNG.run(TestNG.java:1115)
	at org.testng.remote.AbstractRemoteTestNG.run(AbstractRemoteTestNG.java:114)
	at org.testng.remote.RemoteTestNG.initAndRun(RemoteTestNG.java:251)
	at org.testng.remote.RemoteTestNG.main(RemoteTestNG.java:77)
]]>
            </full-stacktrace>
          </exception> <!-- org.testng.internal.reflect.MethodMatcherException -->
          <reporter-output>
          </reporter-output>
        </test-method> <!-- roleEditTest -->
      </class> <!-- work.myimss.test.testcases.RoleEditTest -->
    </test> <!-- Edit Role Test -->
    <test name="Role Delete Test" duration-ms="20549" started-at="2019-10-30T11:16:42Z" finished-at="2019-10-30T11:17:03Z">
      <class name="work.myimss.test.testcases.RoleDeleteTest">
        <test-method status="FAIL" signature="roleDeleteTest()[pri:0, instance:work.myimss.test.testcases.RoleDeleteTest@41e1e210]" name="roleDeleteTest" duration-ms="20094" started-at="2019-10-30T16:46:42Z" finished-at="2019-10-30T16:47:02Z">
          <exception class="org.openqa.selenium.NoSuchElementException">
            <message>
              <![CDATA[no such element: Unable to locate element: {"method":"xpath","selector":"(//i[@class='fa fa-fw fa-trash'])[10]"}
  (Session info: chrome=78.0.3904.70)
For documentation on this error, please visit: https://www.seleniumhq.org/exceptions/no_such_element.html
Build info: version: '3.141.59', revision: 'e82be7d358', time: '2018-11-14T08:17:03'
System info: host: 'IMSS-JKR-CPU-31', ip: '172.16.1.64', os.name: 'Windows 8.1', os.arch: 'amd64', os.version: '6.3', java.version: '1.8.0_201'
Driver info: org.openqa.selenium.chrome.ChromeDriver
Capabilities {acceptInsecureCerts: false, browserName: chrome, browserVersion: 78.0.3904.70, chrome: {chromedriverVersion: 77.0.3865.40 (f484704e052e0..., userDataDir: C:\Users\shilpans\AppData\L...}, goog:chromeOptions: {debuggerAddress: localhost:53632}, javascriptEnabled: true, networkConnectionEnabled: false, pageLoadStrategy: normal, platform: XP, platformName: XP, proxy: Proxy(), setWindowRect: true, strictFileInteractability: false, timeouts: {implicit: 0, pageLoad: 300000, script: 30000}, unhandledPromptBehavior: dismiss and notify}
Session ID: 3203e70624f8febda10190b0bb30dc5d
*** Element info: {Using=xpath, value=(//i[@class='fa fa-fw fa-trash'])[10]}]]>
            </message>
            <full-stacktrace>
              <![CDATA[org.openqa.selenium.NoSuchElementException: no such element: Unable to locate element: {"method":"xpath","selector":"(//i[@class='fa fa-fw fa-trash'])[10]"}
  (Session info: chrome=78.0.3904.70)
For documentation on this error, please visit: https://www.seleniumhq.org/exceptions/no_such_element.html
Build info: version: '3.141.59', revision: 'e82be7d358', time: '2018-11-14T08:17:03'
System info: host: 'IMSS-JKR-CPU-31', ip: '172.16.1.64', os.name: 'Windows 8.1', os.arch: 'amd64', os.version: '6.3', java.version: '1.8.0_201'
Driver info: org.openqa.selenium.chrome.ChromeDriver
Capabilities {acceptInsecureCerts: false, browserName: chrome, browserVersion: 78.0.3904.70, chrome: {chromedriverVersion: 77.0.3865.40 (f484704e052e0..., userDataDir: C:\Users\shilpans\AppData\L...}, goog:chromeOptions: {debuggerAddress: localhost:53632}, javascriptEnabled: true, networkConnectionEnabled: false, pageLoadStrategy: normal, platform: XP, platformName: XP, proxy: Proxy(), setWindowRect: true, strictFileInteractability: false, timeouts: {implicit: 0, pageLoad: 300000, script: 30000}, unhandledPromptBehavior: dismiss and notify}
Session ID: 3203e70624f8febda10190b0bb30dc5d
*** Element info: {Using=xpath, value=(//i[@class='fa fa-fw fa-trash'])[10]}
	at sun.reflect.NativeConstructorAccessorImpl.newInstance0(Native Method)
	at sun.reflect.NativeConstructorAccessorImpl.newInstance(NativeConstructorAccessorImpl.java:62)
	at sun.reflect.DelegatingConstructorAccessorImpl.newInstance(DelegatingConstructorAccessorImpl.java:45)
	at java.lang.reflect.Constructor.newInstance(Constructor.java:423)
	at org.openqa.selenium.remote.http.W3CHttpResponseCodec.createException(W3CHttpResponseCodec.java:187)
	at org.openqa.selenium.remote.http.W3CHttpResponseCodec.decode(W3CHttpResponseCodec.java:122)
	at org.openqa.selenium.remote.http.W3CHttpResponseCodec.decode(W3CHttpResponseCodec.java:49)
	at org.openqa.selenium.remote.HttpCommandExecutor.execute(HttpCommandExecutor.java:158)
	at org.openqa.selenium.remote.service.DriverCommandExecutor.execute(DriverCommandExecutor.java:83)
	at org.openqa.selenium.remote.RemoteWebDriver.execute(RemoteWebDriver.java:552)
	at org.openqa.selenium.remote.RemoteWebDriver.findElement(RemoteWebDriver.java:323)
	at org.openqa.selenium.remote.RemoteWebDriver.findElementByXPath(RemoteWebDriver.java:428)
	at org.openqa.selenium.By$ByXPath.findElement(By.java:353)
	at org.openqa.selenium.remote.RemoteWebDriver.findElement(RemoteWebDriver.java:315)
	at work.myimss.test.base.TestBase.click(TestBase.java:97)
	at work.myimss.test.testcases.RoleDeleteTest.roleDeleteTest(RoleDeleteTest.java:16)
	at sun.reflect.NativeMethodAccessorImpl.invoke0(Native Method)
	at sun.reflect.NativeMethodAccessorImpl.invoke(NativeMethodAccessorImpl.java:62)
	at sun.reflect.DelegatingMethodAccessorImpl.invoke(DelegatingMethodAccessorImpl.java:43)
	at java.lang.reflect.Method.invoke(Method.java:498)
	at org.testng.internal.MethodInvocationHelper.invokeMethod(MethodInvocationHelper.java:108)
	at org.testng.internal.Invoker.invokeMethod(Invoker.java:661)
	at org.testng.internal.Invoker.invokeTestMethod(Invoker.java:869)
	at org.testng.internal.Invoker.invokeTestMethods(Invoker.java:1193)
	at org.testng.internal.TestMethodWorker.invokeTestMethods(TestMethodWorker.java:126)
	at org.testng.internal.TestMethodWorker.run(TestMethodWorker.java:109)
	at org.testng.TestRunner.privateRun(TestRunner.java:744)
	at org.testng.TestRunner.run(TestRunner.java:602)
	at org.testng.SuiteRunner.runTest(SuiteRunner.java:380)
	at org.testng.SuiteRunner.runSequentially(SuiteRunner.java:375)
	at org.testng.SuiteRunner.privateRun(SuiteRunner.java:340)
	at org.testng.SuiteRunner.run(SuiteRunner.java:289)
	at org.testng.SuiteRunnerWorker.runSuite(SuiteRunnerWorker.java:52)
	at org.testng.SuiteRunnerWorker.run(SuiteRunnerWorker.java:86)
	at org.testng.TestNG.runSuitesSequentially(TestNG.java:1301)
	at org.testng.TestNG.runSuitesLocally(TestNG.java:1226)
	at org.testng.TestNG.runSuites(TestNG.java:1144)
	at org.testng.TestNG.run(TestNG.java:1115)
	at org.testng.remote.AbstractRemoteTestNG.run(AbstractRemoteTestNG.java:114)
	at org.testng.remote.RemoteTestNG.initAndRun(RemoteTestNG.java:251)
	at org.testng.remote.RemoteTestNG.main(RemoteTestNG.java:77)
]]>
            </full-stacktrace>
          </exception> <!-- org.openqa.selenium.NoSuchElementException -->
          <reporter-output>
            <line>
              <![CDATA[Click to see Screenshot]]>
            </line>
            <line>
              <![CDATA[<a target="_blank" href=Wed_Oct_30_16_47_03_IST_2019.jpg>Screenshot</a>]]>
            </line>
            <line>
              <![CDATA[<br>]]>
            </line>
            <line>
              <![CDATA[<br>]]>
            </line>
            <line>
              <![CDATA[<a target="_blank" href=Wed_Oct_30_16_47_03_IST_2019.jpg><img src=Wed_Oct_30_16_47_03_IST_2019.jpg height=200 width=200></img></a>]]>
            </line>
          </reporter-output>
        </test-method> <!-- roleDeleteTest -->
      </class> <!-- work.myimss.test.testcases.RoleDeleteTest -->
    </test> <!-- Role Delete Test -->
    <test name="User Management Administration Test" duration-ms="2565" started-at="2019-10-30T11:17:03Z" finished-at="2019-10-30T11:17:05Z">
      <class name="work.myimss.test.testcases.UserManagementAdministrationTest">
        <test-method status="PASS" signature="userManagementAdministrationTest()[pri:0, instance:work.myimss.test.testcases.UserManagementAdministrationTest@41fecb8b]" name="userManagementAdministrationTest" duration-ms="2498" started-at="2019-10-30T16:47:03Z" finished-at="2019-10-30T16:47:05Z">
          <reporter-output>
            <line>
              <![CDATA[UserManagementAdministration Test Successfully executed]]>
            </line>
          </reporter-output>
        </test-method> <!-- userManagementAdministrationTest -->
      </class> <!-- work.myimss.test.testcases.UserManagementAdministrationTest -->
    </test> <!-- User Management Administration Test -->
    <test name="User Advanced Search Test" duration-ms="475" started-at="2019-10-30T11:17:05Z" finished-at="2019-10-30T11:17:06Z">
      <class name="work.myimss.test.testcases.UserAdvancedSearchTest">
        <test-method status="FAIL" signature="userAdvancedSearchTest(java.lang.String)[pri:0, instance:work.myimss.test.testcases.UserAdvancedSearchTest@b62d79]" name="userAdvancedSearchTest" duration-ms="2" started-at="2019-10-30T16:47:05Z" data-provider="dp" finished-at="2019-10-30T16:47:05Z">
          <exception class="org.testng.internal.reflect.MethodMatcherException">
            <message>
              <![CDATA[
Data provider mismatch
Method: userAdvancedSearchTest([Parameter{index=0, type=java.lang.String, declaredAnnotations=[]}])
Arguments: [(java.util.Hashtable){fname=suma}]]]>
            </message>
            <full-stacktrace>
              <![CDATA[org.testng.internal.reflect.MethodMatcherException: 
Data provider mismatch
Method: userAdvancedSearchTest([Parameter{index=0, type=java.lang.String, declaredAnnotations=[]}])
Arguments: [(java.util.Hashtable){fname=suma}]
	at org.testng.internal.reflect.DataProviderMethodMatcher.getConformingArguments(DataProviderMethodMatcher.java:49)
	at org.testng.internal.Invoker.injectParameters(Invoker.java:1293)
	at org.testng.internal.Invoker.invokeTestMethods(Invoker.java:1187)
	at org.testng.internal.TestMethodWorker.invokeTestMethods(TestMethodWorker.java:126)
	at org.testng.internal.TestMethodWorker.run(TestMethodWorker.java:109)
	at org.testng.TestRunner.privateRun(TestRunner.java:744)
	at org.testng.TestRunner.run(TestRunner.java:602)
	at org.testng.SuiteRunner.runTest(SuiteRunner.java:380)
	at org.testng.SuiteRunner.runSequentially(SuiteRunner.java:375)
	at org.testng.SuiteRunner.privateRun(SuiteRunner.java:340)
	at org.testng.SuiteRunner.run(SuiteRunner.java:289)
	at org.testng.SuiteRunnerWorker.runSuite(SuiteRunnerWorker.java:52)
	at org.testng.SuiteRunnerWorker.run(SuiteRunnerWorker.java:86)
	at org.testng.TestNG.runSuitesSequentially(TestNG.java:1301)
	at org.testng.TestNG.runSuitesLocally(TestNG.java:1226)
	at org.testng.TestNG.runSuites(TestNG.java:1144)
	at org.testng.TestNG.run(TestNG.java:1115)
	at org.testng.remote.AbstractRemoteTestNG.run(AbstractRemoteTestNG.java:114)
	at org.testng.remote.RemoteTestNG.initAndRun(RemoteTestNG.java:251)
	at org.testng.remote.RemoteTestNG.main(RemoteTestNG.java:77)
]]>
            </full-stacktrace>
          </exception> <!-- org.testng.internal.reflect.MethodMatcherException -->
          <reporter-output>
          </reporter-output>
        </test-method> <!-- userAdvancedSearchTest -->
      </class> <!-- work.myimss.test.testcases.UserAdvancedSearchTest -->
    </test> <!-- User Advanced Search Test -->
    <test name="User Edit Test" duration-ms="4586" started-at="2019-10-30T11:17:06Z" finished-at="2019-10-30T11:17:10Z">
      <class name="work.myimss.test.testcases.UserEditTest">
        <test-method status="PASS" signature="userEditTest()[pri:0, instance:work.myimss.test.testcases.UserEditTest@34f5090e]" name="userEditTest" duration-ms="4448" started-at="2019-10-30T16:47:06Z" finished-at="2019-10-30T16:47:10Z">
          <reporter-output>
            <line>
              <![CDATA[UserEditTest Successfully executed!!!!!!!!!!]]>
            </line>
          </reporter-output>
        </test-method> <!-- userEditTest -->
      </class> <!-- work.myimss.test.testcases.UserEditTest -->
    </test> <!-- User Edit Test -->
    <test name="Application Configuration Administration Test" duration-ms="4387" started-at="2019-10-30T11:17:11Z" finished-at="2019-10-30T11:17:15Z">
      <class name="work.myimss.test.testcases.ApplicationConfigurationAdministrationTest">
        <test-method status="PASS" signature="applicationConfigurationAdministrationTest()[pri:0, instance:work.myimss.test.testcases.ApplicationConfigurationAdministrationTest@22e357dc]" name="applicationConfigurationAdministrationTest" duration-ms="4317" started-at="2019-10-30T16:47:11Z" finished-at="2019-10-30T16:47:15Z">
          <reporter-output>
            <line>
              <![CDATA[ApplicationConfigurationAdministrationTest Succefully executed]]>
            </line>
          </reporter-output>
        </test-method> <!-- applicationConfigurationAdministrationTest -->
      </class> <!-- work.myimss.test.testcases.ApplicationConfigurationAdministrationTest -->
    </test> <!-- Application Configuration Administration Test -->
    <test name="App Config Advanced Search Test" duration-ms="503" started-at="2019-10-30T11:17:15Z" finished-at="2019-10-30T11:17:15Z">
      <class name="work.myimss.test.testcases.AppConfigAdvancedSearchTest">
        <test-method status="FAIL" signature="appConfigAdvancedSearchTest(java.lang.String)[pri:0, instance:work.myimss.test.testcases.AppConfigAdvancedSearchTest@48974e45]" name="appConfigAdvancedSearchTest" duration-ms="1" started-at="2019-10-30T16:47:15Z" data-provider="dp" finished-at="2019-10-30T16:47:15Z">
          <exception class="org.testng.internal.reflect.MethodMatcherException">
            <message>
              <![CDATA[
Data provider mismatch
Method: appConfigAdvancedSearchTest([Parameter{index=0, type=java.lang.String, declaredAnnotations=[]}])
Arguments: [(java.util.Hashtable){configName=DCName}]]]>
            </message>
            <full-stacktrace>
              <![CDATA[org.testng.internal.reflect.MethodMatcherException: 
Data provider mismatch
Method: appConfigAdvancedSearchTest([Parameter{index=0, type=java.lang.String, declaredAnnotations=[]}])
Arguments: [(java.util.Hashtable){configName=DCName}]
	at org.testng.internal.reflect.DataProviderMethodMatcher.getConformingArguments(DataProviderMethodMatcher.java:49)
	at org.testng.internal.Invoker.injectParameters(Invoker.java:1293)
	at org.testng.internal.Invoker.invokeTestMethods(Invoker.java:1187)
	at org.testng.internal.TestMethodWorker.invokeTestMethods(TestMethodWorker.java:126)
	at org.testng.internal.TestMethodWorker.run(TestMethodWorker.java:109)
	at org.testng.TestRunner.privateRun(TestRunner.java:744)
	at org.testng.TestRunner.run(TestRunner.java:602)
	at org.testng.SuiteRunner.runTest(SuiteRunner.java:380)
	at org.testng.SuiteRunner.runSequentially(SuiteRunner.java:375)
	at org.testng.SuiteRunner.privateRun(SuiteRunner.java:340)
	at org.testng.SuiteRunner.run(SuiteRunner.java:289)
	at org.testng.SuiteRunnerWorker.runSuite(SuiteRunnerWorker.java:52)
	at org.testng.SuiteRunnerWorker.run(SuiteRunnerWorker.java:86)
	at org.testng.TestNG.runSuitesSequentially(TestNG.java:1301)
	at org.testng.TestNG.runSuitesLocally(TestNG.java:1226)
	at org.testng.TestNG.runSuites(TestNG.java:1144)
	at org.testng.TestNG.run(TestNG.java:1115)
	at org.testng.remote.AbstractRemoteTestNG.run(AbstractRemoteTestNG.java:114)
	at org.testng.remote.RemoteTestNG.initAndRun(RemoteTestNG.java:251)
	at org.testng.remote.RemoteTestNG.main(RemoteTestNG.java:77)
]]>
            </full-stacktrace>
          </exception> <!-- org.testng.internal.reflect.MethodMatcherException -->
          <reporter-output>
          </reporter-output>
        </test-method> <!-- appConfigAdvancedSearchTest -->
      </class> <!-- work.myimss.test.testcases.AppConfigAdvancedSearchTest -->
    </test> <!-- App Config Advanced Search Test -->
    <test name="App Config Edit Test" duration-ms="524" started-at="2019-10-30T11:17:15Z" finished-at="2019-10-30T11:17:16Z">
      <class name="work.myimss.test.testcases.AppConfigEditTest">
        <test-method status="FAIL" signature="appConfigEditTest(java.lang.String)[pri:0, instance:work.myimss.test.testcases.AppConfigEditTest@57af006c]" name="appConfigEditTest" duration-ms="3" started-at="2019-10-30T16:47:15Z" data-provider="dp" finished-at="2019-10-30T16:47:15Z">
          <exception class="org.testng.internal.reflect.MethodMatcherException">
            <message>
              <![CDATA[
Data provider mismatch
Method: appConfigEditTest([Parameter{index=0, type=java.lang.String, declaredAnnotations=[]}])
Arguments: [(java.util.Hashtable){configValue=integramicro }]]]>
            </message>
            <full-stacktrace>
              <![CDATA[org.testng.internal.reflect.MethodMatcherException: 
Data provider mismatch
Method: appConfigEditTest([Parameter{index=0, type=java.lang.String, declaredAnnotations=[]}])
Arguments: [(java.util.Hashtable){configValue=integramicro }]
	at org.testng.internal.reflect.DataProviderMethodMatcher.getConformingArguments(DataProviderMethodMatcher.java:49)
	at org.testng.internal.Invoker.injectParameters(Invoker.java:1293)
	at org.testng.internal.Invoker.invokeTestMethods(Invoker.java:1187)
	at org.testng.internal.TestMethodWorker.invokeTestMethods(TestMethodWorker.java:126)
	at org.testng.internal.TestMethodWorker.run(TestMethodWorker.java:109)
	at org.testng.TestRunner.privateRun(TestRunner.java:744)
	at org.testng.TestRunner.run(TestRunner.java:602)
	at org.testng.SuiteRunner.runTest(SuiteRunner.java:380)
	at org.testng.SuiteRunner.runSequentially(SuiteRunner.java:375)
	at org.testng.SuiteRunner.privateRun(SuiteRunner.java:340)
	at org.testng.SuiteRunner.run(SuiteRunner.java:289)
	at org.testng.SuiteRunnerWorker.runSuite(SuiteRunnerWorker.java:52)
	at org.testng.SuiteRunnerWorker.run(SuiteRunnerWorker.java:86)
	at org.testng.TestNG.runSuitesSequentially(TestNG.java:1301)
	at org.testng.TestNG.runSuitesLocally(TestNG.java:1226)
	at org.testng.TestNG.runSuites(TestNG.java:1144)
	at org.testng.TestNG.run(TestNG.java:1115)
	at org.testng.remote.AbstractRemoteTestNG.run(AbstractRemoteTestNG.java:114)
	at org.testng.remote.RemoteTestNG.initAndRun(RemoteTestNG.java:251)
	at org.testng.remote.RemoteTestNG.main(RemoteTestNG.java:77)
]]>
            </full-stacktrace>
          </exception> <!-- org.testng.internal.reflect.MethodMatcherException -->
          <reporter-output>
          </reporter-output>
        </test-method> <!-- appConfigEditTest -->
      </class> <!-- work.myimss.test.testcases.AppConfigEditTest -->
    </test> <!-- App Config Edit Test -->
    <test name="Main Menu Test" duration-ms="3032" started-at="2019-10-30T11:17:16Z" finished-at="2019-10-30T11:17:19Z">
      <class name="work.myimss.test.testcases.MainMenuTest">
        <test-method status="PASS" signature="mainMenuSkillsTest()[pri:0, instance:work.myimss.test.testcases.MainMenuTest@446293d]" name="mainMenuSkillsTest" duration-ms="2948" started-at="2019-10-30T16:47:16Z" finished-at="2019-10-30T16:47:19Z">
          <reporter-output>
            <line>
              <![CDATA[Successfully executed MainMenuTest]]>
            </line>
          </reporter-output>
        </test-method> <!-- mainMenuSkillsTest -->
      </class> <!-- work.myimss.test.testcases.MainMenuTest -->
    </test> <!-- Main Menu Test -->
    <test name="Sep Administration Test" duration-ms="832" started-at="2019-10-30T11:17:19Z" finished-at="2019-10-30T11:17:20Z">
      <class name="work.myimss.test.testcases.SepAdministrationTest">
        <test-method status="PASS" signature="sepAdministrationTest()[pri:0, instance:work.myimss.test.testcases.SepAdministrationTest@50b5ac82]" name="sepAdministrationTest" duration-ms="765" started-at="2019-10-30T16:47:19Z" finished-at="2019-10-30T16:47:20Z">
          <reporter-output>
            <line>
              <![CDATA[SepAdministrationTest Successfully executed!!!!!!!!!!]]>
            </line>
          </reporter-output>
        </test-method> <!-- sepAdministrationTest -->
      </class> <!-- work.myimss.test.testcases.SepAdministrationTest -->
    </test> <!-- Sep Administration Test -->
    <test name="Sep Application Config Test" duration-ms="2164" started-at="2019-10-30T11:17:20Z" finished-at="2019-10-30T11:17:22Z">
      <class name="work.myimss.test.testcases.SepApplicationConfigTest">
        <test-method status="PASS" signature="sepApplicationConfigTest()[pri:0, instance:work.myimss.test.testcases.SepApplicationConfigTest@ea6147e]" name="sepApplicationConfigTest" duration-ms="2095" started-at="2019-10-30T16:47:20Z" finished-at="2019-10-30T16:47:22Z">
          <reporter-output>
            <line>
              <![CDATA[SepApplicationConfigTest Succefully executed]]>
            </line>
          </reporter-output>
        </test-method> <!-- sepApplicationConfigTest -->
      </class> <!-- work.myimss.test.testcases.SepApplicationConfigTest -->
    </test> <!-- Sep Application Config Test -->
    <test name="Sep App Config Advanced Search Test" duration-ms="512" started-at="2019-10-30T11:17:22Z" finished-at="2019-10-30T11:17:23Z">
      <class name="work.myimss.test.testcases.SepAppConfigAdvancedSearchTest">
        <test-method status="FAIL" signature="sepAppConfigAdvancedSearchTest(java.lang.String)[pri:0, instance:work.myimss.test.testcases.SepAppConfigAdvancedSearchTest@759d26fb]" name="sepAppConfigAdvancedSearchTest" duration-ms="3" started-at="2019-10-30T16:47:22Z" data-provider="dp" finished-at="2019-10-30T16:47:22Z">
          <exception class="org.testng.internal.reflect.MethodMatcherException">
            <message>
              <![CDATA[
Data provider mismatch
Method: sepAppConfigAdvancedSearchTest([Parameter{index=0, type=java.lang.String, declaredAnnotations=[]}])
Arguments: [(java.util.Hashtable){configName=SMTP User}]]]>
            </message>
            <full-stacktrace>
              <![CDATA[org.testng.internal.reflect.MethodMatcherException: 
Data provider mismatch
Method: sepAppConfigAdvancedSearchTest([Parameter{index=0, type=java.lang.String, declaredAnnotations=[]}])
Arguments: [(java.util.Hashtable){configName=SMTP User}]
	at org.testng.internal.reflect.DataProviderMethodMatcher.getConformingArguments(DataProviderMethodMatcher.java:49)
	at org.testng.internal.Invoker.injectParameters(Invoker.java:1293)
	at org.testng.internal.Invoker.invokeTestMethods(Invoker.java:1187)
	at org.testng.internal.TestMethodWorker.invokeTestMethods(TestMethodWorker.java:126)
	at org.testng.internal.TestMethodWorker.run(TestMethodWorker.java:109)
	at org.testng.TestRunner.privateRun(TestRunner.java:744)
	at org.testng.TestRunner.run(TestRunner.java:602)
	at org.testng.SuiteRunner.runTest(SuiteRunner.java:380)
	at org.testng.SuiteRunner.runSequentially(SuiteRunner.java:375)
	at org.testng.SuiteRunner.privateRun(SuiteRunner.java:340)
	at org.testng.SuiteRunner.run(SuiteRunner.java:289)
	at org.testng.SuiteRunnerWorker.runSuite(SuiteRunnerWorker.java:52)
	at org.testng.SuiteRunnerWorker.run(SuiteRunnerWorker.java:86)
	at org.testng.TestNG.runSuitesSequentially(TestNG.java:1301)
	at org.testng.TestNG.runSuitesLocally(TestNG.java:1226)
	at org.testng.TestNG.runSuites(TestNG.java:1144)
	at org.testng.TestNG.run(TestNG.java:1115)
	at org.testng.remote.AbstractRemoteTestNG.run(AbstractRemoteTestNG.java:114)
	at org.testng.remote.RemoteTestNG.initAndRun(RemoteTestNG.java:251)
	at org.testng.remote.RemoteTestNG.main(RemoteTestNG.java:77)
]]>
            </full-stacktrace>
          </exception> <!-- org.testng.internal.reflect.MethodMatcherException -->
          <reporter-output>
          </reporter-output>
        </test-method> <!-- sepAppConfigAdvancedSearchTest -->
      </class> <!-- work.myimss.test.testcases.SepAppConfigAdvancedSearchTest -->
    </test> <!-- Sep App Config Advanced Search Test -->
    <test name="Sep App Config Edit Test" duration-ms="521" started-at="2019-10-30T11:17:23Z" finished-at="2019-10-30T11:17:23Z">
      <class name="work.myimss.test.testcases.SepAppConfigEditTest">
        <test-method status="FAIL" signature="sepAppConfigEditTest(java.lang.String)[pri:0, instance:work.myimss.test.testcases.SepAppConfigEditTest@3e84448c]" name="sepAppConfigEditTest" duration-ms="1" started-at="2019-10-30T16:47:23Z" data-provider="dp" finished-at="2019-10-30T16:47:23Z">
          <exception class="org.testng.internal.reflect.MethodMatcherException">
            <message>
              <![CDATA[
Data provider mismatch
Method: sepAppConfigEditTest([Parameter{index=0, type=java.lang.String, declaredAnnotations=[]}])
Arguments: [(java.util.Hashtable){configValue=myim@imss.work}]]]>
            </message>
            <full-stacktrace>
              <![CDATA[org.testng.internal.reflect.MethodMatcherException: 
Data provider mismatch
Method: sepAppConfigEditTest([Parameter{index=0, type=java.lang.String, declaredAnnotations=[]}])
Arguments: [(java.util.Hashtable){configValue=myim@imss.work}]
	at org.testng.internal.reflect.DataProviderMethodMatcher.getConformingArguments(DataProviderMethodMatcher.java:49)
	at org.testng.internal.Invoker.injectParameters(Invoker.java:1293)
	at org.testng.internal.Invoker.invokeTestMethods(Invoker.java:1187)
	at org.testng.internal.TestMethodWorker.invokeTestMethods(TestMethodWorker.java:126)
	at org.testng.internal.TestMethodWorker.run(TestMethodWorker.java:109)
	at org.testng.TestRunner.privateRun(TestRunner.java:744)
	at org.testng.TestRunner.run(TestRunner.java:602)
	at org.testng.SuiteRunner.runTest(SuiteRunner.java:380)
	at org.testng.SuiteRunner.runSequentially(SuiteRunner.java:375)
	at org.testng.SuiteRunner.privateRun(SuiteRunner.java:340)
	at org.testng.SuiteRunner.run(SuiteRunner.java:289)
	at org.testng.SuiteRunnerWorker.runSuite(SuiteRunnerWorker.java:52)
	at org.testng.SuiteRunnerWorker.run(SuiteRunnerWorker.java:86)
	at org.testng.TestNG.runSuitesSequentially(TestNG.java:1301)
	at org.testng.TestNG.runSuitesLocally(TestNG.java:1226)
	at org.testng.TestNG.runSuites(TestNG.java:1144)
	at org.testng.TestNG.run(TestNG.java:1115)
	at org.testng.remote.AbstractRemoteTestNG.run(AbstractRemoteTestNG.java:114)
	at org.testng.remote.RemoteTestNG.initAndRun(RemoteTestNG.java:251)
	at org.testng.remote.RemoteTestNG.main(RemoteTestNG.java:77)
]]>
            </full-stacktrace>
          </exception> <!-- org.testng.internal.reflect.MethodMatcherException -->
          <reporter-output>
          </reporter-output>
        </test-method> <!-- sepAppConfigEditTest -->
      </class> <!-- work.myimss.test.testcases.SepAppConfigEditTest -->
    </test> <!-- Sep App Config Edit Test -->
    <test name="Sep Lang Sub Category Test" duration-ms="1940" started-at="2019-10-30T11:17:23Z" finished-at="2019-10-30T11:17:25Z">
      <class name="work.myimss.test.testcases.SepLangSubCategoryTest">
        <test-method status="PASS" signature="sepLangSubCategoryTest()[pri:0, instance:work.myimss.test.testcases.SepLangSubCategoryTest@1b1426f4]" name="sepLangSubCategoryTest" duration-ms="1893" started-at="2019-10-30T16:47:23Z" finished-at="2019-10-30T16:47:25Z">
          <reporter-output>
            <line>
              <![CDATA[SepLangSubCategoryTest Successfully executed]]>
            </line>
          </reporter-output>
        </test-method> <!-- sepLangSubCategoryTest -->
      </class> <!-- work.myimss.test.testcases.SepLangSubCategoryTest -->
    </test> <!-- Sep Lang Sub Category Test -->
    <test name="Sep Create Lang Sub Category Test" duration-ms="549" started-at="2019-10-30T11:17:25Z" finished-at="2019-10-30T11:17:26Z">
      <class name="work.myimss.test.testcases.SepCreateLangSubCategoryTest">
        <test-method status="FAIL" signature="sepCreateLangSubCategoryTest(java.lang.String, java.lang.String)[pri:0, instance:work.myimss.test.testcases.SepCreateLangSubCategoryTest@fba92d3]" name="sepCreateLangSubCategoryTest" duration-ms="4" started-at="2019-10-30T16:47:25Z" data-provider="dp" finished-at="2019-10-30T16:47:25Z">
          <exception class="org.testng.internal.reflect.MethodMatcherException">
            <message>
              <![CDATA[
Data provider mismatch
Method: sepCreateLangSubCategoryTest([Parameter{index=0, type=java.lang.String, declaredAnnotations=[]}, Parameter{index=1, type=java.lang.String, declaredAnnotations=[]}])
Arguments: [(java.util.Hashtable){name=j2ee, language=Java}]]]>
            </message>
            <full-stacktrace>
              <![CDATA[org.testng.internal.reflect.MethodMatcherException: 
Data provider mismatch
Method: sepCreateLangSubCategoryTest([Parameter{index=0, type=java.lang.String, declaredAnnotations=[]}, Parameter{index=1, type=java.lang.String, declaredAnnotations=[]}])
Arguments: [(java.util.Hashtable){name=j2ee, language=Java}]
	at org.testng.internal.reflect.DataProviderMethodMatcher.getConformingArguments(DataProviderMethodMatcher.java:49)
	at org.testng.internal.Invoker.injectParameters(Invoker.java:1293)
	at org.testng.internal.Invoker.invokeTestMethods(Invoker.java:1187)
	at org.testng.internal.TestMethodWorker.invokeTestMethods(TestMethodWorker.java:126)
	at org.testng.internal.TestMethodWorker.run(TestMethodWorker.java:109)
	at org.testng.TestRunner.privateRun(TestRunner.java:744)
	at org.testng.TestRunner.run(TestRunner.java:602)
	at org.testng.SuiteRunner.runTest(SuiteRunner.java:380)
	at org.testng.SuiteRunner.runSequentially(SuiteRunner.java:375)
	at org.testng.SuiteRunner.privateRun(SuiteRunner.java:340)
	at org.testng.SuiteRunner.run(SuiteRunner.java:289)
	at org.testng.SuiteRunnerWorker.runSuite(SuiteRunnerWorker.java:52)
	at org.testng.SuiteRunnerWorker.run(SuiteRunnerWorker.java:86)
	at org.testng.TestNG.runSuitesSequentially(TestNG.java:1301)
	at org.testng.TestNG.runSuitesLocally(TestNG.java:1226)
	at org.testng.TestNG.runSuites(TestNG.java:1144)
	at org.testng.TestNG.run(TestNG.java:1115)
	at org.testng.remote.AbstractRemoteTestNG.run(AbstractRemoteTestNG.java:114)
	at org.testng.remote.RemoteTestNG.initAndRun(RemoteTestNG.java:251)
	at org.testng.remote.RemoteTestNG.main(RemoteTestNG.java:77)
]]>
            </full-stacktrace>
          </exception> <!-- org.testng.internal.reflect.MethodMatcherException -->
          <reporter-output>
          </reporter-output>
        </test-method> <!-- sepCreateLangSubCategoryTest -->
      </class> <!-- work.myimss.test.testcases.SepCreateLangSubCategoryTest -->
    </test> <!-- Sep Create Lang Sub Category Test -->
    <test name="Sep Lang Advanced Search Test" duration-ms="511" started-at="2019-10-30T11:17:26Z" finished-at="2019-10-30T11:17:26Z">
      <class name="work.myimss.test.testcases.SepLangAdvancedSearchTest">
        <test-method status="FAIL" signature="sepLangAdvancedSearchTest(java.lang.String)[pri:0, instance:work.myimss.test.testcases.SepLangAdvancedSearchTest@5fbdfdcf]" name="sepLangAdvancedSearchTest" duration-ms="0" started-at="2019-10-30T16:47:26Z" data-provider="dp" finished-at="2019-10-30T16:47:26Z">
          <exception class="org.testng.internal.reflect.MethodMatcherException">
            <message>
              <![CDATA[
Data provider mismatch
Method: sepLangAdvancedSearchTest([Parameter{index=0, type=java.lang.String, declaredAnnotations=[]}])
Arguments: [(java.util.Hashtable){name=j2ee, =}]]]>
            </message>
            <full-stacktrace>
              <![CDATA[org.testng.internal.reflect.MethodMatcherException: 
Data provider mismatch
Method: sepLangAdvancedSearchTest([Parameter{index=0, type=java.lang.String, declaredAnnotations=[]}])
Arguments: [(java.util.Hashtable){name=j2ee, =}]
	at org.testng.internal.reflect.DataProviderMethodMatcher.getConformingArguments(DataProviderMethodMatcher.java:49)
	at org.testng.internal.Invoker.injectParameters(Invoker.java:1293)
	at org.testng.internal.Invoker.invokeTestMethods(Invoker.java:1187)
	at org.testng.internal.TestMethodWorker.invokeTestMethods(TestMethodWorker.java:126)
	at org.testng.internal.TestMethodWorker.run(TestMethodWorker.java:109)
	at org.testng.TestRunner.privateRun(TestRunner.java:744)
	at org.testng.TestRunner.run(TestRunner.java:602)
	at org.testng.SuiteRunner.runTest(SuiteRunner.java:380)
	at org.testng.SuiteRunner.runSequentially(SuiteRunner.java:375)
	at org.testng.SuiteRunner.privateRun(SuiteRunner.java:340)
	at org.testng.SuiteRunner.run(SuiteRunner.java:289)
	at org.testng.SuiteRunnerWorker.runSuite(SuiteRunnerWorker.java:52)
	at org.testng.SuiteRunnerWorker.run(SuiteRunnerWorker.java:86)
	at org.testng.TestNG.runSuitesSequentially(TestNG.java:1301)
	at org.testng.TestNG.runSuitesLocally(TestNG.java:1226)
	at org.testng.TestNG.runSuites(TestNG.java:1144)
	at org.testng.TestNG.run(TestNG.java:1115)
	at org.testng.remote.AbstractRemoteTestNG.run(AbstractRemoteTestNG.java:114)
	at org.testng.remote.RemoteTestNG.initAndRun(RemoteTestNG.java:251)
	at org.testng.remote.RemoteTestNG.main(RemoteTestNG.java:77)
]]>
            </full-stacktrace>
          </exception> <!-- org.testng.internal.reflect.MethodMatcherException -->
          <reporter-output>
          </reporter-output>
        </test-method> <!-- sepLangAdvancedSearchTest -->
      </class> <!-- work.myimss.test.testcases.SepLangAdvancedSearchTest -->
    </test> <!-- Sep Lang Advanced Search Test -->
    <test name="Sep Lang Edit Test" duration-ms="514" started-at="2019-10-30T11:17:26Z" finished-at="2019-10-30T11:17:27Z">
      <class name="work.myimss.test.testcases.SepLangEditTest">
        <test-method status="FAIL" signature="sepLangEditTest(java.lang.String)[pri:0, instance:work.myimss.test.testcases.SepLangEditTest@383bfa16]" name="sepLangEditTest" duration-ms="0" started-at="2019-10-30T16:47:26Z" data-provider="dp" finished-at="2019-10-30T16:47:26Z">
          <exception class="org.testng.internal.reflect.MethodMatcherException">
            <message>
              <![CDATA[
Data provider mismatch
Method: sepLangEditTest([Parameter{index=0, type=java.lang.String, declaredAnnotations=[]}])
Arguments: [(java.util.Hashtable){name=j2ee123}]]]>
            </message>
            <full-stacktrace>
              <![CDATA[org.testng.internal.reflect.MethodMatcherException: 
Data provider mismatch
Method: sepLangEditTest([Parameter{index=0, type=java.lang.String, declaredAnnotations=[]}])
Arguments: [(java.util.Hashtable){name=j2ee123}]
	at org.testng.internal.reflect.DataProviderMethodMatcher.getConformingArguments(DataProviderMethodMatcher.java:49)
	at org.testng.internal.Invoker.injectParameters(Invoker.java:1293)
	at org.testng.internal.Invoker.invokeTestMethods(Invoker.java:1187)
	at org.testng.internal.TestMethodWorker.invokeTestMethods(TestMethodWorker.java:126)
	at org.testng.internal.TestMethodWorker.run(TestMethodWorker.java:109)
	at org.testng.TestRunner.privateRun(TestRunner.java:744)
	at org.testng.TestRunner.run(TestRunner.java:602)
	at org.testng.SuiteRunner.runTest(SuiteRunner.java:380)
	at org.testng.SuiteRunner.runSequentially(SuiteRunner.java:375)
	at org.testng.SuiteRunner.privateRun(SuiteRunner.java:340)
	at org.testng.SuiteRunner.run(SuiteRunner.java:289)
	at org.testng.SuiteRunnerWorker.runSuite(SuiteRunnerWorker.java:52)
	at org.testng.SuiteRunnerWorker.run(SuiteRunnerWorker.java:86)
	at org.testng.TestNG.runSuitesSequentially(TestNG.java:1301)
	at org.testng.TestNG.runSuitesLocally(TestNG.java:1226)
	at org.testng.TestNG.runSuites(TestNG.java:1144)
	at org.testng.TestNG.run(TestNG.java:1115)
	at org.testng.remote.AbstractRemoteTestNG.run(AbstractRemoteTestNG.java:114)
	at org.testng.remote.RemoteTestNG.initAndRun(RemoteTestNG.java:251)
	at org.testng.remote.RemoteTestNG.main(RemoteTestNG.java:77)
]]>
            </full-stacktrace>
          </exception> <!-- org.testng.internal.reflect.MethodMatcherException -->
          <reporter-output>
          </reporter-output>
        </test-method> <!-- sepLangEditTest -->
      </class> <!-- work.myimss.test.testcases.SepLangEditTest -->
    </test> <!-- Sep Lang Edit Test -->
    <test name="Sep Lang Delete Test" duration-ms="20526" started-at="2019-10-30T11:17:27Z" finished-at="2019-10-30T11:17:47Z">
      <class name="work.myimss.test.testcases.SepLangDeleteTest">
        <test-method status="FAIL" signature="sepLangDeleteTest()[pri:0, instance:work.myimss.test.testcases.SepLangDeleteTest@73e22a3d]" name="sepLangDeleteTest" duration-ms="20081" started-at="2019-10-30T16:47:27Z" finished-at="2019-10-30T16:47:47Z">
          <exception class="org.openqa.selenium.NoSuchElementException">
            <message>
              <![CDATA[no such element: Unable to locate element: {"method":"xpath","selector":"//tr[22]//td[4]//a[1]//i[1]"}
  (Session info: chrome=78.0.3904.70)
For documentation on this error, please visit: https://www.seleniumhq.org/exceptions/no_such_element.html
Build info: version: '3.141.59', revision: 'e82be7d358', time: '2018-11-14T08:17:03'
System info: host: 'IMSS-JKR-CPU-31', ip: '172.16.1.64', os.name: 'Windows 8.1', os.arch: 'amd64', os.version: '6.3', java.version: '1.8.0_201'
Driver info: org.openqa.selenium.chrome.ChromeDriver
Capabilities {acceptInsecureCerts: false, browserName: chrome, browserVersion: 78.0.3904.70, chrome: {chromedriverVersion: 77.0.3865.40 (f484704e052e0..., userDataDir: C:\Users\shilpans\AppData\L...}, goog:chromeOptions: {debuggerAddress: localhost:53632}, javascriptEnabled: true, networkConnectionEnabled: false, pageLoadStrategy: normal, platform: XP, platformName: XP, proxy: Proxy(), setWindowRect: true, strictFileInteractability: false, timeouts: {implicit: 0, pageLoad: 300000, script: 30000}, unhandledPromptBehavior: dismiss and notify}
Session ID: 3203e70624f8febda10190b0bb30dc5d
*** Element info: {Using=xpath, value=//tr[22]//td[4]//a[1]//i[1]}]]>
            </message>
            <full-stacktrace>
              <![CDATA[org.openqa.selenium.NoSuchElementException: no such element: Unable to locate element: {"method":"xpath","selector":"//tr[22]//td[4]//a[1]//i[1]"}
  (Session info: chrome=78.0.3904.70)
For documentation on this error, please visit: https://www.seleniumhq.org/exceptions/no_such_element.html
Build info: version: '3.141.59', revision: 'e82be7d358', time: '2018-11-14T08:17:03'
System info: host: 'IMSS-JKR-CPU-31', ip: '172.16.1.64', os.name: 'Windows 8.1', os.arch: 'amd64', os.version: '6.3', java.version: '1.8.0_201'
Driver info: org.openqa.selenium.chrome.ChromeDriver
Capabilities {acceptInsecureCerts: false, browserName: chrome, browserVersion: 78.0.3904.70, chrome: {chromedriverVersion: 77.0.3865.40 (f484704e052e0..., userDataDir: C:\Users\shilpans\AppData\L...}, goog:chromeOptions: {debuggerAddress: localhost:53632}, javascriptEnabled: true, networkConnectionEnabled: false, pageLoadStrategy: normal, platform: XP, platformName: XP, proxy: Proxy(), setWindowRect: true, strictFileInteractability: false, timeouts: {implicit: 0, pageLoad: 300000, script: 30000}, unhandledPromptBehavior: dismiss and notify}
Session ID: 3203e70624f8febda10190b0bb30dc5d
*** Element info: {Using=xpath, value=//tr[22]//td[4]//a[1]//i[1]}
	at sun.reflect.NativeConstructorAccessorImpl.newInstance0(Native Method)
	at sun.reflect.NativeConstructorAccessorImpl.newInstance(NativeConstructorAccessorImpl.java:62)
	at sun.reflect.DelegatingConstructorAccessorImpl.newInstance(DelegatingConstructorAccessorImpl.java:45)
	at java.lang.reflect.Constructor.newInstance(Constructor.java:423)
	at org.openqa.selenium.remote.http.W3CHttpResponseCodec.createException(W3CHttpResponseCodec.java:187)
	at org.openqa.selenium.remote.http.W3CHttpResponseCodec.decode(W3CHttpResponseCodec.java:122)
	at org.openqa.selenium.remote.http.W3CHttpResponseCodec.decode(W3CHttpResponseCodec.java:49)
	at org.openqa.selenium.remote.HttpCommandExecutor.execute(HttpCommandExecutor.java:158)
	at org.openqa.selenium.remote.service.DriverCommandExecutor.execute(DriverCommandExecutor.java:83)
	at org.openqa.selenium.remote.RemoteWebDriver.execute(RemoteWebDriver.java:552)
	at org.openqa.selenium.remote.RemoteWebDriver.findElement(RemoteWebDriver.java:323)
	at org.openqa.selenium.remote.RemoteWebDriver.findElementByXPath(RemoteWebDriver.java:428)
	at org.openqa.selenium.By$ByXPath.findElement(By.java:353)
	at org.openqa.selenium.remote.RemoteWebDriver.findElement(RemoteWebDriver.java:315)
	at work.myimss.test.base.TestBase.click(TestBase.java:97)
	at work.myimss.test.testcases.SepLangDeleteTest.sepLangDeleteTest(SepLangDeleteTest.java:15)
	at sun.reflect.NativeMethodAccessorImpl.invoke0(Native Method)
	at sun.reflect.NativeMethodAccessorImpl.invoke(NativeMethodAccessorImpl.java:62)
	at sun.reflect.DelegatingMethodAccessorImpl.invoke(DelegatingMethodAccessorImpl.java:43)
	at java.lang.reflect.Method.invoke(Method.java:498)
	at org.testng.internal.MethodInvocationHelper.invokeMethod(MethodInvocationHelper.java:108)
	at org.testng.internal.Invoker.invokeMethod(Invoker.java:661)
	at org.testng.internal.Invoker.invokeTestMethod(Invoker.java:869)
	at org.testng.internal.Invoker.invokeTestMethods(Invoker.java:1193)
	at org.testng.internal.TestMethodWorker.invokeTestMethods(TestMethodWorker.java:126)
	at org.testng.internal.TestMethodWorker.run(TestMethodWorker.java:109)
	at org.testng.TestRunner.privateRun(TestRunner.java:744)
	at org.testng.TestRunner.run(TestRunner.java:602)
	at org.testng.SuiteRunner.runTest(SuiteRunner.java:380)
	at org.testng.SuiteRunner.runSequentially(SuiteRunner.java:375)
	at org.testng.SuiteRunner.privateRun(SuiteRunner.java:340)
	at org.testng.SuiteRunner.run(SuiteRunner.java:289)
	at org.testng.SuiteRunnerWorker.runSuite(SuiteRunnerWorker.java:52)
	at org.testng.SuiteRunnerWorker.run(SuiteRunnerWorker.java:86)
	at org.testng.TestNG.runSuitesSequentially(TestNG.java:1301)
	at org.testng.TestNG.runSuitesLocally(TestNG.java:1226)
	at org.testng.TestNG.runSuites(TestNG.java:1144)
	at org.testng.TestNG.run(TestNG.java:1115)
	at org.testng.remote.AbstractRemoteTestNG.run(AbstractRemoteTestNG.java:114)
	at org.testng.remote.RemoteTestNG.initAndRun(RemoteTestNG.java:251)
	at org.testng.remote.RemoteTestNG.main(RemoteTestNG.java:77)
]]>
            </full-stacktrace>
          </exception> <!-- org.openqa.selenium.NoSuchElementException -->
          <reporter-output>
            <line>
              <![CDATA[Click to see Screenshot]]>
            </line>
            <line>
              <![CDATA[<a target="_blank" href=Wed_Oct_30_16_47_47_IST_2019.jpg>Screenshot</a>]]>
            </line>
            <line>
              <![CDATA[<br>]]>
            </line>
            <line>
              <![CDATA[<br>]]>
            </line>
            <line>
              <![CDATA[<a target="_blank" href=Wed_Oct_30_16_47_47_IST_2019.jpg><img src=Wed_Oct_30_16_47_47_IST_2019.jpg height=200 width=200></img></a>]]>
            </line>
          </reporter-output>
        </test-method> <!-- sepLangDeleteTest -->
      </class> <!-- work.myimss.test.testcases.SepLangDeleteTest -->
    </test> <!-- Sep Lang Delete Test -->
    <test name="Sep Evaluation Test" duration-ms="406" started-at="2019-10-30T11:17:47Z" finished-at="2019-10-30T11:17:48Z">
      <class name="work.myimss.test.testcases.SepEvaluationTest">
        <test-method status="PASS" signature="sepEvaluationTest()[pri:0, instance:work.myimss.test.testcases.SepEvaluationTest@2b91004a]" name="sepEvaluationTest" duration-ms="364" started-at="2019-10-30T16:47:47Z" finished-at="2019-10-30T16:47:48Z">
          <reporter-output>
            <line>
              <![CDATA[SepEvaluationTest Successfully executed!!!!!!!!!!]]>
            </line>
          </reporter-output>
        </test-method> <!-- sepEvaluationTest -->
      </class> <!-- work.myimss.test.testcases.SepEvaluationTest -->
    </test> <!-- Sep Evaluation Test -->
    <test name="Sep Evaluation Request Test" duration-ms="3141" started-at="2019-10-30T11:17:48Z" finished-at="2019-10-30T11:17:51Z">
      <class name="work.myimss.test.testcases.SepEvaluationRequestTest">
        <test-method status="PASS" signature="sepEvaluationRequestTest()[pri:0, instance:work.myimss.test.testcases.SepEvaluationRequestTest@6283d8b8]" name="sepEvaluationRequestTest" duration-ms="3094" started-at="2019-10-30T16:47:48Z" finished-at="2019-10-30T16:47:51Z">
          <reporter-output>
            <line>
              <![CDATA[SepEvaluationRequestTest Successfully executed!!!!!!!!!!]]>
            </line>
          </reporter-output>
        </test-method> <!-- sepEvaluationRequestTest -->
      </class> <!-- work.myimss.test.testcases.SepEvaluationRequestTest -->
    </test> <!-- Sep Evaluation Request Test -->
    <test name="Sep Create Test Request Test" duration-ms="546" started-at="2019-10-30T11:17:51Z" finished-at="2019-10-30T11:17:51Z">
      <class name="work.myimss.test.testcases.SepCreateTestRequestTest">
        <test-method status="FAIL" signature="sepCreateTestRequestTest(java.lang.String, java.lang.String, java.lang.String, java.lang.String, java.lang.String, java.lang.String)[pri:0, instance:work.myimss.test.testcases.SepCreateTestRequestTest@1a18644]" name="sepCreateTestRequestTest" duration-ms="51" started-at="2019-10-30T16:47:51Z" data-provider="dp" finished-at="2019-10-30T16:47:51Z">
          <exception class="org.testng.internal.reflect.MethodMatcherException">
            <message>
              <![CDATA[
Data provider mismatch
Method: sepCreateTestRequestTest([Parameter{index=0, type=java.lang.String, declaredAnnotations=[]}, Parameter{index=1, type=java.lang.String, declaredAnnotations=[]}, Parameter{index=2, type=java.lang.String, declaredAnnotations=[]}, Parameter{index=3, type=java.lang.String, declaredAnnotations=[]}, Parameter{index=4, type=java.lang.String, declaredAnnotations=[]}, Parameter{index=5, type=java.lang.String, declaredAnnotations=[]}])
Arguments: [(java.util.Hashtable){requestType=Internal Requirement , assignTo=Shilpa N S, hiringId=2019A, emsId=1920.0, endDate=24-12-2020, jobDescription=2-3 years testing experience}]]]>
            </message>
            <full-stacktrace>
              <![CDATA[org.testng.internal.reflect.MethodMatcherException: 
Data provider mismatch
Method: sepCreateTestRequestTest([Parameter{index=0, type=java.lang.String, declaredAnnotations=[]}, Parameter{index=1, type=java.lang.String, declaredAnnotations=[]}, Parameter{index=2, type=java.lang.String, declaredAnnotations=[]}, Parameter{index=3, type=java.lang.String, declaredAnnotations=[]}, Parameter{index=4, type=java.lang.String, declaredAnnotations=[]}, Parameter{index=5, type=java.lang.String, declaredAnnotations=[]}])
Arguments: [(java.util.Hashtable){requestType=Internal Requirement , assignTo=Shilpa N S, hiringId=2019A, emsId=1920.0, endDate=24-12-2020, jobDescription=2-3 years testing experience}]
	at org.testng.internal.reflect.DataProviderMethodMatcher.getConformingArguments(DataProviderMethodMatcher.java:49)
	at org.testng.internal.Invoker.injectParameters(Invoker.java:1293)
	at org.testng.internal.Invoker.invokeTestMethods(Invoker.java:1187)
	at org.testng.internal.TestMethodWorker.invokeTestMethods(TestMethodWorker.java:126)
	at org.testng.internal.TestMethodWorker.run(TestMethodWorker.java:109)
	at org.testng.TestRunner.privateRun(TestRunner.java:744)
	at org.testng.TestRunner.run(TestRunner.java:602)
	at org.testng.SuiteRunner.runTest(SuiteRunner.java:380)
	at org.testng.SuiteRunner.runSequentially(SuiteRunner.java:375)
	at org.testng.SuiteRunner.privateRun(SuiteRunner.java:340)
	at org.testng.SuiteRunner.run(SuiteRunner.java:289)
	at org.testng.SuiteRunnerWorker.runSuite(SuiteRunnerWorker.java:52)
	at org.testng.SuiteRunnerWorker.run(SuiteRunnerWorker.java:86)
	at org.testng.TestNG.runSuitesSequentially(TestNG.java:1301)
	at org.testng.TestNG.runSuitesLocally(TestNG.java:1226)
	at org.testng.TestNG.runSuites(TestNG.java:1144)
	at org.testng.TestNG.run(TestNG.java:1115)
	at org.testng.remote.AbstractRemoteTestNG.run(AbstractRemoteTestNG.java:114)
	at org.testng.remote.RemoteTestNG.initAndRun(RemoteTestNG.java:251)
	at org.testng.remote.RemoteTestNG.main(RemoteTestNG.java:77)
]]>
            </full-stacktrace>
          </exception> <!-- org.testng.internal.reflect.MethodMatcherException -->
          <reporter-output>
          </reporter-output>
        </test-method> <!-- sepCreateTestRequestTest -->
      </class> <!-- work.myimss.test.testcases.SepCreateTestRequestTest -->
    </test> <!-- Sep Create Test Request Test -->
    <test name="Sep Define Evaluation Test" duration-ms="1850" started-at="2019-10-30T11:17:51Z" finished-at="2019-10-30T11:17:53Z">
      <class name="work.myimss.test.testcases.SepDefineEvaluationTest">
        <test-method status="PASS" signature="sepDefineEvaluationTest()[pri:0, instance:work.myimss.test.testcases.SepDefineEvaluationTest@1af2d44a]" name="sepDefineEvaluationTest" duration-ms="1779" started-at="2019-10-30T16:47:51Z" finished-at="2019-10-30T16:47:53Z">
          <reporter-output>
            <line>
              <![CDATA[SepDefineEvaluationTest Successfully executed!!!!!!!!!!]]>
            </line>
          </reporter-output>
        </test-method> <!-- sepDefineEvaluationTest -->
      </class> <!-- work.myimss.test.testcases.SepDefineEvaluationTest -->
    </test> <!-- Sep Define Evaluation Test -->
    <test name="Sep Define Section Test" duration-ms="489" started-at="2019-10-30T11:17:53Z" finished-at="2019-10-30T11:17:54Z">
      <class name="work.myimss.test.testcases.SepDefineSectionTest">
        <test-method status="PASS" signature="setUp()[pri:0, instance:work.myimss.test.testcases.SepDefineSectionTest@25fb8912]" name="setUp" is-config="true" duration-ms="16290" started-at="2019-10-30T16:46:04Z" finished-at="2019-10-30T16:46:20Z">
          <reporter-output>
          </reporter-output>
        </test-method> <!-- setUp -->
        <test-method status="FAIL" signature="sepDefineSectionTest(java.lang.String, java.lang.String, java.lang.String, java.lang.String, java.lang.String, java.lang.String, java.lang.String, java.lang.String)[pri:0, instance:work.myimss.test.testcases.SepDefineSectionTest@25fb8912]" name="sepDefineSectionTest" duration-ms="2" started-at="2019-10-30T16:47:53Z" data-provider="dp" finished-at="2019-10-30T16:47:53Z">
          <exception class="org.testng.internal.reflect.MethodMatcherException">
            <message>
              <![CDATA[
Data provider mismatch
Method: sepDefineSectionTest([Parameter{index=0, type=java.lang.String, declaredAnnotations=[]}, Parameter{index=1, type=java.lang.String, declaredAnnotations=[]}, Parameter{index=2, type=java.lang.String, declaredAnnotations=[]}, Parameter{index=3, type=java.lang.String, declaredAnnotations=[]}, Parameter{index=4, type=java.lang.String, declaredAnnotations=[]}, Parameter{index=5, type=java.lang.String, declaredAnnotations=[]}, Parameter{index=6, type=java.lang.String, declaredAnnotations=[]}, Parameter{index=7, type=java.lang.String, declaredAnnotations=[]}])
Arguments: [(java.util.Hashtable){maxTime=60.0, questionType=Single Select MCQ, sectionName=Section A, maxQuestions=3.0, totalSection=1.0, langSubCategory=General Apptitude, cutOffPercent=50.0, langType=Apptitude}]]]>
            </message>
            <full-stacktrace>
              <![CDATA[org.testng.internal.reflect.MethodMatcherException: 
Data provider mismatch
Method: sepDefineSectionTest([Parameter{index=0, type=java.lang.String, declaredAnnotations=[]}, Parameter{index=1, type=java.lang.String, declaredAnnotations=[]}, Parameter{index=2, type=java.lang.String, declaredAnnotations=[]}, Parameter{index=3, type=java.lang.String, declaredAnnotations=[]}, Parameter{index=4, type=java.lang.String, declaredAnnotations=[]}, Parameter{index=5, type=java.lang.String, declaredAnnotations=[]}, Parameter{index=6, type=java.lang.String, declaredAnnotations=[]}, Parameter{index=7, type=java.lang.String, declaredAnnotations=[]}])
Arguments: [(java.util.Hashtable){maxTime=60.0, questionType=Single Select MCQ, sectionName=Section A, maxQuestions=3.0, totalSection=1.0, langSubCategory=General Apptitude, cutOffPercent=50.0, langType=Apptitude}]
	at org.testng.internal.reflect.DataProviderMethodMatcher.getConformingArguments(DataProviderMethodMatcher.java:49)
	at org.testng.internal.Invoker.injectParameters(Invoker.java:1293)
	at org.testng.internal.Invoker.invokeTestMethods(Invoker.java:1187)
	at org.testng.internal.TestMethodWorker.invokeTestMethods(TestMethodWorker.java:126)
	at org.testng.internal.TestMethodWorker.run(TestMethodWorker.java:109)
	at org.testng.TestRunner.privateRun(TestRunner.java:744)
	at org.testng.TestRunner.run(TestRunner.java:602)
	at org.testng.SuiteRunner.runTest(SuiteRunner.java:380)
	at org.testng.SuiteRunner.runSequentially(SuiteRunner.java:375)
	at org.testng.SuiteRunner.privateRun(SuiteRunner.java:340)
	at org.testng.SuiteRunner.run(SuiteRunner.java:289)
	at org.testng.SuiteRunnerWorker.runSuite(SuiteRunnerWorker.java:52)
	at org.testng.SuiteRunnerWorker.run(SuiteRunnerWorker.java:86)
	at org.testng.TestNG.runSuitesSequentially(TestNG.java:1301)
	at org.testng.TestNG.runSuitesLocally(TestNG.java:1226)
	at org.testng.TestNG.runSuites(TestNG.java:1144)
	at org.testng.TestNG.run(TestNG.java:1115)
	at org.testng.remote.AbstractRemoteTestNG.run(AbstractRemoteTestNG.java:114)
	at org.testng.remote.RemoteTestNG.initAndRun(RemoteTestNG.java:251)
	at org.testng.remote.RemoteTestNG.main(RemoteTestNG.java:77)
]]>
            </full-stacktrace>
          </exception> <!-- org.testng.internal.reflect.MethodMatcherException -->
          <reporter-output>
          </reporter-output>
        </test-method> <!-- sepDefineSectionTest -->
        <test-method status="PASS" signature="tearDown()[pri:0, instance:work.myimss.test.testcases.SepDefineSectionTest@25fb8912]" name="tearDown" is-config="true" duration-ms="1" started-at="2019-10-30T16:47:54Z" finished-at="2019-10-30T16:47:54Z">
          <reporter-output>
          </reporter-output>
        </test-method> <!-- tearDown -->
      </class> <!-- work.myimss.test.testcases.SepDefineSectionTest -->
    </test> <!-- Sep Define Section Test -->
  </suite> <!-- Data Driven Basics -->
</testng-results>
